12:44:32.040  INFO  manager.ApplicationManager - All tests start in Chrome Browser
12:44:32.961  INFO  manager.ApplicationManager - Current url -->https://telranedu.web.app/home
12:44:32.978  INFO  tests.TestBase - The name of method is -->registrationSuccess
12:44:32.979  INFO  manager.ListenerWD - Before find elements --> By.xpath: //button[text()='Sign Out']
12:44:38.037  INFO  manager.ListenerWD - After find elements --> By.xpath: //button[text()='Sign Out']
12:44:38.039  INFO  manager.ListenerWD - List size is --> 0
12:44:38.041  INFO  manager.ListenerWD - Before find element --> By.cssSelector: a[href='/login']
12:44:38.058  INFO  manager.ListenerWD - After find element --> By.cssSelector: a[href='/login']
12:44:38.097  INFO  manager.ListenerWD - Before find element --> By.cssSelector: input[name='email']
12:44:38.111  INFO  manager.ListenerWD - After find element --> By.cssSelector: input[name='email']
12:44:38.201  INFO  manager.ListenerWD - Before find element --> By.cssSelector: input[name='password']
12:44:38.216  INFO  manager.ListenerWD - After find element --> By.cssSelector: input[name='password']
12:44:38.293  INFO  manager.ListenerWD - Before find element --> By.cssSelector: [name='registration']
12:44:38.307  INFO  manager.ListenerWD - After find element --> By.cssSelector: [name='registration']
12:44:38.344  INFO  manager.ListenerWD - Before find elements --> By.xpath: //button[text()='Sign Out']
12:44:39.563  INFO  manager.ListenerWD - After find elements --> By.xpath: //button[text()='Sign Out']
12:44:39.563  INFO  manager.ListenerWD - List size is --> 1
12:44:39.568  INFO  tests.TestBase - The name of method is -->registrationUserAlreadyExists
12:44:39.569  INFO  manager.ListenerWD - Before find elements --> By.xpath: //button[text()='Sign Out']
12:44:39.579  INFO  manager.ListenerWD - After find elements --> By.xpath: //button[text()='Sign Out']
12:44:39.580  INFO  manager.ListenerWD - List size is --> 1
12:44:39.580  INFO  manager.ListenerWD - Before find element --> By.xpath: //button[text()='Sign Out']
12:44:39.594  INFO  manager.ListenerWD - After find element --> By.xpath: //button[text()='Sign Out']
12:44:39.631  INFO  manager.ListenerWD - Before find element --> By.cssSelector: a[href='/login']
12:44:39.642  INFO  manager.ListenerWD - After find element --> By.cssSelector: a[href='/login']
12:44:39.664  INFO  manager.ListenerWD - Before find element --> By.cssSelector: input[name='email']
12:44:39.674  INFO  manager.ListenerWD - After find element --> By.cssSelector: input[name='email']
12:44:39.755  INFO  manager.ListenerWD - Before find element --> By.cssSelector: input[name='password']
12:44:39.765  INFO  manager.ListenerWD - After find element --> By.cssSelector: input[name='password']
12:44:39.841  INFO  manager.ListenerWD - Before find element --> By.cssSelector: [name='registration']
12:44:39.851  INFO  manager.ListenerWD - After find element --> By.cssSelector: [name='registration']
12:44:39.886  INFO  manager.ListenerWD - Before find elements --> By.xpath: //button[text()='Sign Out']
12:44:40.102  INFO  manager.ListenerWD - After find elements --> By.xpath: //button[text()='Sign Out']
12:44:40.102  INFO  manager.ListenerWD - List size is --> 0
12:44:40.115  INFO  tests.TestBase - The name of method is -->registrationWrongEmail
12:44:40.115  INFO  manager.ListenerWD - Before find elements --> By.xpath: //button[text()='Sign Out']
12:44:45.167  INFO  manager.ListenerWD - After find elements --> By.xpath: //button[text()='Sign Out']
12:44:45.168  INFO  manager.ListenerWD - List size is --> 0
12:44:45.168  INFO  manager.ListenerWD - Before find element --> By.cssSelector: a[href='/login']
12:44:45.177  INFO  manager.ListenerWD - After find element --> By.cssSelector: a[href='/login']
12:44:45.197  INFO  manager.ListenerWD - Before find element --> By.cssSelector: input[name='email']
12:44:45.207  INFO  manager.ListenerWD - After find element --> By.cssSelector: input[name='email']
12:44:45.301  INFO  manager.ListenerWD - Before find element --> By.cssSelector: input[name='password']
12:44:45.310  INFO  manager.ListenerWD - After find element --> By.cssSelector: input[name='password']
12:44:45.405  INFO  manager.ListenerWD - Before find element --> By.cssSelector: [name='registration']
12:44:45.413  INFO  manager.ListenerWD - After find element --> By.cssSelector: [name='registration']
12:44:45.449  INFO  manager.ListenerWD - Before find elements --> By.xpath: //button[text()='Sign Out']
12:44:45.665  INFO  manager.ListenerWD - After find elements --> By.xpath: //button[text()='Sign Out']
12:44:45.665  INFO  manager.ListenerWD - List size is --> 0
12:44:45.675  INFO  tests.TestBase - The name of method is -->registrationWrongPassword
12:44:45.676  INFO  manager.ListenerWD - Before find elements --> By.xpath: //button[text()='Sign Out']
12:44:50.727  INFO  manager.ListenerWD - After find elements --> By.xpath: //button[text()='Sign Out']
12:44:50.727  INFO  manager.ListenerWD - List size is --> 0
12:44:50.727  INFO  manager.ListenerWD - Before find element --> By.cssSelector: a[href='/login']
12:44:50.735  INFO  manager.ListenerWD - After find element --> By.cssSelector: a[href='/login']
12:44:50.751  INFO  manager.ListenerWD - Before find element --> By.cssSelector: input[name='email']
12:44:50.760  INFO  manager.ListenerWD - After find element --> By.cssSelector: input[name='email']
12:44:50.848  INFO  manager.ListenerWD - Before find element --> By.cssSelector: input[name='password']
12:44:50.857  INFO  manager.ListenerWD - After find element --> By.cssSelector: input[name='password']
12:44:50.936  INFO  manager.ListenerWD - Before find element --> By.cssSelector: [name='registration']
12:44:50.945  INFO  manager.ListenerWD - After find element --> By.cssSelector: [name='registration']
12:44:50.980  INFO  manager.ListenerWD - Before find elements --> By.xpath: //button[text()='Sign Out']
12:44:51.195  INFO  manager.ListenerWD - After find elements --> By.xpath: //button[text()='Sign Out']
12:44:51.195  INFO  manager.ListenerWD - List size is --> 0
