20:57:28.407  INFO  manager.ApplicationManager - All tests start in Chrome Browser
20:57:29.407  INFO  manager.ApplicationManager - Current url -->https://telranedu.web.app/home
20:57:29.409  INFO  manager.ListenerTNG - onStart name --> Nopackage
20:57:29.425  INFO  tests.TestBase - The name of method is -->registrationSuccess
20:57:29.426  INFO  manager.ListenerWD - Before find elements --> By.xpath: //button[text()='Sign Out']
20:57:34.441  INFO  manager.ListenerWD - After find elements --> By.xpath: //button[text()='Sign Out']
20:57:34.443  INFO  manager.ListenerWD - List size is --> 0
20:57:34.444  INFO  manager.ListenerTNG - onTestStart name --> registrationSuccess
20:57:34.448  INFO  manager.ListenerWD - Before find element --> By.cssSelector: a[href='/login']
20:57:34.465  INFO  manager.ListenerWD - After find element --> By.cssSelector: a[href='/login']
20:57:34.539  INFO  manager.ListenerWD - Before find element --> By.cssSelector: input[name='email']
20:57:34.553  INFO  manager.ListenerWD - After find element --> By.cssSelector: input[name='email']
20:57:34.639  INFO  manager.ListenerWD - Before find element --> By.cssSelector: input[name='password']
20:57:34.653  INFO  manager.ListenerWD - After find element --> By.cssSelector: input[name='password']
20:57:34.729  INFO  manager.ListenerWD - Before find element --> By.cssSelector: [name='registration']
20:57:34.744  INFO  manager.ListenerWD - After find element --> By.cssSelector: [name='registration']
20:57:34.782  INFO  manager.ListenerWD - Before find elements --> By.xpath: //button[text()='Sign Out']
20:57:36.161  INFO  manager.ListenerWD - After find elements --> By.xpath: //button[text()='Sign Out']
20:57:36.161  INFO  manager.ListenerWD - List size is --> 1
20:57:36.163  INFO  manager.ListenerTNG - onTestSuccess name --> registrationSuccess
20:57:36.165  INFO  tests.TestBase - The name of method is -->registrationUserAlreadyExists
20:57:36.165  INFO  manager.ListenerWD - Before find elements --> By.xpath: //button[text()='Sign Out']
20:57:36.176  INFO  manager.ListenerWD - After find elements --> By.xpath: //button[text()='Sign Out']
20:57:36.177  INFO  manager.ListenerWD - List size is --> 1
20:57:36.177  INFO  manager.ListenerWD - Before find element --> By.xpath: //button[text()='Sign Out']
20:57:36.190  INFO  manager.ListenerWD - After find element --> By.xpath: //button[text()='Sign Out']
20:57:36.229  INFO  manager.ListenerTNG - onTestStart name --> registrationUserAlreadyExists
20:57:36.229  INFO  manager.ListenerWD - Before find element --> By.cssSelector: a[href='/login']
20:57:36.239  INFO  manager.ListenerWD - After find element --> By.cssSelector: a[href='/login']
20:57:36.276  INFO  manager.ListenerWD - Before find element --> By.cssSelector: input[name='email']
20:57:36.286  INFO  manager.ListenerWD - After find element --> By.cssSelector: input[name='email']
20:57:36.368  INFO  manager.ListenerWD - Before find element --> By.cssSelector: input[name='password']
20:57:36.378  INFO  manager.ListenerWD - After find element --> By.cssSelector: input[name='password']
20:57:36.457  INFO  manager.ListenerWD - Before find element --> By.cssSelector: [name='registration']
20:57:36.466  INFO  manager.ListenerWD - After find element --> By.cssSelector: [name='registration']
20:57:36.502  INFO  manager.ListenerWD - Before find elements --> By.xpath: //button[text()='Sign Out']
20:57:36.717  INFO  manager.ListenerWD - After find elements --> By.xpath: //button[text()='Sign Out']
20:57:36.717  INFO  manager.ListenerWD - List size is --> 0
20:57:36.728  INFO  manager.ListenerTNG - onTestSuccess name --> registrationUserAlreadyExists
20:57:36.729  INFO  tests.TestBase - The name of method is -->registrationWrongEmail
20:57:36.729  INFO  manager.ListenerWD - Before find elements --> By.xpath: //button[text()='Sign Out']
20:57:41.735  INFO  manager.ListenerWD - After find elements --> By.xpath: //button[text()='Sign Out']
20:57:41.735  INFO  manager.ListenerWD - List size is --> 0
20:57:41.735  INFO  manager.ListenerTNG - onTestStart name --> registrationWrongEmail
20:57:41.735  INFO  manager.ListenerWD - Before find element --> By.cssSelector: a[href='/login']
20:57:41.744  INFO  manager.ListenerWD - After find element --> By.cssSelector: a[href='/login']
20:57:41.770  INFO  manager.ListenerWD - Before find element --> By.cssSelector: input[name='email']
20:57:41.780  INFO  manager.ListenerWD - After find element --> By.cssSelector: input[name='email']
20:57:41.871  INFO  manager.ListenerWD - Before find element --> By.cssSelector: input[name='password']
20:57:41.880  INFO  manager.ListenerWD - After find element --> By.cssSelector: input[name='password']
20:57:41.966  INFO  manager.ListenerWD - Before find element --> By.cssSelector: [name='registration']
20:57:41.975  INFO  manager.ListenerWD - After find element --> By.cssSelector: [name='registration']
20:57:42.009  INFO  manager.ListenerWD - Before find elements --> By.xpath: //button[text()='Sign Out']
20:57:42.224  INFO  manager.ListenerWD - After find elements --> By.xpath: //button[text()='Sign Out']
20:57:42.224  INFO  manager.ListenerWD - List size is --> 0
20:57:42.236  INFO  manager.ListenerTNG - onTestSuccess name --> registrationWrongEmail
20:57:42.237  INFO  tests.TestBase - The name of method is -->registrationWrongPassword
20:57:42.237  INFO  manager.ListenerWD - Before find elements --> By.xpath: //button[text()='Sign Out']
20:57:47.241  INFO  manager.ListenerWD - After find elements --> By.xpath: //button[text()='Sign Out']
20:57:47.241  INFO  manager.ListenerWD - List size is --> 0
20:57:47.241  INFO  manager.ListenerTNG - onTestStart name --> registrationWrongPassword
20:57:47.242  INFO  manager.ListenerWD - Before find element --> By.cssSelector: a[href='/login']
20:57:47.250  INFO  manager.ListenerWD - After find element --> By.cssSelector: a[href='/login']
20:57:47.277  INFO  manager.ListenerWD - Before find element --> By.cssSelector: input[name='email']
20:57:47.286  INFO  manager.ListenerWD - After find element --> By.cssSelector: input[name='email']
20:57:47.376  INFO  manager.ListenerWD - Before find element --> By.cssSelector: input[name='password']
20:57:47.385  INFO  manager.ListenerWD - After find element --> By.cssSelector: input[name='password']
20:57:47.467  INFO  manager.ListenerWD - Before find element --> By.cssSelector: [name='registration']
20:57:47.477  INFO  manager.ListenerWD - After find element --> By.cssSelector: [name='registration']
20:57:47.510  INFO  manager.ListenerWD - Before find elements --> By.xpath: //button[text()='Sign Out']
20:57:47.724  INFO  manager.ListenerWD - After find elements --> By.xpath: //button[text()='Sign Out']
20:57:47.724  INFO  manager.ListenerWD - List size is --> 0
20:57:47.735  INFO  manager.ListenerTNG - onTestSuccess name --> registrationWrongPassword
20:57:47.737  INFO  tests.TestBase - The name of method is -->addNewContactAddressBlank
20:57:47.738  INFO  manager.ListenerWD - Before find elements --> By.xpath: //button[text()='Sign Out']
20:57:52.790  INFO  manager.ListenerWD - After find elements --> By.xpath: //button[text()='Sign Out']
20:57:52.791  INFO  manager.ListenerWD - List size is --> 0
20:57:52.791  INFO  manager.ListenerWD - Before find element --> By.cssSelector: a[href='/login']
20:57:52.799  INFO  manager.ListenerWD - After find element --> By.cssSelector: a[href='/login']
20:57:52.824  INFO  manager.ListenerWD - Before find element --> By.cssSelector: input[name='email']
20:57:52.832  INFO  manager.ListenerWD - After find element --> By.cssSelector: input[name='email']
20:57:52.920  INFO  manager.ListenerWD - Before find element --> By.cssSelector: input[name='password']
20:57:52.930  INFO  manager.ListenerWD - After find element --> By.cssSelector: input[name='password']
20:57:53.010  INFO  manager.ListenerWD - Before find element --> By.cssSelector: button[name='login']
20:57:53.022  INFO  manager.ListenerWD - After find element --> By.cssSelector: button[name='login']
20:57:53.060  INFO  manager.ListenerTNG - onTestStart name --> addNewContactAddressBlank
20:57:53.062  INFO  tests.TestBase - Test started with address:  
20:57:53.062  INFO  manager.ListenerWD - Before find element --> By.xpath: //a[@href='/add']
20:57:53.548  INFO  manager.ListenerWD - After find element --> By.xpath: //a[@href='/add']
20:57:53.586  INFO  manager.ListenerWD - Before find element --> By.cssSelector: input[placeholder='Name']
20:57:53.597  INFO  manager.ListenerWD - After find element --> By.cssSelector: input[placeholder='Name']
20:57:53.669  INFO  manager.ListenerWD - Before find element --> By.cssSelector: input[placeholder='Last Name']
20:57:53.680  INFO  manager.ListenerWD - After find element --> By.cssSelector: input[placeholder='Last Name']
20:57:53.755  INFO  manager.ListenerWD - Before find element --> By.cssSelector: input[placeholder='Phone']
20:57:53.768  INFO  manager.ListenerWD - After find element --> By.cssSelector: input[placeholder='Phone']
20:57:53.847  INFO  manager.ListenerWD - Before find element --> By.cssSelector: input[placeholder='email']
20:57:53.859  INFO  manager.ListenerWD - After find element --> By.cssSelector: input[placeholder='email']
20:57:53.941  INFO  manager.ListenerWD - Before find element --> By.cssSelector: input[placeholder='Address']
20:57:53.953  INFO  manager.ListenerWD - After find element --> By.cssSelector: input[placeholder='Address']
20:57:54.025  INFO  manager.ListenerWD - Before find element --> By.cssSelector: input[placeholder='description']
20:57:54.036  INFO  manager.ListenerWD - After find element --> By.cssSelector: input[placeholder='description']
20:57:54.115  INFO  manager.ListenerWD - Before find element --> By.xpath: //b[text()='Save']
20:57:54.127  INFO  manager.ListenerWD - After find element --> By.xpath: //b[text()='Save']
20:57:54.162  INFO  manager.ListenerWD - Before find elements --> By.cssSelector: a[href='/add'][class='active']
20:57:54.174  INFO  manager.ListenerWD - After find elements --> By.cssSelector: a[href='/add'][class='active']
20:57:54.174  INFO  manager.ListenerWD - List size is --> 1
20:57:54.174  INFO  tests.TestBase - Test passed with success
20:57:54.174  INFO  manager.ListenerTNG - onTestSuccess name --> addNewContactAddressBlank
20:57:54.175  INFO  tests.TestBase - The name of method is -->addNewContactAddressNull
20:57:54.175  INFO  manager.ListenerWD - Before find elements --> By.xpath: //button[text()='Sign Out']
20:57:54.183  INFO  manager.ListenerWD - After find elements --> By.xpath: //button[text()='Sign Out']
20:57:54.183  INFO  manager.ListenerWD - List size is --> 1
20:57:54.183  INFO  manager.ListenerTNG - onTestStart name --> addNewContactAddressNull
20:57:54.184  INFO  tests.TestBase - Test started with address: 
20:57:54.184  INFO  manager.ListenerWD - Before find element --> By.xpath: //a[@href='/add']
20:57:54.192  INFO  manager.ListenerWD - After find element --> By.xpath: //a[@href='/add']
20:57:54.222  INFO  manager.ListenerWD - Before find element --> By.cssSelector: input[placeholder='Name']
20:57:54.238  INFO  manager.ListenerWD - After find element --> By.cssSelector: input[placeholder='Name']
20:57:54.300  INFO  manager.ListenerWD - Before find element --> By.cssSelector: input[placeholder='Last Name']
20:57:54.307  INFO  manager.ListenerWD - After find element --> By.cssSelector: input[placeholder='Last Name']
20:57:54.364  INFO  manager.ListenerWD - Before find element --> By.cssSelector: input[placeholder='Phone']
20:57:54.373  INFO  manager.ListenerWD - After find element --> By.cssSelector: input[placeholder='Phone']
20:57:54.434  INFO  manager.ListenerWD - Before find element --> By.cssSelector: input[placeholder='email']
20:57:54.443  INFO  manager.ListenerWD - After find element --> By.cssSelector: input[placeholder='email']
20:57:54.508  INFO  manager.ListenerWD - Before find element --> By.cssSelector: input[placeholder='Address']
20:57:54.516  INFO  manager.ListenerWD - After find element --> By.cssSelector: input[placeholder='Address']
20:57:54.570  INFO  manager.ListenerWD - Before find element --> By.cssSelector: input[placeholder='description']
20:57:54.577  INFO  manager.ListenerWD - After find element --> By.cssSelector: input[placeholder='description']
20:57:54.639  INFO  manager.ListenerWD - Before find element --> By.xpath: //b[text()='Save']
20:57:54.647  INFO  manager.ListenerWD - After find element --> By.xpath: //b[text()='Save']
20:57:54.670  INFO  manager.ListenerWD - Before find elements --> By.cssSelector: a[href='/add'][class='active']
20:57:54.678  INFO  manager.ListenerWD - After find elements --> By.cssSelector: a[href='/add'][class='active']
20:57:54.678  INFO  manager.ListenerWD - List size is --> 1
20:57:54.678  INFO  tests.TestBase - Test passed with success
20:57:54.679  INFO  manager.ListenerTNG - onTestSuccess name --> addNewContactAddressNull
20:57:54.679  INFO  tests.TestBase - The name of method is -->addNewContactBlankEmail
20:57:54.679  INFO  manager.ListenerWD - Before find elements --> By.xpath: //button[text()='Sign Out']
20:57:54.687  INFO  manager.ListenerWD - After find elements --> By.xpath: //button[text()='Sign Out']
20:57:54.687  INFO  manager.ListenerWD - List size is --> 1
20:57:54.687  INFO  manager.ListenerTNG - onTestStart name --> addNewContactBlankEmail
20:57:54.688  INFO  tests.TestBase - Test started with email:  
20:57:54.688  INFO  manager.ListenerWD - Before find element --> By.xpath: //a[@href='/add']
20:57:54.695  INFO  manager.ListenerWD - After find element --> By.xpath: //a[@href='/add']
20:57:54.720  INFO  manager.ListenerWD - Before find element --> By.cssSelector: input[placeholder='Name']
20:57:54.728  INFO  manager.ListenerWD - After find element --> By.cssSelector: input[placeholder='Name']
20:57:54.786  INFO  manager.ListenerWD - Before find element --> By.cssSelector: input[placeholder='Last Name']
20:57:54.794  INFO  manager.ListenerWD - After find element --> By.cssSelector: input[placeholder='Last Name']
20:57:54.848  INFO  manager.ListenerWD - Before find element --> By.cssSelector: input[placeholder='Phone']
20:57:54.856  INFO  manager.ListenerWD - After find element --> By.cssSelector: input[placeholder='Phone']
20:57:54.913  INFO  manager.ListenerWD - Before find element --> By.cssSelector: input[placeholder='email']
20:57:54.920  INFO  manager.ListenerWD - After find element --> By.cssSelector: input[placeholder='email']
20:57:54.973  INFO  manager.ListenerWD - Before find element --> By.cssSelector: input[placeholder='Address']
20:57:54.981  INFO  manager.ListenerWD - After find element --> By.cssSelector: input[placeholder='Address']
20:57:55.040  INFO  manager.ListenerWD - Before find element --> By.cssSelector: input[placeholder='description']
20:57:55.048  INFO  manager.ListenerWD - After find element --> By.cssSelector: input[placeholder='description']
20:57:55.111  INFO  manager.ListenerWD - Before find element --> By.xpath: //b[text()='Save']
20:57:55.119  INFO  manager.ListenerWD - After find element --> By.xpath: //b[text()='Save']
20:57:55.148  INFO  manager.ListenerWD - Test ends with error
20:57:55.148  INFO  manager.ListenerWD - ===================================
20:57:55.148  INFO  manager.ListenerWD - Method name--> alert
20:57:55.148  INFO  manager.ListenerWD - ===================================
20:57:55.149  INFO  manager.ListenerWD - InvocationTargetException cause--> org.openqa.selenium.NoAlertPresentException: no such alert
  (Session info: chrome=109.0.5414.120)
Build info: version: '4.7.1', revision: 'c6795baf1a3'
System info: os.name: 'Windows 10', os.arch: 'amd64', os.version: '10.0', java.version: '11.0.17'
Driver info: org.openqa.selenium.chrome.ChromeDriver
Command: [53aa68302cbc7287d67d63d6efb48623, getAlertText {}]
Capabilities {acceptInsecureCerts: false, browserName: chrome, browserVersion: 109.0.5414.120, chrome: {chromedriverVersion: 109.0.5414.74 (e7c5703604da..., userDataDir: C:\Users\User\AppData\Local...}, goog:chromeOptions: {debuggerAddress: localhost:57448}, networkConnectionEnabled: false, pageLoadStrategy: normal, platformName: WINDOWS, proxy: Proxy(), se:cdp: ws://localhost:57448/devtoo..., se:cdpVersion: 109.0.5414.120, setWindowRect: true, strictFileInteractability: false, timeouts: {implicit: 0, pageLoad: 300000, script: 30000}, unhandledPromptBehavior: dismiss and notify, webauthn:extension:credBlob: true, webauthn:extension:largeBlob: true, webauthn:virtualAuthenticators: true}
Session ID: 53aa68302cbc7287d67d63d6efb48623
20:57:55.149  INFO  manager.ListenerWD - ===================================
20:57:55.149  INFO  manager.ListenerWD - Object target --> org.openqa.selenium.remote.RemoteWebDriver$RemoteTargetLocator@7b5021d1
20:57:55.149  INFO  manager.ListenerWD - ===================================
20:57:55.663  INFO  tests.TestBase - Test passed with success
20:57:55.663  INFO  manager.ListenerTNG - onTestSuccess name --> addNewContactBlankEmail
20:57:55.664  INFO  tests.TestBase - The name of method is -->addNewContactBlankLastName
20:57:55.664  INFO  manager.ListenerWD - Before find elements --> By.xpath: //button[text()='Sign Out']
20:57:55.672  INFO  manager.ListenerWD - After find elements --> By.xpath: //button[text()='Sign Out']
20:57:55.672  INFO  manager.ListenerWD - List size is --> 1
20:57:55.672  INFO  manager.ListenerTNG - onTestStart name --> addNewContactBlankLastName
20:57:55.672  INFO  tests.TestBase - Test started with last name:  
20:57:55.673  INFO  manager.ListenerWD - Before find element --> By.xpath: //a[@href='/add']
20:57:55.680  INFO  manager.ListenerWD - After find element --> By.xpath: //a[@href='/add']
20:57:55.706  INFO  manager.ListenerWD - Before find element --> By.cssSelector: input[placeholder='Name']
20:57:55.714  INFO  manager.ListenerWD - After find element --> By.cssSelector: input[placeholder='Name']
20:57:55.771  INFO  manager.ListenerWD - Before find element --> By.cssSelector: input[placeholder='Last Name']
20:57:55.779  INFO  manager.ListenerWD - After find element --> By.cssSelector: input[placeholder='Last Name']
20:57:55.834  INFO  manager.ListenerWD - Before find element --> By.cssSelector: input[placeholder='Phone']
20:57:55.842  INFO  manager.ListenerWD - After find element --> By.cssSelector: input[placeholder='Phone']
20:57:55.897  INFO  manager.ListenerWD - Before find element --> By.cssSelector: input[placeholder='email']
20:57:55.905  INFO  manager.ListenerWD - After find element --> By.cssSelector: input[placeholder='email']
20:57:55.964  INFO  manager.ListenerWD - Before find element --> By.cssSelector: input[placeholder='Address']
20:57:55.973  INFO  manager.ListenerWD - After find element --> By.cssSelector: input[placeholder='Address']
20:57:56.030  INFO  manager.ListenerWD - Before find element --> By.cssSelector: input[placeholder='description']
20:57:56.037  INFO  manager.ListenerWD - After find element --> By.cssSelector: input[placeholder='description']
20:57:56.096  INFO  manager.ListenerWD - Before find element --> By.xpath: //b[text()='Save']
20:57:56.103  INFO  manager.ListenerWD - After find element --> By.xpath: //b[text()='Save']
20:57:56.126  INFO  manager.ListenerWD - Before find elements --> By.cssSelector: a[href='/add'][class='active']
20:57:56.133  INFO  manager.ListenerWD - After find elements --> By.cssSelector: a[href='/add'][class='active']
20:57:56.134  INFO  manager.ListenerWD - List size is --> 1
20:57:56.134  INFO  tests.TestBase - Test passed with success
20:57:56.134  INFO  manager.ListenerTNG - onTestSuccess name --> addNewContactBlankLastName
20:57:56.134  INFO  tests.TestBase - The name of method is -->addNewContactBlankName
20:57:56.135  INFO  manager.ListenerWD - Before find elements --> By.xpath: //button[text()='Sign Out']
20:57:56.142  INFO  manager.ListenerWD - After find elements --> By.xpath: //button[text()='Sign Out']
20:57:56.143  INFO  manager.ListenerWD - List size is --> 1
20:57:56.143  INFO  manager.ListenerTNG - onTestStart name --> addNewContactBlankName
20:57:56.143  INFO  tests.TestBase - Test started with name:  
20:57:56.143  INFO  manager.ListenerWD - Before find element --> By.xpath: //a[@href='/add']
20:57:56.151  INFO  manager.ListenerWD - After find element --> By.xpath: //a[@href='/add']
20:57:56.174  INFO  manager.ListenerWD - Before find element --> By.cssSelector: input[placeholder='Name']
20:57:56.183  INFO  manager.ListenerWD - After find element --> By.cssSelector: input[placeholder='Name']
20:57:56.240  INFO  manager.ListenerWD - Before find element --> By.cssSelector: input[placeholder='Last Name']
20:57:56.248  INFO  manager.ListenerWD - After find element --> By.cssSelector: input[placeholder='Last Name']
20:57:56.302  INFO  manager.ListenerWD - Before find element --> By.cssSelector: input[placeholder='Phone']
20:57:56.310  INFO  manager.ListenerWD - After find element --> By.cssSelector: input[placeholder='Phone']
20:57:56.365  INFO  manager.ListenerWD - Before find element --> By.cssSelector: input[placeholder='email']
20:57:56.372  INFO  manager.ListenerWD - After find element --> By.cssSelector: input[placeholder='email']
20:57:56.432  INFO  manager.ListenerWD - Before find element --> By.cssSelector: input[placeholder='Address']
20:57:56.439  INFO  manager.ListenerWD - After find element --> By.cssSelector: input[placeholder='Address']
20:57:56.497  INFO  manager.ListenerWD - Before find element --> By.cssSelector: input[placeholder='description']
20:57:56.504  INFO  manager.ListenerWD - After find element --> By.cssSelector: input[placeholder='description']
20:57:56.561  INFO  manager.ListenerWD - Before find element --> By.xpath: //b[text()='Save']
20:57:56.568  INFO  manager.ListenerWD - After find element --> By.xpath: //b[text()='Save']
20:57:56.590  INFO  manager.ListenerWD - Before find elements --> By.cssSelector: a[href='/add'][class='active']
20:57:56.597  INFO  manager.ListenerWD - After find elements --> By.cssSelector: a[href='/add'][class='active']
20:57:56.597  INFO  manager.ListenerWD - List size is --> 1
20:57:56.597  INFO  tests.TestBase - Test passed with success
20:57:56.598  INFO  manager.ListenerTNG - onTestSuccess name --> addNewContactBlankName
20:57:56.598  INFO  tests.TestBase - The name of method is -->addNewContactMinimumCharAfterAtEmail
20:57:56.598  INFO  manager.ListenerWD - Before find elements --> By.xpath: //button[text()='Sign Out']
20:57:56.605  INFO  manager.ListenerWD - After find elements --> By.xpath: //button[text()='Sign Out']
20:57:56.605  INFO  manager.ListenerWD - List size is --> 1
20:57:56.605  INFO  manager.ListenerTNG - onTestStart name --> addNewContactMinimumCharAfterAtEmail
20:57:56.606  INFO  tests.TestBase - Test started with email: alinaw1058@
20:57:56.606  INFO  manager.ListenerWD - Before find element --> By.xpath: //a[@href='/add']
20:57:56.613  INFO  manager.ListenerWD - After find element --> By.xpath: //a[@href='/add']
20:57:56.637  INFO  manager.ListenerWD - Before find element --> By.cssSelector: input[placeholder='Name']
20:57:56.644  INFO  manager.ListenerWD - After find element --> By.cssSelector: input[placeholder='Name']
20:57:56.700  INFO  manager.ListenerWD - Before find element --> By.cssSelector: input[placeholder='Last Name']
20:57:56.707  INFO  manager.ListenerWD - After find element --> By.cssSelector: input[placeholder='Last Name']
20:57:56.763  INFO  manager.ListenerWD - Before find element --> By.cssSelector: input[placeholder='Phone']
20:57:56.770  INFO  manager.ListenerWD - After find element --> By.cssSelector: input[placeholder='Phone']
20:57:56.831  INFO  manager.ListenerWD - Before find element --> By.cssSelector: input[placeholder='email']
20:57:56.838  INFO  manager.ListenerWD - After find element --> By.cssSelector: input[placeholder='email']
20:57:56.895  INFO  manager.ListenerWD - Before find element --> By.cssSelector: input[placeholder='Address']
20:57:56.903  INFO  manager.ListenerWD - After find element --> By.cssSelector: input[placeholder='Address']
20:57:56.964  INFO  manager.ListenerWD - Before find element --> By.cssSelector: input[placeholder='description']
20:57:56.973  INFO  manager.ListenerWD - After find element --> By.cssSelector: input[placeholder='description']
20:57:57.032  INFO  manager.ListenerWD - Before find element --> By.xpath: //b[text()='Save']
20:57:57.040  INFO  manager.ListenerWD - After find element --> By.xpath: //b[text()='Save']
20:57:57.066  INFO  manager.ListenerWD - Test ends with error
20:57:57.066  INFO  manager.ListenerWD - ===================================
20:57:57.066  INFO  manager.ListenerWD - Method name--> alert
20:57:57.066  INFO  manager.ListenerWD - ===================================
20:57:57.066  INFO  manager.ListenerWD - InvocationTargetException cause--> org.openqa.selenium.NoAlertPresentException: no such alert
  (Session info: chrome=109.0.5414.120)
Build info: version: '4.7.1', revision: 'c6795baf1a3'
System info: os.name: 'Windows 10', os.arch: 'amd64', os.version: '10.0', java.version: '11.0.17'
Driver info: org.openqa.selenium.chrome.ChromeDriver
Command: [53aa68302cbc7287d67d63d6efb48623, getAlertText {}]
Capabilities {acceptInsecureCerts: false, browserName: chrome, browserVersion: 109.0.5414.120, chrome: {chromedriverVersion: 109.0.5414.74 (e7c5703604da..., userDataDir: C:\Users\User\AppData\Local...}, goog:chromeOptions: {debuggerAddress: localhost:57448}, networkConnectionEnabled: false, pageLoadStrategy: normal, platformName: WINDOWS, proxy: Proxy(), se:cdp: ws://localhost:57448/devtoo..., se:cdpVersion: 109.0.5414.120, setWindowRect: true, strictFileInteractability: false, timeouts: {implicit: 0, pageLoad: 300000, script: 30000}, unhandledPromptBehavior: dismiss and notify, webauthn:extension:credBlob: true, webauthn:extension:largeBlob: true, webauthn:virtualAuthenticators: true}
Session ID: 53aa68302cbc7287d67d63d6efb48623
20:57:57.066  INFO  manager.ListenerWD - ===================================
20:57:57.066  INFO  manager.ListenerWD - Object target --> org.openqa.selenium.remote.RemoteWebDriver$RemoteTargetLocator@1edf71d9
20:57:57.066  INFO  manager.ListenerWD - ===================================
20:57:57.579  INFO  tests.TestBase - Test passed with success
20:57:57.580  INFO  manager.ListenerTNG - onTestSuccess name --> addNewContactMinimumCharAfterAtEmail
20:57:57.580  INFO  tests.TestBase - The name of method is -->addNewContactMinimumCharBeforeAtEmail
20:57:57.580  INFO  manager.ListenerWD - Before find elements --> By.xpath: //button[text()='Sign Out']
20:57:57.587  INFO  manager.ListenerWD - After find elements --> By.xpath: //button[text()='Sign Out']
20:57:57.587  INFO  manager.ListenerWD - List size is --> 1
20:57:57.588  INFO  manager.ListenerTNG - onTestStart name --> addNewContactMinimumCharBeforeAtEmail
20:57:57.588  INFO  tests.TestBase - Test started with email: @gmail.com
20:57:57.588  INFO  manager.ListenerWD - Before find element --> By.xpath: //a[@href='/add']
20:57:57.595  INFO  manager.ListenerWD - After find element --> By.xpath: //a[@href='/add']
20:57:57.619  INFO  manager.ListenerWD - Before find element --> By.cssSelector: input[placeholder='Name']
20:57:57.627  INFO  manager.ListenerWD - After find element --> By.cssSelector: input[placeholder='Name']
20:57:57.682  INFO  manager.ListenerWD - Before find element --> By.cssSelector: input[placeholder='Last Name']
20:57:57.689  INFO  manager.ListenerWD - After find element --> By.cssSelector: input[placeholder='Last Name']
20:57:57.743  INFO  manager.ListenerWD - Before find element --> By.cssSelector: input[placeholder='Phone']
20:57:57.751  INFO  manager.ListenerWD - After find element --> By.cssSelector: input[placeholder='Phone']
20:57:57.807  INFO  manager.ListenerWD - Before find element --> By.cssSelector: input[placeholder='email']
20:57:57.814  INFO  manager.ListenerWD - After find element --> By.cssSelector: input[placeholder='email']
20:57:57.869  INFO  manager.ListenerWD - Before find element --> By.cssSelector: input[placeholder='Address']
20:57:57.877  INFO  manager.ListenerWD - After find element --> By.cssSelector: input[placeholder='Address']
20:57:57.933  INFO  manager.ListenerWD - Before find element --> By.cssSelector: input[placeholder='description']
20:57:57.940  INFO  manager.ListenerWD - After find element --> By.cssSelector: input[placeholder='description']
20:57:57.999  INFO  manager.ListenerWD - Before find element --> By.xpath: //b[text()='Save']
20:57:58.007  INFO  manager.ListenerWD - After find element --> By.xpath: //b[text()='Save']
20:57:58.031  INFO  manager.ListenerWD - Test ends with error
20:57:58.032  INFO  manager.ListenerWD - ===================================
20:57:58.032  INFO  manager.ListenerWD - Method name--> alert
20:57:58.032  INFO  manager.ListenerWD - ===================================
20:57:58.032  INFO  manager.ListenerWD - InvocationTargetException cause--> org.openqa.selenium.NoAlertPresentException: no such alert
  (Session info: chrome=109.0.5414.120)
Build info: version: '4.7.1', revision: 'c6795baf1a3'
System info: os.name: 'Windows 10', os.arch: 'amd64', os.version: '10.0', java.version: '11.0.17'
Driver info: org.openqa.selenium.chrome.ChromeDriver
Command: [53aa68302cbc7287d67d63d6efb48623, getAlertText {}]
Capabilities {acceptInsecureCerts: false, browserName: chrome, browserVersion: 109.0.5414.120, chrome: {chromedriverVersion: 109.0.5414.74 (e7c5703604da..., userDataDir: C:\Users\User\AppData\Local...}, goog:chromeOptions: {debuggerAddress: localhost:57448}, networkConnectionEnabled: false, pageLoadStrategy: normal, platformName: WINDOWS, proxy: Proxy(), se:cdp: ws://localhost:57448/devtoo..., se:cdpVersion: 109.0.5414.120, setWindowRect: true, strictFileInteractability: false, timeouts: {implicit: 0, pageLoad: 300000, script: 30000}, unhandledPromptBehavior: dismiss and notify, webauthn:extension:credBlob: true, webauthn:extension:largeBlob: true, webauthn:virtualAuthenticators: true}
Session ID: 53aa68302cbc7287d67d63d6efb48623
20:57:58.032  INFO  manager.ListenerWD - ===================================
20:57:58.032  INFO  manager.ListenerWD - Object target --> org.openqa.selenium.remote.RemoteWebDriver$RemoteTargetLocator@13dc6649
20:57:58.032  INFO  manager.ListenerWD - ===================================
20:57:58.545  INFO  tests.TestBase - Test passed with success
20:57:58.545  INFO  manager.ListenerTNG - onTestSuccess name --> addNewContactMinimumCharBeforeAtEmail
20:57:58.545  INFO  tests.TestBase - The name of method is -->addNewContactNullLastName
20:57:58.545  INFO  manager.ListenerWD - Before find elements --> By.xpath: //button[text()='Sign Out']
20:57:58.553  INFO  manager.ListenerWD - After find elements --> By.xpath: //button[text()='Sign Out']
20:57:58.553  INFO  manager.ListenerWD - List size is --> 1
20:57:58.554  INFO  manager.ListenerTNG - onTestStart name --> addNewContactNullLastName
20:57:58.554  INFO  tests.TestBase - Test started with last name: 
20:57:58.554  INFO  manager.ListenerWD - Before find element --> By.xpath: //a[@href='/add']
20:57:58.561  INFO  manager.ListenerWD - After find element --> By.xpath: //a[@href='/add']
20:57:58.585  INFO  manager.ListenerWD - Before find element --> By.cssSelector: input[placeholder='Name']
20:57:58.593  INFO  manager.ListenerWD - After find element --> By.cssSelector: input[placeholder='Name']
20:57:58.647  INFO  manager.ListenerWD - Before find element --> By.cssSelector: input[placeholder='Last Name']
20:57:58.655  INFO  manager.ListenerWD - After find element --> By.cssSelector: input[placeholder='Last Name']
20:57:58.705  INFO  manager.ListenerWD - Before find element --> By.cssSelector: input[placeholder='Phone']
20:57:58.713  INFO  manager.ListenerWD - After find element --> By.cssSelector: input[placeholder='Phone']
20:57:58.771  INFO  manager.ListenerWD - Before find element --> By.cssSelector: input[placeholder='email']
20:57:58.780  INFO  manager.ListenerWD - After find element --> By.cssSelector: input[placeholder='email']
20:57:58.839  INFO  manager.ListenerWD - Before find element --> By.cssSelector: input[placeholder='Address']
20:57:58.846  INFO  manager.ListenerWD - After find element --> By.cssSelector: input[placeholder='Address']
20:57:58.902  INFO  manager.ListenerWD - Before find element --> By.cssSelector: input[placeholder='description']
20:57:58.909  INFO  manager.ListenerWD - After find element --> By.cssSelector: input[placeholder='description']
20:57:58.965  INFO  manager.ListenerWD - Before find element --> By.xpath: //b[text()='Save']
20:57:58.973  INFO  manager.ListenerWD - After find element --> By.xpath: //b[text()='Save']
20:57:58.994  INFO  manager.ListenerWD - Before find elements --> By.cssSelector: a[href='/add'][class='active']
20:57:59.002  INFO  manager.ListenerWD - After find elements --> By.cssSelector: a[href='/add'][class='active']
20:57:59.002  INFO  manager.ListenerWD - List size is --> 1
20:57:59.002  INFO  tests.TestBase - Test passed with success
20:57:59.002  INFO  manager.ListenerTNG - onTestSuccess name --> addNewContactNullLastName
20:57:59.002  INFO  tests.TestBase - The name of method is -->addNewContactNullName
20:57:59.003  INFO  manager.ListenerWD - Before find elements --> By.xpath: //button[text()='Sign Out']
20:57:59.010  INFO  manager.ListenerWD - After find elements --> By.xpath: //button[text()='Sign Out']
20:57:59.010  INFO  manager.ListenerWD - List size is --> 1
20:57:59.010  INFO  manager.ListenerTNG - onTestStart name --> addNewContactNullName
20:57:59.011  INFO  tests.TestBase - Test started with name: 
20:57:59.011  INFO  manager.ListenerWD - Before find element --> By.xpath: //a[@href='/add']
20:57:59.018  INFO  manager.ListenerWD - After find element --> By.xpath: //a[@href='/add']
20:57:59.044  INFO  manager.ListenerWD - Before find element --> By.cssSelector: input[placeholder='Name']
20:57:59.052  INFO  manager.ListenerWD - After find element --> By.cssSelector: input[placeholder='Name']
20:57:59.102  INFO  manager.ListenerWD - Before find element --> By.cssSelector: input[placeholder='Last Name']
20:57:59.109  INFO  manager.ListenerWD - After find element --> By.cssSelector: input[placeholder='Last Name']
20:57:59.161  INFO  manager.ListenerWD - Before find element --> By.cssSelector: input[placeholder='Phone']
20:57:59.168  INFO  manager.ListenerWD - After find element --> By.cssSelector: input[placeholder='Phone']
20:57:59.206  INFO  manager.ListenerWD - Test ends with error
20:57:59.206  INFO  manager.ListenerWD - ===================================
20:57:59.206  INFO  manager.ListenerWD - Method name--> clear
20:57:59.206  INFO  manager.ListenerWD - ===================================
20:57:59.207  INFO  manager.ListenerWD - InvocationTargetException cause--> org.openqa.selenium.StaleElementReferenceException: stale element reference: element is not attached to the page document
  (Session info: chrome=109.0.5414.120)
For documentation on this error, please visit: https://selenium.dev/exceptions/#stale_element_reference
Build info: version: '4.7.1', revision: 'c6795baf1a3'
System info: os.name: 'Windows 10', os.arch: 'amd64', os.version: '10.0', java.version: '11.0.17'
Driver info: org.openqa.selenium.chrome.ChromeDriver
Command: [53aa68302cbc7287d67d63d6efb48623, clearElement {id=b2cfddae-5ca4-4866-ab62-40fbb30ef8a8}]
Capabilities {acceptInsecureCerts: false, browserName: chrome, browserVersion: 109.0.5414.120, chrome: {chromedriverVersion: 109.0.5414.74 (e7c5703604da..., userDataDir: C:\Users\User\AppData\Local...}, goog:chromeOptions: {debuggerAddress: localhost:57448}, networkConnectionEnabled: false, pageLoadStrategy: normal, platformName: WINDOWS, proxy: Proxy(), se:cdp: ws://localhost:57448/devtoo..., se:cdpVersion: 109.0.5414.120, setWindowRect: true, strictFileInteractability: false, timeouts: {implicit: 0, pageLoad: 300000, script: 30000}, unhandledPromptBehavior: dismiss and notify, webauthn:extension:credBlob: true, webauthn:extension:largeBlob: true, webauthn:virtualAuthenticators: true}
Element: [[ChromeDriver: chrome on WINDOWS (53aa68302cbc7287d67d63d6efb48623)] -> css selector: input[placeholder='Phone']]
Session ID: 53aa68302cbc7287d67d63d6efb48623
20:57:59.207  INFO  manager.ListenerWD - ===================================
20:57:59.207  INFO  manager.ListenerWD - Object target --> [[ChromeDriver: chrome on WINDOWS (53aa68302cbc7287d67d63d6efb48623)] -> css selector: input[placeholder='Phone']]
20:57:59.207  INFO  manager.ListenerWD - ===================================
20:57:59.208  INFO  manager.ListenerTNG - onTestFailure name --> addNewContactNullName
20:57:59.208  INFO  tests.TestBase - The name of method is -->addNewContactPhoneBlank
20:57:59.209  INFO  manager.ListenerWD - Before find elements --> By.xpath: //button[text()='Sign Out']
20:57:59.217  INFO  manager.ListenerWD - After find elements --> By.xpath: //button[text()='Sign Out']
20:57:59.217  INFO  manager.ListenerWD - List size is --> 1
20:57:59.217  INFO  manager.ListenerTNG - onTestStart name --> addNewContactPhoneBlank
20:57:59.217  INFO  tests.TestBase - Test started with phone:  
20:57:59.217  INFO  manager.ListenerWD - Before find element --> By.xpath: //a[@href='/add']
20:57:59.226  INFO  manager.ListenerWD - After find element --> By.xpath: //a[@href='/add']
20:57:59.254  INFO  manager.ListenerWD - Before find element --> By.cssSelector: input[placeholder='Name']
20:57:59.264  INFO  manager.ListenerWD - After find element --> By.cssSelector: input[placeholder='Name']
20:57:59.335  INFO  manager.ListenerWD - Before find element --> By.cssSelector: input[placeholder='Last Name']
20:57:59.343  INFO  manager.ListenerWD - After find element --> By.cssSelector: input[placeholder='Last Name']
20:57:59.406  INFO  manager.ListenerWD - Before find element --> By.cssSelector: input[placeholder='Phone']
20:57:59.413  INFO  manager.ListenerWD - After find element --> By.cssSelector: input[placeholder='Phone']
20:57:59.477  INFO  manager.ListenerWD - Before find element --> By.cssSelector: input[placeholder='email']
20:57:59.484  INFO  manager.ListenerWD - After find element --> By.cssSelector: input[placeholder='email']
20:57:59.565  INFO  manager.ListenerWD - Before find element --> By.cssSelector: input[placeholder='Address']
20:57:59.572  INFO  manager.ListenerWD - After find element --> By.cssSelector: input[placeholder='Address']
20:57:59.634  INFO  manager.ListenerWD - Before find element --> By.cssSelector: input[placeholder='description']
20:57:59.640  INFO  manager.ListenerWD - After find element --> By.cssSelector: input[placeholder='description']
20:57:59.712  INFO  manager.ListenerWD - Before find element --> By.xpath: //b[text()='Save']
20:57:59.719  INFO  manager.ListenerWD - After find element --> By.xpath: //b[text()='Save']
20:57:59.756  INFO  manager.ListenerWD - Test ends with error
20:57:59.756  INFO  manager.ListenerWD - ===================================
20:57:59.756  INFO  manager.ListenerWD - Method name--> alert
20:57:59.756  INFO  manager.ListenerWD - ===================================
20:57:59.756  INFO  manager.ListenerWD - InvocationTargetException cause--> org.openqa.selenium.NoAlertPresentException: no such alert
  (Session info: chrome=109.0.5414.120)
Build info: version: '4.7.1', revision: 'c6795baf1a3'
System info: os.name: 'Windows 10', os.arch: 'amd64', os.version: '10.0', java.version: '11.0.17'
Driver info: org.openqa.selenium.chrome.ChromeDriver
Command: [53aa68302cbc7287d67d63d6efb48623, getAlertText {}]
Capabilities {acceptInsecureCerts: false, browserName: chrome, browserVersion: 109.0.5414.120, chrome: {chromedriverVersion: 109.0.5414.74 (e7c5703604da..., userDataDir: C:\Users\User\AppData\Local...}, goog:chromeOptions: {debuggerAddress: localhost:57448}, networkConnectionEnabled: false, pageLoadStrategy: normal, platformName: WINDOWS, proxy: Proxy(), se:cdp: ws://localhost:57448/devtoo..., se:cdpVersion: 109.0.5414.120, setWindowRect: true, strictFileInteractability: false, timeouts: {implicit: 0, pageLoad: 300000, script: 30000}, unhandledPromptBehavior: dismiss and notify, webauthn:extension:credBlob: true, webauthn:extension:largeBlob: true, webauthn:virtualAuthenticators: true}
Session ID: 53aa68302cbc7287d67d63d6efb48623
20:57:59.756  INFO  manager.ListenerWD - ===================================
20:57:59.756  INFO  manager.ListenerWD - Object target --> org.openqa.selenium.remote.RemoteWebDriver$RemoteTargetLocator@6c75e3bc
20:57:59.756  INFO  manager.ListenerWD - ===================================
20:58:00.268  INFO  manager.ListenerWD - Before find elements --> By.cssSelector: a[href='/add'][class='active']
20:58:00.275  INFO  manager.ListenerWD - After find elements --> By.cssSelector: a[href='/add'][class='active']
20:58:00.275  INFO  manager.ListenerWD - List size is --> 1
20:58:00.275  INFO  tests.TestBase - Test passed with success
20:58:00.275  INFO  manager.ListenerTNG - onTestSuccess name --> addNewContactPhoneBlank
20:58:00.276  INFO  tests.TestBase - The name of method is -->addNewContactPhoneMaximumNumbers
20:58:00.276  INFO  manager.ListenerWD - Before find elements --> By.xpath: //button[text()='Sign Out']
20:58:00.284  INFO  manager.ListenerWD - After find elements --> By.xpath: //button[text()='Sign Out']
20:58:00.284  INFO  manager.ListenerWD - List size is --> 1
20:58:00.284  INFO  manager.ListenerTNG - onTestStart name --> addNewContactPhoneMaximumNumbers
20:58:00.284  INFO  tests.TestBase - Test started with phone: 08655555555555555555555
20:58:00.284  INFO  manager.ListenerWD - Before find element --> By.xpath: //a[@href='/add']
20:58:00.291  INFO  manager.ListenerWD - After find element --> By.xpath: //a[@href='/add']
20:58:00.316  INFO  manager.ListenerWD - Before find element --> By.cssSelector: input[placeholder='Name']
20:58:00.324  INFO  manager.ListenerWD - After find element --> By.cssSelector: input[placeholder='Name']
20:58:00.386  INFO  manager.ListenerWD - Before find element --> By.cssSelector: input[placeholder='Last Name']
20:58:00.393  INFO  manager.ListenerWD - After find element --> By.cssSelector: input[placeholder='Last Name']
20:58:00.450  INFO  manager.ListenerWD - Before find element --> By.cssSelector: input[placeholder='Phone']
20:58:00.457  INFO  manager.ListenerWD - After find element --> By.cssSelector: input[placeholder='Phone']
20:58:00.519  INFO  manager.ListenerWD - Before find element --> By.cssSelector: input[placeholder='email']
20:58:00.526  INFO  manager.ListenerWD - After find element --> By.cssSelector: input[placeholder='email']
20:58:00.586  INFO  manager.ListenerWD - Before find element --> By.cssSelector: input[placeholder='Address']
20:58:00.593  INFO  manager.ListenerWD - After find element --> By.cssSelector: input[placeholder='Address']
20:58:00.643  INFO  manager.ListenerWD - Before find element --> By.cssSelector: input[placeholder='description']
20:58:00.650  INFO  manager.ListenerWD - After find element --> By.cssSelector: input[placeholder='description']
20:58:00.712  INFO  manager.ListenerWD - Before find element --> By.xpath: //b[text()='Save']
20:58:00.719  INFO  manager.ListenerWD - After find element --> By.xpath: //b[text()='Save']
20:58:00.744  INFO  manager.ListenerWD - Test ends with error
20:58:00.744  INFO  manager.ListenerWD - ===================================
20:58:00.744  INFO  manager.ListenerWD - Method name--> alert
20:58:00.744  INFO  manager.ListenerWD - ===================================
20:58:00.744  INFO  manager.ListenerWD - InvocationTargetException cause--> org.openqa.selenium.NoAlertPresentException: no such alert
  (Session info: chrome=109.0.5414.120)
Build info: version: '4.7.1', revision: 'c6795baf1a3'
System info: os.name: 'Windows 10', os.arch: 'amd64', os.version: '10.0', java.version: '11.0.17'
Driver info: org.openqa.selenium.chrome.ChromeDriver
Command: [53aa68302cbc7287d67d63d6efb48623, getAlertText {}]
Capabilities {acceptInsecureCerts: false, browserName: chrome, browserVersion: 109.0.5414.120, chrome: {chromedriverVersion: 109.0.5414.74 (e7c5703604da..., userDataDir: C:\Users\User\AppData\Local...}, goog:chromeOptions: {debuggerAddress: localhost:57448}, networkConnectionEnabled: false, pageLoadStrategy: normal, platformName: WINDOWS, proxy: Proxy(), se:cdp: ws://localhost:57448/devtoo..., se:cdpVersion: 109.0.5414.120, setWindowRect: true, strictFileInteractability: false, timeouts: {implicit: 0, pageLoad: 300000, script: 30000}, unhandledPromptBehavior: dismiss and notify, webauthn:extension:credBlob: true, webauthn:extension:largeBlob: true, webauthn:virtualAuthenticators: true}
Session ID: 53aa68302cbc7287d67d63d6efb48623
20:58:00.744  INFO  manager.ListenerWD - ===================================
20:58:00.744  INFO  manager.ListenerWD - Object target --> org.openqa.selenium.remote.RemoteWebDriver$RemoteTargetLocator@be1c08a
20:58:00.744  INFO  manager.ListenerWD - ===================================
20:58:01.255  INFO  manager.ListenerWD - Before find elements --> By.cssSelector: a[href='/add'][class='active']
20:58:01.262  INFO  manager.ListenerWD - After find elements --> By.cssSelector: a[href='/add'][class='active']
20:58:01.262  INFO  manager.ListenerWD - List size is --> 1
20:58:01.262  INFO  tests.TestBase - Test passed with success
20:58:01.262  INFO  manager.ListenerTNG - onTestSuccess name --> addNewContactPhoneMaximumNumbers
20:58:01.263  INFO  tests.TestBase - The name of method is -->addNewContactPhoneMinimumNumbers
20:58:01.263  INFO  manager.ListenerWD - Before find elements --> By.xpath: //button[text()='Sign Out']
20:58:01.269  INFO  manager.ListenerWD - After find elements --> By.xpath: //button[text()='Sign Out']
20:58:01.270  INFO  manager.ListenerWD - List size is --> 1
20:58:01.270  INFO  manager.ListenerTNG - onTestStart name --> addNewContactPhoneMinimumNumbers
20:58:01.270  INFO  tests.TestBase - Test started with phone: 086555
20:58:01.270  INFO  manager.ListenerWD - Before find element --> By.xpath: //a[@href='/add']
20:58:01.278  INFO  manager.ListenerWD - After find element --> By.xpath: //a[@href='/add']
20:58:01.300  INFO  manager.ListenerWD - Before find element --> By.cssSelector: input[placeholder='Name']
20:58:01.306  INFO  manager.ListenerWD - After find element --> By.cssSelector: input[placeholder='Name']
20:58:01.360  INFO  manager.ListenerWD - Before find element --> By.cssSelector: input[placeholder='Last Name']
20:58:01.368  INFO  manager.ListenerWD - After find element --> By.cssSelector: input[placeholder='Last Name']
20:58:01.420  INFO  manager.ListenerWD - Before find element --> By.cssSelector: input[placeholder='Phone']
20:58:01.427  INFO  manager.ListenerWD - After find element --> By.cssSelector: input[placeholder='Phone']
20:58:01.478  INFO  manager.ListenerWD - Before find element --> By.cssSelector: input[placeholder='email']
20:58:01.485  INFO  manager.ListenerWD - After find element --> By.cssSelector: input[placeholder='email']
20:58:01.542  INFO  manager.ListenerWD - Before find element --> By.cssSelector: input[placeholder='Address']
20:58:01.550  INFO  manager.ListenerWD - After find element --> By.cssSelector: input[placeholder='Address']
20:58:01.605  INFO  manager.ListenerWD - Before find element --> By.cssSelector: input[placeholder='description']
20:58:01.612  INFO  manager.ListenerWD - After find element --> By.cssSelector: input[placeholder='description']
20:58:01.666  INFO  manager.ListenerWD - Before find element --> By.xpath: //b[text()='Save']
20:58:01.674  INFO  manager.ListenerWD - After find element --> By.xpath: //b[text()='Save']
20:58:01.698  INFO  manager.ListenerWD - Test ends with error
20:58:01.698  INFO  manager.ListenerWD - ===================================
20:58:01.698  INFO  manager.ListenerWD - Method name--> alert
20:58:01.698  INFO  manager.ListenerWD - ===================================
20:58:01.699  INFO  manager.ListenerWD - InvocationTargetException cause--> org.openqa.selenium.NoAlertPresentException: no such alert
  (Session info: chrome=109.0.5414.120)
Build info: version: '4.7.1', revision: 'c6795baf1a3'
System info: os.name: 'Windows 10', os.arch: 'amd64', os.version: '10.0', java.version: '11.0.17'
Driver info: org.openqa.selenium.chrome.ChromeDriver
Command: [53aa68302cbc7287d67d63d6efb48623, getAlertText {}]
Capabilities {acceptInsecureCerts: false, browserName: chrome, browserVersion: 109.0.5414.120, chrome: {chromedriverVersion: 109.0.5414.74 (e7c5703604da..., userDataDir: C:\Users\User\AppData\Local...}, goog:chromeOptions: {debuggerAddress: localhost:57448}, networkConnectionEnabled: false, pageLoadStrategy: normal, platformName: WINDOWS, proxy: Proxy(), se:cdp: ws://localhost:57448/devtoo..., se:cdpVersion: 109.0.5414.120, setWindowRect: true, strictFileInteractability: false, timeouts: {implicit: 0, pageLoad: 300000, script: 30000}, unhandledPromptBehavior: dismiss and notify, webauthn:extension:credBlob: true, webauthn:extension:largeBlob: true, webauthn:virtualAuthenticators: true}
Session ID: 53aa68302cbc7287d67d63d6efb48623
20:58:01.699  INFO  manager.ListenerWD - ===================================
20:58:01.699  INFO  manager.ListenerWD - Object target --> org.openqa.selenium.remote.RemoteWebDriver$RemoteTargetLocator@3dbbed3e
20:58:01.699  INFO  manager.ListenerWD - ===================================
20:58:02.209  INFO  manager.ListenerWD - Before find elements --> By.cssSelector: a[href='/add'][class='active']
20:58:02.216  INFO  manager.ListenerWD - After find elements --> By.cssSelector: a[href='/add'][class='active']
20:58:02.216  INFO  manager.ListenerWD - List size is --> 1
20:58:02.216  INFO  tests.TestBase - Test passed with success
20:58:02.216  INFO  manager.ListenerTNG - onTestSuccess name --> addNewContactPhoneMinimumNumbers
20:58:02.216  INFO  tests.TestBase - The name of method is -->addNewContactPhoneNotNumbers
20:58:02.216  INFO  manager.ListenerWD - Before find elements --> By.xpath: //button[text()='Sign Out']
20:58:02.223  INFO  manager.ListenerWD - After find elements --> By.xpath: //button[text()='Sign Out']
20:58:02.223  INFO  manager.ListenerWD - List size is --> 1
20:58:02.223  INFO  manager.ListenerTNG - onTestStart name --> addNewContactPhoneNotNumbers
20:58:02.224  INFO  tests.TestBase - Test started with phone: 086oooooooooo
20:58:02.224  INFO  manager.ListenerWD - Before find element --> By.xpath: //a[@href='/add']
20:58:02.231  INFO  manager.ListenerWD - After find element --> By.xpath: //a[@href='/add']
20:58:02.253  INFO  manager.ListenerWD - Before find element --> By.cssSelector: input[placeholder='Name']
20:58:02.260  INFO  manager.ListenerWD - After find element --> By.cssSelector: input[placeholder='Name']
20:58:02.315  INFO  manager.ListenerWD - Before find element --> By.cssSelector: input[placeholder='Last Name']
20:58:02.321  INFO  manager.ListenerWD - After find element --> By.cssSelector: input[placeholder='Last Name']
20:58:02.372  INFO  manager.ListenerWD - Before find element --> By.cssSelector: input[placeholder='Phone']
20:58:02.378  INFO  manager.ListenerWD - After find element --> By.cssSelector: input[placeholder='Phone']
20:58:02.430  INFO  manager.ListenerWD - Before find element --> By.cssSelector: input[placeholder='email']
20:58:02.437  INFO  manager.ListenerWD - After find element --> By.cssSelector: input[placeholder='email']
20:58:02.492  INFO  manager.ListenerWD - Before find element --> By.cssSelector: input[placeholder='Address']
20:58:02.498  INFO  manager.ListenerWD - After find element --> By.cssSelector: input[placeholder='Address']
20:58:02.548  INFO  manager.ListenerWD - Before find element --> By.cssSelector: input[placeholder='description']
20:58:02.554  INFO  manager.ListenerWD - After find element --> By.cssSelector: input[placeholder='description']
20:58:02.607  INFO  manager.ListenerWD - Before find element --> By.xpath: //b[text()='Save']
20:58:02.613  INFO  manager.ListenerWD - After find element --> By.xpath: //b[text()='Save']
20:58:02.637  INFO  manager.ListenerWD - Test ends with error
20:58:02.637  INFO  manager.ListenerWD - ===================================
20:58:02.637  INFO  manager.ListenerWD - Method name--> alert
20:58:02.637  INFO  manager.ListenerWD - ===================================
20:58:02.637  INFO  manager.ListenerWD - InvocationTargetException cause--> org.openqa.selenium.NoAlertPresentException: no such alert
  (Session info: chrome=109.0.5414.120)
Build info: version: '4.7.1', revision: 'c6795baf1a3'
System info: os.name: 'Windows 10', os.arch: 'amd64', os.version: '10.0', java.version: '11.0.17'
Driver info: org.openqa.selenium.chrome.ChromeDriver
Command: [53aa68302cbc7287d67d63d6efb48623, getAlertText {}]
Capabilities {acceptInsecureCerts: false, browserName: chrome, browserVersion: 109.0.5414.120, chrome: {chromedriverVersion: 109.0.5414.74 (e7c5703604da..., userDataDir: C:\Users\User\AppData\Local...}, goog:chromeOptions: {debuggerAddress: localhost:57448}, networkConnectionEnabled: false, pageLoadStrategy: normal, platformName: WINDOWS, proxy: Proxy(), se:cdp: ws://localhost:57448/devtoo..., se:cdpVersion: 109.0.5414.120, setWindowRect: true, strictFileInteractability: false, timeouts: {implicit: 0, pageLoad: 300000, script: 30000}, unhandledPromptBehavior: dismiss and notify, webauthn:extension:credBlob: true, webauthn:extension:largeBlob: true, webauthn:virtualAuthenticators: true}
Session ID: 53aa68302cbc7287d67d63d6efb48623
20:58:02.637  INFO  manager.ListenerWD - ===================================
20:58:02.637  INFO  manager.ListenerWD - Object target --> org.openqa.selenium.remote.RemoteWebDriver$RemoteTargetLocator@21c5c68a
20:58:02.637  INFO  manager.ListenerWD - ===================================
20:58:03.146  INFO  manager.ListenerWD - Before find elements --> By.cssSelector: a[href='/add'][class='active']
20:58:03.153  INFO  manager.ListenerWD - After find elements --> By.cssSelector: a[href='/add'][class='active']
20:58:03.153  INFO  manager.ListenerWD - List size is --> 1
20:58:03.153  INFO  tests.TestBase - Test passed with success
20:58:03.154  INFO  manager.ListenerTNG - onTestSuccess name --> addNewContactPhoneNotNumbers
20:58:03.154  INFO  tests.TestBase - The name of method is -->addNewContactPhoneNull
20:58:03.154  INFO  manager.ListenerWD - Before find elements --> By.xpath: //button[text()='Sign Out']
20:58:03.161  INFO  manager.ListenerWD - After find elements --> By.xpath: //button[text()='Sign Out']
20:58:03.161  INFO  manager.ListenerWD - List size is --> 1
20:58:03.161  INFO  manager.ListenerTNG - onTestStart name --> addNewContactPhoneNull
20:58:03.161  INFO  tests.TestBase - Test started with phone: 
20:58:03.161  INFO  manager.ListenerWD - Before find element --> By.xpath: //a[@href='/add']
20:58:03.168  INFO  manager.ListenerWD - After find element --> By.xpath: //a[@href='/add']
20:58:03.191  INFO  manager.ListenerWD - Before find element --> By.cssSelector: input[placeholder='Name']
20:58:03.197  INFO  manager.ListenerWD - After find element --> By.cssSelector: input[placeholder='Name']
20:58:03.256  INFO  manager.ListenerWD - Before find element --> By.cssSelector: input[placeholder='Last Name']
20:58:03.265  INFO  manager.ListenerWD - After find element --> By.cssSelector: input[placeholder='Last Name']
20:58:03.317  INFO  manager.ListenerWD - Before find element --> By.cssSelector: input[placeholder='Phone']
20:58:03.324  INFO  manager.ListenerWD - After find element --> By.cssSelector: input[placeholder='Phone']
20:58:03.373  INFO  manager.ListenerWD - Before find element --> By.cssSelector: input[placeholder='email']
20:58:03.381  INFO  manager.ListenerWD - After find element --> By.cssSelector: input[placeholder='email']
20:58:03.437  INFO  manager.ListenerWD - Before find element --> By.cssSelector: input[placeholder='Address']
20:58:03.444  INFO  manager.ListenerWD - After find element --> By.cssSelector: input[placeholder='Address']
20:58:03.493  INFO  manager.ListenerWD - Before find element --> By.cssSelector: input[placeholder='description']
20:58:03.500  INFO  manager.ListenerWD - After find element --> By.cssSelector: input[placeholder='description']
20:58:03.555  INFO  manager.ListenerWD - Before find element --> By.xpath: //b[text()='Save']
20:58:03.563  INFO  manager.ListenerWD - After find element --> By.xpath: //b[text()='Save']
20:58:03.587  INFO  manager.ListenerWD - Test ends with error
20:58:03.587  INFO  manager.ListenerWD - ===================================
20:58:03.587  INFO  manager.ListenerWD - Method name--> alert
20:58:03.587  INFO  manager.ListenerWD - ===================================
20:58:03.587  INFO  manager.ListenerWD - InvocationTargetException cause--> org.openqa.selenium.NoAlertPresentException: no such alert
  (Session info: chrome=109.0.5414.120)
Build info: version: '4.7.1', revision: 'c6795baf1a3'
System info: os.name: 'Windows 10', os.arch: 'amd64', os.version: '10.0', java.version: '11.0.17'
Driver info: org.openqa.selenium.chrome.ChromeDriver
Command: [53aa68302cbc7287d67d63d6efb48623, getAlertText {}]
Capabilities {acceptInsecureCerts: false, browserName: chrome, browserVersion: 109.0.5414.120, chrome: {chromedriverVersion: 109.0.5414.74 (e7c5703604da..., userDataDir: C:\Users\User\AppData\Local...}, goog:chromeOptions: {debuggerAddress: localhost:57448}, networkConnectionEnabled: false, pageLoadStrategy: normal, platformName: WINDOWS, proxy: Proxy(), se:cdp: ws://localhost:57448/devtoo..., se:cdpVersion: 109.0.5414.120, setWindowRect: true, strictFileInteractability: false, timeouts: {implicit: 0, pageLoad: 300000, script: 30000}, unhandledPromptBehavior: dismiss and notify, webauthn:extension:credBlob: true, webauthn:extension:largeBlob: true, webauthn:virtualAuthenticators: true}
Session ID: 53aa68302cbc7287d67d63d6efb48623
20:58:03.587  INFO  manager.ListenerWD - ===================================
20:58:03.587  INFO  manager.ListenerWD - Object target --> org.openqa.selenium.remote.RemoteWebDriver$RemoteTargetLocator@30437e9c
20:58:03.587  INFO  manager.ListenerWD - ===================================
20:58:04.097  INFO  manager.ListenerWD - Before find elements --> By.cssSelector: a[href='/add'][class='active']
20:58:04.104  INFO  manager.ListenerWD - After find elements --> By.cssSelector: a[href='/add'][class='active']
20:58:04.104  INFO  manager.ListenerWD - List size is --> 1
20:58:04.104  INFO  tests.TestBase - Test passed with success
20:58:04.104  INFO  manager.ListenerTNG - onTestSuccess name --> addNewContactPhoneNull
20:58:04.104  INFO  tests.TestBase - The name of method is -->addNewContactPhoneSpecialChars
20:58:04.104  INFO  manager.ListenerWD - Before find elements --> By.xpath: //button[text()='Sign Out']
20:58:04.110  INFO  manager.ListenerWD - After find elements --> By.xpath: //button[text()='Sign Out']
20:58:04.110  INFO  manager.ListenerWD - List size is --> 1
20:58:04.111  INFO  manager.ListenerTNG - onTestStart name --> addNewContactPhoneSpecialChars
20:58:04.111  INFO  tests.TestBase - Test started with phone: 086$4667876
20:58:04.111  INFO  manager.ListenerWD - Before find element --> By.xpath: //a[@href='/add']
20:58:04.117  INFO  manager.ListenerWD - After find element --> By.xpath: //a[@href='/add']
20:58:04.138  INFO  manager.ListenerWD - Before find element --> By.cssSelector: input[placeholder='Name']
20:58:04.144  INFO  manager.ListenerWD - After find element --> By.cssSelector: input[placeholder='Name']
20:58:04.199  INFO  manager.ListenerWD - Before find element --> By.cssSelector: input[placeholder='Last Name']
20:58:04.206  INFO  manager.ListenerWD - After find element --> By.cssSelector: input[placeholder='Last Name']
20:58:04.260  INFO  manager.ListenerWD - Before find element --> By.cssSelector: input[placeholder='Phone']
20:58:04.267  INFO  manager.ListenerWD - After find element --> By.cssSelector: input[placeholder='Phone']
20:58:04.321  INFO  manager.ListenerWD - Before find element --> By.cssSelector: input[placeholder='email']
20:58:04.329  INFO  manager.ListenerWD - After find element --> By.cssSelector: input[placeholder='email']
20:58:04.384  INFO  manager.ListenerWD - Before find element --> By.cssSelector: input[placeholder='Address']
20:58:04.390  INFO  manager.ListenerWD - After find element --> By.cssSelector: input[placeholder='Address']
20:58:04.439  INFO  manager.ListenerWD - Before find element --> By.cssSelector: input[placeholder='description']
20:58:04.445  INFO  manager.ListenerWD - After find element --> By.cssSelector: input[placeholder='description']
20:58:04.498  INFO  manager.ListenerWD - Before find element --> By.xpath: //b[text()='Save']
20:58:04.505  INFO  manager.ListenerWD - After find element --> By.xpath: //b[text()='Save']
20:58:04.529  INFO  manager.ListenerWD - Test ends with error
20:58:04.529  INFO  manager.ListenerWD - ===================================
20:58:04.529  INFO  manager.ListenerWD - Method name--> alert
20:58:04.529  INFO  manager.ListenerWD - ===================================
20:58:04.529  INFO  manager.ListenerWD - InvocationTargetException cause--> org.openqa.selenium.NoAlertPresentException: no such alert
  (Session info: chrome=109.0.5414.120)
Build info: version: '4.7.1', revision: 'c6795baf1a3'
System info: os.name: 'Windows 10', os.arch: 'amd64', os.version: '10.0', java.version: '11.0.17'
Driver info: org.openqa.selenium.chrome.ChromeDriver
Command: [53aa68302cbc7287d67d63d6efb48623, getAlertText {}]
Capabilities {acceptInsecureCerts: false, browserName: chrome, browserVersion: 109.0.5414.120, chrome: {chromedriverVersion: 109.0.5414.74 (e7c5703604da..., userDataDir: C:\Users\User\AppData\Local...}, goog:chromeOptions: {debuggerAddress: localhost:57448}, networkConnectionEnabled: false, pageLoadStrategy: normal, platformName: WINDOWS, proxy: Proxy(), se:cdp: ws://localhost:57448/devtoo..., se:cdpVersion: 109.0.5414.120, setWindowRect: true, strictFileInteractability: false, timeouts: {implicit: 0, pageLoad: 300000, script: 30000}, unhandledPromptBehavior: dismiss and notify, webauthn:extension:credBlob: true, webauthn:extension:largeBlob: true, webauthn:virtualAuthenticators: true}
Session ID: 53aa68302cbc7287d67d63d6efb48623
20:58:04.529  INFO  manager.ListenerWD - ===================================
20:58:04.529  INFO  manager.ListenerWD - Object target --> org.openqa.selenium.remote.RemoteWebDriver$RemoteTargetLocator@346330b6
20:58:04.529  INFO  manager.ListenerWD - ===================================
20:58:05.040  INFO  manager.ListenerWD - Before find elements --> By.cssSelector: a[href='/add'][class='active']
20:58:05.048  INFO  manager.ListenerWD - After find elements --> By.cssSelector: a[href='/add'][class='active']
20:58:05.048  INFO  manager.ListenerWD - List size is --> 1
20:58:05.048  INFO  tests.TestBase - Test passed with success
20:58:05.049  INFO  manager.ListenerTNG - onTestSuccess name --> addNewContactPhoneSpecialChars
20:58:05.049  INFO  tests.TestBase - The name of method is -->addNewContactSuccess
20:58:05.050  INFO  manager.ListenerWD - Before find elements --> By.xpath: //button[text()='Sign Out']
20:58:05.061  INFO  manager.ListenerWD - After find elements --> By.xpath: //button[text()='Sign Out']
20:58:05.061  INFO  manager.ListenerWD - List size is --> 1
20:58:05.061  INFO  manager.ListenerTNG - onTestStart name --> addNewContactSuccess
20:58:05.079  INFO  tests.TestBase - Test started with data: Contact(name=Alina1579, lastName=White, phone=0865341579, email=alinaw1579@gmail.com, address=Kyiv, Ukraine, description=Childhood friend)
20:58:05.079  INFO  manager.ListenerWD - Before find element --> By.xpath: //a[@href='/add']
20:58:05.089  INFO  manager.ListenerWD - After find element --> By.xpath: //a[@href='/add']
20:58:05.123  INFO  manager.ListenerWD - Before find element --> By.cssSelector: input[placeholder='Name']
20:58:05.131  INFO  manager.ListenerWD - After find element --> By.cssSelector: input[placeholder='Name']
20:58:05.203  INFO  manager.ListenerWD - Before find element --> By.cssSelector: input[placeholder='Last Name']
20:58:05.212  INFO  manager.ListenerWD - After find element --> By.cssSelector: input[placeholder='Last Name']
20:58:05.290  INFO  manager.ListenerWD - Before find element --> By.cssSelector: input[placeholder='Phone']
20:58:05.298  INFO  manager.ListenerWD - After find element --> By.cssSelector: input[placeholder='Phone']
20:58:05.357  INFO  manager.ListenerWD - Before find element --> By.cssSelector: input[placeholder='email']
20:58:05.364  INFO  manager.ListenerWD - After find element --> By.cssSelector: input[placeholder='email']
20:58:05.421  INFO  manager.ListenerWD - Before find element --> By.cssSelector: input[placeholder='Address']
20:58:05.429  INFO  manager.ListenerWD - After find element --> By.cssSelector: input[placeholder='Address']
20:58:05.484  INFO  manager.ListenerWD - Before find element --> By.cssSelector: input[placeholder='description']
20:58:05.491  INFO  manager.ListenerWD - After find element --> By.cssSelector: input[placeholder='description']
20:58:05.551  INFO  manager.ListenerWD - Before find element --> By.xpath: //b[text()='Save']
20:58:05.558  INFO  manager.ListenerWD - After find element --> By.xpath: //b[text()='Save']
20:58:05.578  INFO  manager.ListenerWD - Before find elements --> By.cssSelector: h2
20:58:06.449  INFO  manager.ListenerWD - After find elements --> By.cssSelector: h2
20:58:06.449  INFO  manager.ListenerWD - List size is --> 112
20:58:07.461  INFO  manager.ListenerWD - Before find elements --> By.cssSelector: h3
20:58:07.675  INFO  manager.ListenerWD - After find elements --> By.cssSelector: h3
20:58:07.675  INFO  manager.ListenerWD - List size is --> 112
20:58:08.834  INFO  manager.ListenerWD - Before find elements --> By.cssSelector: h2
20:58:09.031  INFO  manager.ListenerWD - After find elements --> By.cssSelector: h2
20:58:09.031  INFO  manager.ListenerWD - List size is --> 112
20:58:09.623  INFO  manager.ListenerWD - Before find element --> By.xpath: //div[starts-with(@class,'contact-item-detailed_card')]
20:58:09.636  INFO  manager.ListenerWD - After find element --> By.xpath: //div[starts-with(@class,'contact-item-detailed_card')]
20:58:09.650  INFO  tests.TestBase - Test passed with success
20:58:09.650  INFO  manager.ListenerTNG - onTestSuccess name --> addNewContactSuccess
20:58:09.650  INFO  tests.TestBase - The name of method is -->addNewContactSuccessRequiredFields
20:58:09.650  INFO  manager.ListenerWD - Before find elements --> By.xpath: //button[text()='Sign Out']
20:58:09.657  INFO  manager.ListenerWD - After find elements --> By.xpath: //button[text()='Sign Out']
20:58:09.657  INFO  manager.ListenerWD - List size is --> 1
20:58:09.657  INFO  manager.ListenerTNG - onTestStart name --> addNewContactSuccessRequiredFields
20:58:09.657  INFO  tests.TestBase - Test started with data: Contact(name=Alina1520, lastName=White, phone=0865341520, email=alinaw1520@gmail.com, address=Kyiv, Ukraine, description=null)
20:58:09.657  INFO  manager.ListenerWD - Before find element --> By.xpath: //a[@href='/add']
20:58:09.664  INFO  manager.ListenerWD - After find element --> By.xpath: //a[@href='/add']
20:58:09.691  INFO  manager.ListenerWD - Before find element --> By.cssSelector: input[placeholder='Name']
20:58:09.698  INFO  manager.ListenerWD - After find element --> By.cssSelector: input[placeholder='Name']
20:58:09.778  INFO  manager.ListenerWD - Before find element --> By.cssSelector: input[placeholder='Last Name']
20:58:09.785  INFO  manager.ListenerWD - After find element --> By.cssSelector: input[placeholder='Last Name']
20:58:09.863  INFO  manager.ListenerWD - Before find element --> By.cssSelector: input[placeholder='Phone']
20:58:09.870  INFO  manager.ListenerWD - After find element --> By.cssSelector: input[placeholder='Phone']
20:58:09.953  INFO  manager.ListenerWD - Before find element --> By.cssSelector: input[placeholder='email']
20:58:09.961  INFO  manager.ListenerWD - After find element --> By.cssSelector: input[placeholder='email']
20:58:10.050  INFO  manager.ListenerWD - Before find element --> By.cssSelector: input[placeholder='Address']
20:58:10.057  INFO  manager.ListenerWD - After find element --> By.cssSelector: input[placeholder='Address']
20:58:10.144  INFO  manager.ListenerWD - Before find element --> By.xpath: //b[text()='Save']
20:58:10.152  INFO  manager.ListenerWD - After find element --> By.xpath: //b[text()='Save']
20:58:10.198  INFO  manager.ListenerWD - Before find elements --> By.cssSelector: h2
20:58:11.037  INFO  manager.ListenerWD - After find elements --> By.cssSelector: h2
20:58:11.037  INFO  manager.ListenerWD - List size is --> 113
20:58:12.486  INFO  manager.ListenerWD - Before find elements --> By.cssSelector: h3
20:58:12.679  INFO  manager.ListenerWD - After find elements --> By.cssSelector: h3
20:58:12.679  INFO  manager.ListenerWD - List size is --> 113
20:58:14.361  INFO  manager.ListenerWD - Before find elements --> By.cssSelector: h2
20:58:14.579  INFO  manager.ListenerWD - After find elements --> By.cssSelector: h2
20:58:14.579  INFO  manager.ListenerWD - List size is --> 113
20:58:15.256  INFO  manager.ListenerWD - Before find element --> By.xpath: //div[starts-with(@class,'contact-item-detailed_card')]
20:58:15.264  INFO  manager.ListenerWD - After find element --> By.xpath: //div[starts-with(@class,'contact-item-detailed_card')]
20:58:15.281  INFO  tests.TestBase - Test passed with success
20:58:15.282  INFO  manager.ListenerTNG - onTestSuccess name --> addNewContactSuccessRequiredFields
20:58:15.282  INFO  tests.TestBase - The name of method is -->addNewContactTwoAtEmail
20:58:15.282  INFO  manager.ListenerWD - Before find elements --> By.xpath: //button[text()='Sign Out']
20:58:15.288  INFO  manager.ListenerWD - After find elements --> By.xpath: //button[text()='Sign Out']
20:58:15.289  INFO  manager.ListenerWD - List size is --> 1
20:58:15.289  INFO  manager.ListenerTNG - onTestStart name --> addNewContactTwoAtEmail
20:58:15.289  INFO  tests.TestBase - Test started with email: alinaw1997@@gmail.com
20:58:15.289  INFO  manager.ListenerWD - Before find element --> By.xpath: //a[@href='/add']
20:58:15.295  INFO  manager.ListenerWD - After find element --> By.xpath: //a[@href='/add']
20:58:15.317  INFO  manager.ListenerWD - Before find element --> By.cssSelector: input[placeholder='Name']
20:58:15.324  INFO  manager.ListenerWD - After find element --> By.cssSelector: input[placeholder='Name']
20:58:15.410  INFO  manager.ListenerWD - Before find element --> By.cssSelector: input[placeholder='Last Name']
20:58:15.416  INFO  manager.ListenerWD - After find element --> By.cssSelector: input[placeholder='Last Name']
20:58:15.487  INFO  manager.ListenerWD - Before find element --> By.cssSelector: input[placeholder='Phone']
20:58:15.493  INFO  manager.ListenerWD - After find element --> By.cssSelector: input[placeholder='Phone']
20:58:15.585  INFO  manager.ListenerWD - Before find element --> By.cssSelector: input[placeholder='email']
20:58:15.592  INFO  manager.ListenerWD - After find element --> By.cssSelector: input[placeholder='email']
20:58:15.688  INFO  manager.ListenerWD - Before find element --> By.cssSelector: input[placeholder='Address']
20:58:15.694  INFO  manager.ListenerWD - After find element --> By.cssSelector: input[placeholder='Address']
20:58:15.791  INFO  manager.ListenerWD - Before find element --> By.cssSelector: input[placeholder='description']
20:58:15.803  INFO  manager.ListenerWD - After find element --> By.cssSelector: input[placeholder='description']
20:58:15.904  INFO  manager.ListenerWD - Before find element --> By.xpath: //b[text()='Save']
20:58:15.911  INFO  manager.ListenerWD - After find element --> By.xpath: //b[text()='Save']
20:58:15.960  INFO  manager.ListenerWD - Test ends with error
20:58:15.960  INFO  manager.ListenerWD - ===================================
20:58:15.960  INFO  manager.ListenerWD - Method name--> alert
20:58:15.960  INFO  manager.ListenerWD - ===================================
20:58:15.960  INFO  manager.ListenerWD - InvocationTargetException cause--> org.openqa.selenium.NoAlertPresentException: no such alert
  (Session info: chrome=109.0.5414.120)
Build info: version: '4.7.1', revision: 'c6795baf1a3'
System info: os.name: 'Windows 10', os.arch: 'amd64', os.version: '10.0', java.version: '11.0.17'
Driver info: org.openqa.selenium.chrome.ChromeDriver
Command: [53aa68302cbc7287d67d63d6efb48623, getAlertText {}]
Capabilities {acceptInsecureCerts: false, browserName: chrome, browserVersion: 109.0.5414.120, chrome: {chromedriverVersion: 109.0.5414.74 (e7c5703604da..., userDataDir: C:\Users\User\AppData\Local...}, goog:chromeOptions: {debuggerAddress: localhost:57448}, networkConnectionEnabled: false, pageLoadStrategy: normal, platformName: WINDOWS, proxy: Proxy(), se:cdp: ws://localhost:57448/devtoo..., se:cdpVersion: 109.0.5414.120, setWindowRect: true, strictFileInteractability: false, timeouts: {implicit: 0, pageLoad: 300000, script: 30000}, unhandledPromptBehavior: dismiss and notify, webauthn:extension:credBlob: true, webauthn:extension:largeBlob: true, webauthn:virtualAuthenticators: true}
Session ID: 53aa68302cbc7287d67d63d6efb48623
20:58:15.960  INFO  manager.ListenerWD - ===================================
20:58:15.960  INFO  manager.ListenerWD - Object target --> org.openqa.selenium.remote.RemoteWebDriver$RemoteTargetLocator@178c4480
20:58:15.960  INFO  manager.ListenerWD - ===================================
20:58:16.469  INFO  tests.TestBase - Test passed with success
20:58:16.469  INFO  manager.ListenerTNG - onTestSuccess name --> addNewContactTwoAtEmail
20:58:16.470  INFO  tests.TestBase - The name of method is -->addNewContactWrongEmail
20:58:16.470  INFO  manager.ListenerWD - Before find elements --> By.xpath: //button[text()='Sign Out']
20:58:16.477  INFO  manager.ListenerWD - After find elements --> By.xpath: //button[text()='Sign Out']
20:58:16.477  INFO  manager.ListenerWD - List size is --> 1
20:58:16.477  INFO  manager.ListenerTNG - onTestStart name --> addNewContactWrongEmail
20:58:16.477  INFO  tests.TestBase - Test started with email: alinaw1225gmail.com
20:58:16.477  INFO  manager.ListenerWD - Before find element --> By.xpath: //a[@href='/add']
20:58:16.484  INFO  manager.ListenerWD - After find element --> By.xpath: //a[@href='/add']
20:58:16.513  INFO  manager.ListenerWD - Before find element --> By.cssSelector: input[placeholder='Name']
20:58:16.519  INFO  manager.ListenerWD - After find element --> By.cssSelector: input[placeholder='Name']
20:58:16.587  INFO  manager.ListenerWD - Before find element --> By.cssSelector: input[placeholder='Last Name']
20:58:16.593  INFO  manager.ListenerWD - After find element --> By.cssSelector: input[placeholder='Last Name']
20:58:16.654  INFO  manager.ListenerWD - Before find element --> By.cssSelector: input[placeholder='Phone']
20:58:16.660  INFO  manager.ListenerWD - After find element --> By.cssSelector: input[placeholder='Phone']
20:58:16.723  INFO  manager.ListenerWD - Before find element --> By.cssSelector: input[placeholder='email']
20:58:16.729  INFO  manager.ListenerWD - After find element --> By.cssSelector: input[placeholder='email']
20:58:16.793  INFO  manager.ListenerWD - Before find element --> By.cssSelector: input[placeholder='Address']
20:58:16.800  INFO  manager.ListenerWD - After find element --> By.cssSelector: input[placeholder='Address']
20:58:16.862  INFO  manager.ListenerWD - Before find element --> By.cssSelector: input[placeholder='description']
20:58:16.869  INFO  manager.ListenerWD - After find element --> By.cssSelector: input[placeholder='description']
20:58:16.930  INFO  manager.ListenerWD - Before find element --> By.xpath: //b[text()='Save']
20:58:16.936  INFO  manager.ListenerWD - After find element --> By.xpath: //b[text()='Save']
20:58:16.959  INFO  manager.ListenerWD - Test ends with error
20:58:16.959  INFO  manager.ListenerWD - ===================================
20:58:16.959  INFO  manager.ListenerWD - Method name--> alert
20:58:16.959  INFO  manager.ListenerWD - ===================================
20:58:16.959  INFO  manager.ListenerWD - InvocationTargetException cause--> org.openqa.selenium.NoAlertPresentException: no such alert
  (Session info: chrome=109.0.5414.120)
Build info: version: '4.7.1', revision: 'c6795baf1a3'
System info: os.name: 'Windows 10', os.arch: 'amd64', os.version: '10.0', java.version: '11.0.17'
Driver info: org.openqa.selenium.chrome.ChromeDriver
Command: [53aa68302cbc7287d67d63d6efb48623, getAlertText {}]
Capabilities {acceptInsecureCerts: false, browserName: chrome, browserVersion: 109.0.5414.120, chrome: {chromedriverVersion: 109.0.5414.74 (e7c5703604da..., userDataDir: C:\Users\User\AppData\Local...}, goog:chromeOptions: {debuggerAddress: localhost:57448}, networkConnectionEnabled: false, pageLoadStrategy: normal, platformName: WINDOWS, proxy: Proxy(), se:cdp: ws://localhost:57448/devtoo..., se:cdpVersion: 109.0.5414.120, setWindowRect: true, strictFileInteractability: false, timeouts: {implicit: 0, pageLoad: 300000, script: 30000}, unhandledPromptBehavior: dismiss and notify, webauthn:extension:credBlob: true, webauthn:extension:largeBlob: true, webauthn:virtualAuthenticators: true}
Session ID: 53aa68302cbc7287d67d63d6efb48623
20:58:16.959  INFO  manager.ListenerWD - ===================================
20:58:16.959  INFO  manager.ListenerWD - Object target --> org.openqa.selenium.remote.RemoteWebDriver$RemoteTargetLocator@1067bc4c
20:58:16.959  INFO  manager.ListenerWD - ===================================
20:58:17.468  INFO  tests.TestBase - Test passed with success
20:58:17.468  INFO  manager.ListenerTNG - onTestSuccess name --> addNewContactWrongEmail
20:58:17.471  INFO  tests.TestBase - The name of method is -->loginSuccess
20:58:17.471  INFO  manager.ListenerWD - Before find elements --> By.xpath: //button[text()='Sign Out']
20:58:17.477  INFO  manager.ListenerWD - After find elements --> By.xpath: //button[text()='Sign Out']
20:58:17.477  INFO  manager.ListenerWD - List size is --> 1
20:58:17.477  INFO  manager.ListenerWD - Before find element --> By.xpath: //button[text()='Sign Out']
20:58:17.487  INFO  manager.ListenerWD - After find element --> By.xpath: //button[text()='Sign Out']
20:58:17.544  INFO  tests.TestBase - Need logout
20:58:17.544  INFO  manager.ListenerTNG - onTestStart name --> loginSuccess
20:58:17.548  INFO  tests.TestBase - Login with valid data: email - kate@gmail.com, password - Kkate12345$
20:58:17.548  INFO  manager.ListenerWD - Before find element --> By.cssSelector: a[href='/login']
20:58:17.561  INFO  manager.ListenerWD - After find element --> By.cssSelector: a[href='/login']
20:58:17.615  INFO  manager.ListenerWD - Before find element --> By.cssSelector: input[name='email']
20:58:17.627  INFO  manager.ListenerWD - After find element --> By.cssSelector: input[name='email']
20:58:17.740  INFO  manager.ListenerWD - Before find element --> By.cssSelector: input[name='password']
20:58:17.754  INFO  manager.ListenerWD - After find element --> By.cssSelector: input[name='password']
20:58:17.865  INFO  manager.ListenerWD - Before find element --> By.cssSelector: button[name='login']
20:58:17.879  INFO  manager.ListenerWD - After find element --> By.cssSelector: button[name='login']
20:58:17.933  INFO  manager.ListenerWD - Before find elements --> By.xpath: //button[text()='Sign Out']
20:58:18.255  INFO  manager.ListenerWD - After find elements --> By.xpath: //button[text()='Sign Out']
20:58:18.255  INFO  manager.ListenerWD - List size is --> 1
20:58:18.255  INFO  tests.TestBase - Test passed with success
20:58:18.255  INFO  manager.ListenerTNG - onTestSuccess name --> loginSuccess
20:58:18.255  INFO  tests.TestBase - The name of method is -->loginSuccess
20:58:18.255  INFO  manager.ListenerWD - Before find elements --> By.xpath: //button[text()='Sign Out']
20:58:18.261  INFO  manager.ListenerWD - After find elements --> By.xpath: //button[text()='Sign Out']
20:58:18.262  INFO  manager.ListenerWD - List size is --> 1
20:58:18.262  INFO  manager.ListenerWD - Before find element --> By.xpath: //button[text()='Sign Out']
20:58:18.267  INFO  manager.ListenerWD - After find element --> By.xpath: //button[text()='Sign Out']
20:58:18.316  INFO  tests.TestBase - Need logout
20:58:18.316  INFO  manager.ListenerTNG - onTestStart name --> loginSuccess
20:58:18.316  INFO  tests.TestBase - Login with valid data: email - kate@gmail.com, password - Kkate12345$
20:58:18.316  INFO  manager.ListenerWD - Before find element --> By.cssSelector: a[href='/login']
20:58:18.322  INFO  manager.ListenerWD - After find element --> By.cssSelector: a[href='/login']
20:58:18.367  INFO  manager.ListenerWD - Before find element --> By.cssSelector: input[name='email']
20:58:18.373  INFO  manager.ListenerWD - After find element --> By.cssSelector: input[name='email']
20:58:18.464  INFO  manager.ListenerWD - Before find element --> By.cssSelector: input[name='password']
20:58:18.470  INFO  manager.ListenerWD - After find element --> By.cssSelector: input[name='password']
20:58:18.584  INFO  manager.ListenerWD - Before find element --> By.cssSelector: button[name='login']
20:58:18.590  INFO  manager.ListenerWD - After find element --> By.cssSelector: button[name='login']
20:58:18.644  INFO  manager.ListenerWD - Before find elements --> By.xpath: //button[text()='Sign Out']
20:58:18.967  INFO  manager.ListenerWD - After find elements --> By.xpath: //button[text()='Sign Out']
20:58:18.967  INFO  manager.ListenerWD - List size is --> 1
20:58:18.967  INFO  tests.TestBase - Test passed with success
20:58:18.967  INFO  manager.ListenerTNG - onTestSuccess name --> loginSuccess
20:58:18.967  INFO  tests.TestBase - The name of method is -->loginSuccess
20:58:18.967  INFO  manager.ListenerWD - Before find elements --> By.xpath: //button[text()='Sign Out']
20:58:18.973  INFO  manager.ListenerWD - After find elements --> By.xpath: //button[text()='Sign Out']
20:58:18.973  INFO  manager.ListenerWD - List size is --> 1
20:58:18.973  INFO  manager.ListenerWD - Before find element --> By.xpath: //button[text()='Sign Out']
20:58:18.978  INFO  manager.ListenerWD - After find element --> By.xpath: //button[text()='Sign Out']
20:58:19.028  INFO  tests.TestBase - Need logout
20:58:19.029  INFO  manager.ListenerTNG - onTestStart name --> loginSuccess
20:58:19.029  INFO  tests.TestBase - Login with valid data: email - kate@gmail.com, password - Kkate12345$
20:58:19.029  INFO  manager.ListenerWD - Before find element --> By.cssSelector: a[href='/login']
20:58:19.035  INFO  manager.ListenerWD - After find element --> By.cssSelector: a[href='/login']
20:58:19.089  INFO  manager.ListenerWD - Before find element --> By.cssSelector: input[name='email']
20:58:19.095  INFO  manager.ListenerWD - After find element --> By.cssSelector: input[name='email']
20:58:19.207  INFO  manager.ListenerWD - Before find element --> By.cssSelector: input[name='password']
20:58:19.213  INFO  manager.ListenerWD - After find element --> By.cssSelector: input[name='password']
20:58:19.317  INFO  manager.ListenerWD - Before find element --> By.cssSelector: button[name='login']
20:58:19.323  INFO  manager.ListenerWD - After find element --> By.cssSelector: button[name='login']
20:58:19.365  INFO  manager.ListenerWD - Before find elements --> By.xpath: //button[text()='Sign Out']
20:58:19.690  INFO  manager.ListenerWD - After find elements --> By.xpath: //button[text()='Sign Out']
20:58:19.690  INFO  manager.ListenerWD - List size is --> 1
20:58:19.690  INFO  tests.TestBase - Test passed with success
20:58:19.690  INFO  manager.ListenerTNG - onTestSuccess name --> loginSuccess
20:58:19.691  INFO  tests.TestBase - The name of method is -->loginSuccess2
20:58:19.691  INFO  manager.ListenerWD - Before find elements --> By.xpath: //button[text()='Sign Out']
20:58:19.697  INFO  manager.ListenerWD - After find elements --> By.xpath: //button[text()='Sign Out']
20:58:19.697  INFO  manager.ListenerWD - List size is --> 1
20:58:19.697  INFO  manager.ListenerWD - Before find element --> By.xpath: //button[text()='Sign Out']
20:58:19.702  INFO  manager.ListenerWD - After find element --> By.xpath: //button[text()='Sign Out']
20:58:19.758  INFO  tests.TestBase - Need logout
20:58:19.759  INFO  manager.ListenerTNG - onTestStart name --> loginSuccess2
20:58:19.759  INFO  tests.TestBase - Login with valid data: email - kate@gmail.com, password - Kkate12345$
20:58:19.759  INFO  manager.ListenerWD - Before find element --> By.cssSelector: a[href='/login']
20:58:19.765  INFO  manager.ListenerWD - After find element --> By.cssSelector: a[href='/login']
20:58:19.824  INFO  manager.ListenerWD - Before find element --> By.cssSelector: input[name='email']
20:58:19.831  INFO  manager.ListenerWD - After find element --> By.cssSelector: input[name='email']
20:58:19.948  INFO  manager.ListenerWD - Before find element --> By.cssSelector: input[name='password']
20:58:19.955  INFO  manager.ListenerWD - After find element --> By.cssSelector: input[name='password']
20:58:20.067  INFO  manager.ListenerWD - Before find element --> By.cssSelector: button[name='login']
20:58:20.073  INFO  manager.ListenerWD - After find element --> By.cssSelector: button[name='login']
20:58:20.123  INFO  manager.ListenerWD - Before find elements --> By.xpath: //button[text()='Sign Out']
20:58:20.445  INFO  manager.ListenerWD - After find elements --> By.xpath: //button[text()='Sign Out']
20:58:20.445  INFO  manager.ListenerWD - List size is --> 1
20:58:20.445  INFO  tests.TestBase - Test passed with success
20:58:20.445  INFO  manager.ListenerTNG - onTestSuccess name --> loginSuccess2
20:58:20.445  INFO  tests.TestBase - The name of method is -->loginSuccess2
20:58:20.446  INFO  manager.ListenerWD - Before find elements --> By.xpath: //button[text()='Sign Out']
20:58:20.451  INFO  manager.ListenerWD - After find elements --> By.xpath: //button[text()='Sign Out']
20:58:20.451  INFO  manager.ListenerWD - List size is --> 1
20:58:20.451  INFO  manager.ListenerWD - Before find element --> By.xpath: //button[text()='Sign Out']
20:58:20.457  INFO  manager.ListenerWD - After find element --> By.xpath: //button[text()='Sign Out']
20:58:20.501  INFO  tests.TestBase - Need logout
20:58:20.501  INFO  manager.ListenerTNG - onTestStart name --> loginSuccess2
20:58:20.501  INFO  tests.TestBase - Login with valid data: email - kate@gmail.com, password - Kkate12345$
20:58:20.501  INFO  manager.ListenerWD - Before find element --> By.cssSelector: a[href='/login']
20:58:20.507  INFO  manager.ListenerWD - After find element --> By.cssSelector: a[href='/login']
20:58:20.547  INFO  manager.ListenerWD - Before find element --> By.cssSelector: input[name='email']
20:58:20.553  INFO  manager.ListenerWD - After find element --> By.cssSelector: input[name='email']
20:58:20.665  INFO  manager.ListenerWD - Before find element --> By.cssSelector: input[name='password']
20:58:20.671  INFO  manager.ListenerWD - After find element --> By.cssSelector: input[name='password']
20:58:20.794  INFO  manager.ListenerWD - Before find element --> By.cssSelector: button[name='login']
20:58:20.800  INFO  manager.ListenerWD - After find element --> By.cssSelector: button[name='login']
20:58:20.857  INFO  manager.ListenerWD - Before find elements --> By.xpath: //button[text()='Sign Out']
20:58:21.181  INFO  manager.ListenerWD - After find elements --> By.xpath: //button[text()='Sign Out']
20:58:21.181  INFO  manager.ListenerWD - List size is --> 1
20:58:21.181  INFO  tests.TestBase - Test passed with success
20:58:21.181  INFO  manager.ListenerTNG - onTestSuccess name --> loginSuccess2
20:58:21.181  INFO  tests.TestBase - The name of method is -->loginSuccess2
20:58:21.181  INFO  manager.ListenerWD - Before find elements --> By.xpath: //button[text()='Sign Out']
20:58:21.187  INFO  manager.ListenerWD - After find elements --> By.xpath: //button[text()='Sign Out']
20:58:21.187  INFO  manager.ListenerWD - List size is --> 1
20:58:21.187  INFO  manager.ListenerWD - Before find element --> By.xpath: //button[text()='Sign Out']
20:58:21.192  INFO  manager.ListenerWD - After find element --> By.xpath: //button[text()='Sign Out']
20:58:21.247  INFO  tests.TestBase - Need logout
20:58:21.248  INFO  manager.ListenerTNG - onTestStart name --> loginSuccess2
20:58:21.248  INFO  tests.TestBase - Login with valid data: email - kate@gmail.com, password - Kkate12345$
20:58:21.248  INFO  manager.ListenerWD - Before find element --> By.cssSelector: a[href='/login']
20:58:21.254  INFO  manager.ListenerWD - After find element --> By.cssSelector: a[href='/login']
20:58:21.304  INFO  manager.ListenerWD - Before find element --> By.cssSelector: input[name='email']
20:58:21.310  INFO  manager.ListenerWD - After find element --> By.cssSelector: input[name='email']
20:58:21.424  INFO  manager.ListenerWD - Before find element --> By.cssSelector: input[name='password']
20:58:21.430  INFO  manager.ListenerWD - After find element --> By.cssSelector: input[name='password']
20:58:21.522  INFO  manager.ListenerWD - Before find element --> By.cssSelector: button[name='login']
20:58:21.528  INFO  manager.ListenerWD - After find element --> By.cssSelector: button[name='login']
20:58:21.589  INFO  manager.ListenerWD - Before find elements --> By.xpath: //button[text()='Sign Out']
20:58:21.912  INFO  manager.ListenerWD - After find elements --> By.xpath: //button[text()='Sign Out']
20:58:21.912  INFO  manager.ListenerWD - List size is --> 1
20:58:21.912  INFO  tests.TestBase - Test passed with success
20:58:21.912  INFO  manager.ListenerTNG - onTestSuccess name --> loginSuccess2
20:58:21.912  INFO  tests.TestBase - The name of method is -->loginSuccess2
20:58:21.913  INFO  manager.ListenerWD - Before find elements --> By.xpath: //button[text()='Sign Out']
20:58:21.918  INFO  manager.ListenerWD - After find elements --> By.xpath: //button[text()='Sign Out']
20:58:21.918  INFO  manager.ListenerWD - List size is --> 1
20:58:21.918  INFO  manager.ListenerWD - Before find element --> By.xpath: //button[text()='Sign Out']
20:58:21.924  INFO  manager.ListenerWD - After find element --> By.xpath: //button[text()='Sign Out']
20:58:21.981  INFO  tests.TestBase - Need logout
20:58:21.982  INFO  manager.ListenerTNG - onTestStart name --> loginSuccess2
20:58:21.985  INFO  tests.TestBase - Login with valid data: User(email=kate@gmail.com, password=Kkate12345$)
20:58:21.985  INFO  manager.ListenerWD - Before find element --> By.cssSelector: a[href='/login']
20:58:21.992  INFO  manager.ListenerWD - After find element --> By.cssSelector: a[href='/login']
20:58:22.049  INFO  manager.ListenerWD - Before find element --> By.cssSelector: input[name='email']
20:58:22.055  INFO  manager.ListenerWD - After find element --> By.cssSelector: input[name='email']
20:58:22.169  INFO  manager.ListenerWD - Before find element --> By.cssSelector: input[name='password']
20:58:22.176  INFO  manager.ListenerWD - After find element --> By.cssSelector: input[name='password']
20:58:22.289  INFO  manager.ListenerWD - Before find element --> By.cssSelector: button[name='login']
20:58:22.295  INFO  manager.ListenerWD - After find element --> By.cssSelector: button[name='login']
20:58:22.350  INFO  manager.ListenerWD - Before find elements --> By.xpath: //button[text()='Sign Out']
20:58:22.672  INFO  manager.ListenerWD - After find elements --> By.xpath: //button[text()='Sign Out']
20:58:22.672  INFO  manager.ListenerWD - List size is --> 1
20:58:22.672  INFO  tests.TestBase - Test passed with success
20:58:22.672  INFO  manager.ListenerTNG - onTestSuccess name --> loginSuccess2
20:58:22.673  INFO  tests.TestBase - The name of method is -->loginSuccessModelFormFile
20:58:22.673  INFO  manager.ListenerWD - Before find elements --> By.xpath: //button[text()='Sign Out']
20:58:22.680  INFO  manager.ListenerWD - After find elements --> By.xpath: //button[text()='Sign Out']
20:58:22.680  INFO  manager.ListenerWD - List size is --> 1
20:58:22.680  INFO  manager.ListenerWD - Before find element --> By.xpath: //button[text()='Sign Out']
20:58:22.686  INFO  manager.ListenerWD - After find element --> By.xpath: //button[text()='Sign Out']
20:58:22.729  INFO  tests.TestBase - Need logout
20:58:22.729  INFO  manager.ListenerTNG - onTestStart name --> loginSuccessModelFormFile
20:58:22.729  INFO  tests.TestBase - Login with valid data: User(email=kate@gmail.com, password=Kkate12345$)
20:58:22.729  INFO  manager.ListenerWD - Before find element --> By.cssSelector: a[href='/login']
20:58:22.737  INFO  manager.ListenerWD - After find element --> By.cssSelector: a[href='/login']
20:58:22.802  INFO  manager.ListenerWD - Before find element --> By.cssSelector: input[name='email']
20:58:22.809  INFO  manager.ListenerWD - After find element --> By.cssSelector: input[name='email']
20:58:22.936  INFO  manager.ListenerWD - Before find element --> By.cssSelector: input[name='password']
20:58:22.944  INFO  manager.ListenerWD - After find element --> By.cssSelector: input[name='password']
20:58:23.073  INFO  manager.ListenerWD - Before find element --> By.cssSelector: button[name='login']
20:58:23.080  INFO  manager.ListenerWD - After find element --> By.cssSelector: button[name='login']
20:58:23.142  INFO  manager.ListenerWD - Before find elements --> By.xpath: //button[text()='Sign Out']
20:58:23.465  INFO  manager.ListenerWD - After find elements --> By.xpath: //button[text()='Sign Out']
20:58:23.465  INFO  manager.ListenerWD - List size is --> 1
20:58:23.465  INFO  tests.TestBase - Test passed with success
20:58:23.465  INFO  manager.ListenerTNG - onTestSuccess name --> loginSuccessModelFormFile
20:58:23.465  INFO  tests.TestBase - The name of method is -->loginUnregisteredUser
20:58:23.465  INFO  manager.ListenerWD - Before find elements --> By.xpath: //button[text()='Sign Out']
20:58:23.471  INFO  manager.ListenerWD - After find elements --> By.xpath: //button[text()='Sign Out']
20:58:23.471  INFO  manager.ListenerWD - List size is --> 1
20:58:23.471  INFO  manager.ListenerWD - Before find element --> By.xpath: //button[text()='Sign Out']
20:58:23.477  INFO  manager.ListenerWD - After find element --> By.xpath: //button[text()='Sign Out']
20:58:23.531  INFO  tests.TestBase - Need logout
20:58:23.532  INFO  manager.ListenerTNG - onTestStart name --> loginUnregisteredUser
20:58:23.532  INFO  tests.TestBase - Test starts with email: sddffhgj@gmail.com
20:58:23.532  INFO  manager.ListenerWD - Before find element --> By.cssSelector: a[href='/login']
20:58:23.538  INFO  manager.ListenerWD - After find element --> By.cssSelector: a[href='/login']
20:58:23.591  INFO  manager.ListenerWD - Before find element --> By.cssSelector: input[name='email']
20:58:23.597  INFO  manager.ListenerWD - After find element --> By.cssSelector: input[name='email']
20:58:23.704  INFO  manager.ListenerWD - Before find element --> By.cssSelector: input[name='password']
20:58:23.710  INFO  manager.ListenerWD - After find element --> By.cssSelector: input[name='password']
20:58:23.811  INFO  manager.ListenerWD - Before find element --> By.cssSelector: button[name='login']
20:58:23.817  INFO  manager.ListenerWD - After find element --> By.cssSelector: button[name='login']
20:58:23.876  INFO  manager.ListenerWD - Before find elements --> By.xpath: //button[text()='Sign Out']
20:58:24.301  INFO  manager.ListenerWD - After find elements --> By.xpath: //button[text()='Sign Out']
20:58:24.301  INFO  manager.ListenerWD - List size is --> 0
20:58:24.306  INFO  tests.TestBase - Test passed with success
20:58:24.306  INFO  manager.ListenerTNG - onTestSuccess name --> loginUnregisteredUser
20:58:24.306  INFO  tests.TestBase - The name of method is -->loginWrongEmail
20:58:24.307  INFO  manager.ListenerWD - Before find elements --> By.xpath: //button[text()='Sign Out']
20:58:29.325  INFO  manager.ListenerWD - After find elements --> By.xpath: //button[text()='Sign Out']
20:58:29.325  INFO  manager.ListenerWD - List size is --> 0
20:58:29.325  INFO  manager.ListenerTNG - onTestStart name --> loginWrongEmail
20:58:29.325  INFO  tests.TestBase - Test starts with email: kateagmail.com
20:58:29.325  INFO  manager.ListenerWD - Before find element --> By.cssSelector: a[href='/login']
20:58:29.333  INFO  manager.ListenerWD - After find element --> By.cssSelector: a[href='/login']
20:58:29.360  INFO  manager.ListenerWD - Before find element --> By.cssSelector: input[name='email']
20:58:29.367  INFO  manager.ListenerWD - After find element --> By.cssSelector: input[name='email']
20:58:29.500  INFO  manager.ListenerWD - Before find element --> By.cssSelector: input[name='password']
20:58:29.506  INFO  manager.ListenerWD - After find element --> By.cssSelector: input[name='password']
20:58:29.623  INFO  manager.ListenerWD - Before find element --> By.cssSelector: button[name='login']
20:58:29.630  INFO  manager.ListenerWD - After find element --> By.cssSelector: button[name='login']
20:58:29.672  INFO  manager.ListenerWD - Before find elements --> By.xpath: //button[text()='Sign Out']
20:58:30.097  INFO  manager.ListenerWD - After find elements --> By.xpath: //button[text()='Sign Out']
20:58:30.097  INFO  manager.ListenerWD - List size is --> 0
20:58:30.104  INFO  tests.TestBase - Test passed with success
20:58:30.104  INFO  manager.ListenerTNG - onTestSuccess name --> loginWrongEmail
20:58:30.104  INFO  tests.TestBase - The name of method is -->loginWrongPassword
20:58:30.104  INFO  manager.ListenerWD - Before find elements --> By.xpath: //button[text()='Sign Out']
20:58:35.114  INFO  manager.ListenerWD - After find elements --> By.xpath: //button[text()='Sign Out']
20:58:35.114  INFO  manager.ListenerWD - List size is --> 0
20:58:35.114  INFO  manager.ListenerTNG - onTestStart name --> loginWrongPassword
20:58:35.114  INFO  tests.TestBase - Test starts with password: ka123
20:58:35.114  INFO  manager.ListenerWD - Before find element --> By.cssSelector: a[href='/login']
20:58:35.120  INFO  manager.ListenerWD - After find element --> By.cssSelector: a[href='/login']
20:58:35.146  INFO  manager.ListenerWD - Before find element --> By.cssSelector: input[name='email']
20:58:35.152  INFO  manager.ListenerWD - After find element --> By.cssSelector: input[name='email']
20:58:35.231  INFO  manager.ListenerWD - Before find element --> By.cssSelector: input[name='password']
20:58:35.237  INFO  manager.ListenerWD - After find element --> By.cssSelector: input[name='password']
20:58:35.311  INFO  manager.ListenerWD - Before find element --> By.cssSelector: button[name='login']
20:58:35.317  INFO  manager.ListenerWD - After find element --> By.cssSelector: button[name='login']
20:58:35.371  INFO  manager.ListenerWD - Before find elements --> By.xpath: //button[text()='Sign Out']
20:58:35.796  INFO  manager.ListenerWD - After find elements --> By.xpath: //button[text()='Sign Out']
20:58:35.796  INFO  manager.ListenerWD - List size is --> 0
20:58:35.802  INFO  tests.TestBase - Test passed with success
20:58:35.802  INFO  manager.ListenerTNG - onTestSuccess name --> loginWrongPassword
20:58:35.802  INFO  manager.ListenerTNG - onFinish name --> Nopackage
