11:58:19.346  INFO  manager.ApplicationManager - All tests start in Chrome Browser
11:58:20.340  INFO  manager.ApplicationManager - Current url -->https://telranedu.web.app/home
11:58:20.357  INFO  tests.TestBase - The name of method is -->addNewContactSuccess
11:58:20.358  INFO  manager.ListenerWD - Before find elements --> By.xpath: //button[text()='Sign Out']
11:58:25.368  INFO  manager.ListenerWD - After find elements --> By.xpath: //button[text()='Sign Out']
11:58:25.370  INFO  manager.ListenerWD - List size is --> 0
11:58:25.370  INFO  manager.ListenerWD - Before find element --> By.cssSelector: a[href='/login']
11:58:25.387  INFO  manager.ListenerWD - After find element --> By.cssSelector: a[href='/login']
11:58:25.423  INFO  manager.ListenerWD - Before find element --> By.cssSelector: input[name='email']
11:58:25.439  INFO  manager.ListenerWD - After find element --> By.cssSelector: input[name='email']
11:58:25.506  INFO  manager.ListenerWD - Before find element --> By.cssSelector: input[name='password']
11:58:25.520  INFO  manager.ListenerWD - After find element --> By.cssSelector: input[name='password']
11:58:25.588  INFO  manager.ListenerWD - Before find element --> By.cssSelector: button[name='login']
11:58:25.602  INFO  manager.ListenerWD - After find element --> By.cssSelector: button[name='login']
11:58:25.639  INFO  tests.TestBase - Test started with data: Contact(name=Alina1455, lastName=White, phone=0865341455, email=alinaw1455@gmail.com, address=Kyiv, Ukraine, description=Childhood friend)
11:58:25.639  INFO  manager.ListenerWD - Before find element --> By.xpath: //a[@href='/add']
11:58:26.706  INFO  manager.ListenerWD - After find element --> By.xpath: //a[@href='/add']
11:58:28.731  INFO  manager.ListenerWD - Before find element --> By.cssSelector: input[placeholder='Name']
11:58:28.745  INFO  manager.ListenerWD - After find element --> By.cssSelector: input[placeholder='Name']
11:58:28.803  INFO  manager.ListenerWD - Before find element --> By.cssSelector: input[placeholder='Last Name']
11:58:28.817  INFO  manager.ListenerWD - After find element --> By.cssSelector: input[placeholder='Last Name']
11:58:28.875  INFO  manager.ListenerWD - Before find element --> By.cssSelector: input[placeholder='Phone']
11:58:28.887  INFO  manager.ListenerWD - After find element --> By.cssSelector: input[placeholder='Phone']
11:58:28.947  INFO  manager.ListenerWD - Before find element --> By.cssSelector: input[placeholder='email']
11:58:28.960  INFO  manager.ListenerWD - After find element --> By.cssSelector: input[placeholder='email']
11:58:29.021  INFO  manager.ListenerWD - Before find element --> By.cssSelector: input[placeholder='Address']
11:58:29.033  INFO  manager.ListenerWD - After find element --> By.cssSelector: input[placeholder='Address']
11:58:29.093  INFO  manager.ListenerWD - Before find element --> By.cssSelector: input[placeholder='description']
11:58:29.106  INFO  manager.ListenerWD - After find element --> By.cssSelector: input[placeholder='description']
11:58:31.167  INFO  manager.ListenerWD - Before find element --> By.xpath: //b[text()='Save']
11:58:31.179  INFO  manager.ListenerWD - After find element --> By.xpath: //b[text()='Save']
11:58:31.200  INFO  manager.ListenerWD - Before find elements --> By.cssSelector: h2
11:58:32.178  INFO  manager.ListenerWD - After find elements --> By.cssSelector: h2
11:58:32.179  INFO  manager.ListenerWD - List size is --> 70
11:58:32.812  INFO  manager.ListenerWD - Before find elements --> By.cssSelector: h3
11:58:32.999  INFO  manager.ListenerWD - After find elements --> By.cssSelector: h3
11:58:32.999  INFO  manager.ListenerWD - List size is --> 70
11:58:33.723  INFO  manager.ListenerWD - Before find elements --> By.cssSelector: h2
11:58:33.905  INFO  manager.ListenerWD - After find elements --> By.cssSelector: h2
11:58:33.906  INFO  manager.ListenerWD - List size is --> 70
11:58:34.260  INFO  manager.ListenerWD - Before find element --> By.xpath: //div[starts-with(@class,'contact-item-detailed_card')]
11:58:34.274  INFO  manager.ListenerWD - After find element --> By.xpath: //div[starts-with(@class,'contact-item-detailed_card')]
11:58:34.288  INFO  tests.TestBase - Test passed with success
11:58:34.291  INFO  tests.TestBase - The name of method is -->registrationSuccess
11:58:34.291  INFO  manager.ListenerWD - Before find elements --> By.xpath: //button[text()='Sign Out']
11:58:34.298  INFO  manager.ListenerWD - After find elements --> By.xpath: //button[text()='Sign Out']
11:58:34.299  INFO  manager.ListenerWD - List size is --> 1
11:58:34.299  INFO  manager.ListenerWD - Before find element --> By.xpath: //button[text()='Sign Out']
11:58:34.310  INFO  manager.ListenerWD - After find element --> By.xpath: //button[text()='Sign Out']
11:58:34.344  INFO  manager.ListenerWD - Before find element --> By.cssSelector: a[href='/login']
11:58:34.352  INFO  manager.ListenerWD - After find element --> By.cssSelector: a[href='/login']
11:58:34.381  INFO  manager.ListenerWD - Before find element --> By.cssSelector: input[name='email']
11:58:34.389  INFO  manager.ListenerWD - After find element --> By.cssSelector: input[name='email']
11:58:34.475  INFO  manager.ListenerWD - Before find element --> By.cssSelector: input[name='password']
11:58:34.482  INFO  manager.ListenerWD - After find element --> By.cssSelector: input[name='password']
11:58:34.559  INFO  manager.ListenerWD - Before find element --> By.cssSelector: [name='registration']
11:58:34.571  INFO  manager.ListenerWD - After find element --> By.cssSelector: [name='registration']
11:58:34.596  INFO  manager.ListenerWD - Before find elements --> By.xpath: //button[text()='Sign Out']
11:58:35.079  INFO  manager.ListenerWD - After find elements --> By.xpath: //button[text()='Sign Out']
11:58:35.079  INFO  manager.ListenerWD - List size is --> 1
