12:17:18.980  INFO  manager.ApplicationManager - All tests start in Firefox Browser
12:17:20.580  INFO  manager.ApplicationManager - Current url -->https://telranedu.web.app/home
12:17:20.604  INFO  tests.TestBase - The name of method is -->addNewContactSuccess
12:17:20.605  INFO  manager.ListenerWD - Before find elements --> By.xpath: //button[text()='Sign Out']
12:17:25.617  INFO  manager.ListenerWD - After find elements --> By.xpath: //button[text()='Sign Out']
12:17:25.619  INFO  manager.ListenerWD - List size is --> 0
12:17:25.620  INFO  manager.ListenerWD - Before find element --> By.cssSelector: a[href='/login']
12:17:25.633  INFO  manager.ListenerWD - After find element --> By.cssSelector: a[href='/login']
12:17:25.857  INFO  manager.ListenerWD - Before find element --> By.cssSelector: input[name='email']
12:17:25.868  INFO  manager.ListenerWD - After find element --> By.cssSelector: input[name='email']
12:17:26.099  INFO  manager.ListenerWD - Before find element --> By.cssSelector: input[name='password']
12:17:26.109  INFO  manager.ListenerWD - After find element --> By.cssSelector: input[name='password']
12:17:26.330  INFO  manager.ListenerWD - Before find element --> By.cssSelector: button[name='login']
12:17:26.339  INFO  manager.ListenerWD - After find element --> By.cssSelector: button[name='login']
12:17:26.565  INFO  tests.TestBase - Test started with data: Contact(name=Alina1439, lastName=White, phone=0865341439, email=alinaw1439@gmail.com, address=Kyiv, Ukraine, description=Childhood friend)
12:17:26.565  INFO  manager.ListenerWD - Before find element --> By.xpath: //a[@href='/add']
12:17:27.585  INFO  manager.ListenerWD - After find element --> By.xpath: //a[@href='/add']
12:17:29.795  INFO  manager.ListenerWD - Before find element --> By.cssSelector: input[placeholder='Name']
12:17:29.804  INFO  manager.ListenerWD - After find element --> By.cssSelector: input[placeholder='Name']
12:17:30.028  INFO  manager.ListenerWD - Before find element --> By.cssSelector: input[placeholder='Last Name']
12:17:30.037  INFO  manager.ListenerWD - After find element --> By.cssSelector: input[placeholder='Last Name']
12:17:30.254  INFO  manager.ListenerWD - Before find element --> By.cssSelector: input[placeholder='Phone']
12:17:30.263  INFO  manager.ListenerWD - After find element --> By.cssSelector: input[placeholder='Phone']
12:17:30.484  INFO  manager.ListenerWD - Before find element --> By.cssSelector: input[placeholder='email']
12:17:30.492  INFO  manager.ListenerWD - After find element --> By.cssSelector: input[placeholder='email']
12:17:30.714  INFO  manager.ListenerWD - Before find element --> By.cssSelector: input[placeholder='Address']
12:17:30.721  INFO  manager.ListenerWD - After find element --> By.cssSelector: input[placeholder='Address']
12:17:30.940  INFO  manager.ListenerWD - Before find element --> By.cssSelector: input[placeholder='description']
12:17:30.947  INFO  manager.ListenerWD - After find element --> By.cssSelector: input[placeholder='description']
12:17:33.168  INFO  manager.ListenerWD - Before find element --> By.xpath: //b[text()='Save']
12:17:33.175  INFO  manager.ListenerWD - After find element --> By.xpath: //b[text()='Save']
12:17:33.382  INFO  manager.ListenerWD - Before find elements --> By.cssSelector: h2
12:17:34.199  INFO  manager.ListenerWD - After find elements --> By.cssSelector: h2
12:17:34.199  INFO  manager.ListenerWD - List size is --> 72
12:17:34.373  INFO  manager.ListenerWD - Before find elements --> By.cssSelector: h3
12:17:34.558  INFO  manager.ListenerWD - After find elements --> By.cssSelector: h3
12:17:34.558  INFO  manager.ListenerWD - List size is --> 72
12:17:34.713  INFO  manager.ListenerWD - Before find elements --> By.cssSelector: h2
12:17:34.902  INFO  manager.ListenerWD - After find elements --> By.cssSelector: h2
12:17:34.902  INFO  manager.ListenerWD - List size is --> 72
12:17:35.277  INFO  manager.ListenerWD - Before find element --> By.xpath: //div[starts-with(@class,'contact-item-detailed_card')]
12:17:35.282  INFO  manager.ListenerWD - After find element --> By.xpath: //div[starts-with(@class,'contact-item-detailed_card')]
12:17:35.288  INFO  tests.TestBase - Test passed with success
12:17:35.291  INFO  tests.TestBase - The name of method is -->registrationSuccess
12:17:35.292  INFO  manager.ListenerWD - Before find elements --> By.xpath: //button[text()='Sign Out']
12:17:35.297  INFO  manager.ListenerWD - After find elements --> By.xpath: //button[text()='Sign Out']
12:17:35.297  INFO  manager.ListenerWD - List size is --> 1
12:17:35.297  INFO  manager.ListenerWD - Before find element --> By.xpath: //button[text()='Sign Out']
12:17:35.302  INFO  manager.ListenerWD - After find element --> By.xpath: //button[text()='Sign Out']
12:17:35.512  INFO  manager.ListenerWD - Before find element --> By.cssSelector: a[href='/login']
12:17:35.517  INFO  manager.ListenerWD - After find element --> By.cssSelector: a[href='/login']
12:17:35.724  INFO  manager.ListenerWD - Before find element --> By.cssSelector: input[name='email']
12:17:35.729  INFO  manager.ListenerWD - After find element --> By.cssSelector: input[name='email']
12:17:35.949  INFO  manager.ListenerWD - Before find element --> By.cssSelector: input[name='password']
12:17:35.954  INFO  manager.ListenerWD - After find element --> By.cssSelector: input[name='password']
12:17:36.171  INFO  manager.ListenerWD - Before find element --> By.cssSelector: [name='registration']
12:17:36.176  INFO  manager.ListenerWD - After find element --> By.cssSelector: [name='registration']
12:17:36.382  INFO  manager.ListenerWD - Before find elements --> By.xpath: //button[text()='Sign Out']
12:17:36.671  INFO  manager.ListenerWD - After find elements --> By.xpath: //button[text()='Sign Out']
12:17:36.671  INFO  manager.ListenerWD - List size is --> 1
