10:59:54.976  INFO  manager.ApplicationManager - All tests start in Chrome Browser
10:59:55.994  INFO  manager.ApplicationManager - Current url -->https://telranedu.web.app/home
10:59:56.011  INFO  tests.TestBase - The name of method is -->loginSuccess
10:59:56.012  INFO  manager.ListenerWD - Before find elements --> By.xpath: //button[text()='Sign Out']
11:00:01.027  INFO  manager.ListenerWD - After find elements --> By.xpath: //button[text()='Sign Out']
11:00:01.028  INFO  manager.ListenerWD - List size is --> 0
11:00:01.029  INFO  tests.TestBase - Login with valid data: email - kate@gmail.com, password - Kkate12345$
11:00:01.030  INFO  manager.ListenerWD - Before find element --> By.cssSelector: a[href='/l']
11:00:06.086  INFO  manager.ListenerWD - Test ends with error
11:00:06.086  INFO  manager.ListenerWD - ===================================
11:00:06.086  INFO  manager.ListenerWD - Method name--> findElement
11:00:06.086  INFO  manager.ListenerWD - ===================================
11:00:06.087  INFO  manager.ListenerWD - InvocationTargetException cause--> org.openqa.selenium.NoSuchElementException: no such element: Unable to locate element: {"method":"css selector","selector":"a[href='/l']"}
  (Session info: chrome=109.0.5414.120)
For documentation on this error, please visit: https://selenium.dev/exceptions/#no_such_element
Build info: version: '4.7.1', revision: 'c6795baf1a3'
System info: os.name: 'Windows 10', os.arch: 'amd64', os.version: '10.0', java.version: '11.0.17'
Driver info: org.openqa.selenium.chrome.ChromeDriver
Command: [8b1a849f5b2c1a4bb81db04e171058a3, findElement {using=css selector, value=a[href='/l']}]
Capabilities {acceptInsecureCerts: false, browserName: chrome, browserVersion: 109.0.5414.120, chrome: {chromedriverVersion: 109.0.5414.74 (e7c5703604da..., userDataDir: C:\Users\User\AppData\Local...}, goog:chromeOptions: {debuggerAddress: localhost:49570}, networkConnectionEnabled: false, pageLoadStrategy: normal, platformName: WINDOWS, proxy: Proxy(), se:cdp: ws://localhost:49570/devtoo..., se:cdpVersion: 109.0.5414.120, setWindowRect: true, strictFileInteractability: false, timeouts: {implicit: 0, pageLoad: 300000, script: 30000}, unhandledPromptBehavior: dismiss and notify, webauthn:extension:credBlob: true, webauthn:extension:largeBlob: true, webauthn:virtualAuthenticators: true}
Session ID: 8b1a849f5b2c1a4bb81db04e171058a3
11:00:06.087  INFO  manager.ListenerWD - ===================================
11:00:06.088  INFO  manager.ListenerWD - Object target --> ChromeDriver: chrome on WINDOWS (8b1a849f5b2c1a4bb81db04e171058a3)
11:00:06.088  INFO  manager.ListenerWD - ===================================
11:00:06.089  INFO  manager.ListenerWD - Screen with error is -->src/test/screenshots/screen-659.png
