20:04:01.585  INFO  manager.ApplicationManager - All tests start in Chrome Browser
20:04:02.775  INFO  manager.ApplicationManager - Current url -->https://telranedu.web.app/home
20:04:02.777  INFO  manager.ListenerTNG - onStart name --> Nopackage
20:04:02.792  INFO  tests.TestBase - The name of method is -->addNewContactSuccess
20:04:02.793  INFO  manager.ListenerWD - Before find elements --> By.xpath: //button[text()='Sign Out']
20:04:07.807  INFO  manager.ListenerWD - After find elements --> By.xpath: //button[text()='Sign Out']
20:04:07.808  INFO  manager.ListenerWD - List size is --> 0
20:04:07.811  INFO  manager.ListenerWD - Before find element --> By.cssSelector: a[href='/login']
20:04:07.828  INFO  manager.ListenerWD - After find element --> By.cssSelector: a[href='/login']
20:04:07.885  INFO  manager.ListenerWD - Before find element --> By.cssSelector: input[name='email']
20:04:07.900  INFO  manager.ListenerWD - After find element --> By.cssSelector: input[name='email']
20:04:07.983  INFO  manager.ListenerWD - Before find element --> By.cssSelector: input[name='password']
20:04:07.998  INFO  manager.ListenerWD - After find element --> By.cssSelector: input[name='password']
20:04:08.072  INFO  manager.ListenerWD - Before find element --> By.cssSelector: button[name='login']
20:04:08.086  INFO  manager.ListenerWD - After find element --> By.cssSelector: button[name='login']
20:04:08.122  INFO  manager.ListenerTNG - onTestStart name --> addNewContactSuccess
20:04:08.136  INFO  tests.TestBase - Test started with data: Contact(name=Alina1758, lastName=White, phone=0865341758, email=alinaw1758@gmail.com, address=Kyiv, Ukraine, description=Childhood friend)
20:04:08.136  INFO  manager.ListenerWD - Before find element --> By.xpath: //a[@href='/add']
20:04:09.415  INFO  manager.ListenerWD - After find element --> By.xpath: //a[@href='/add']
20:04:09.454  INFO  manager.ListenerWD - Before find element --> By.cssSelector: input[placeholder='Name']
20:04:09.468  INFO  manager.ListenerWD - After find element --> By.cssSelector: input[placeholder='Name']
20:04:09.542  INFO  manager.ListenerWD - Before find element --> By.cssSelector: input[placeholder='Last Name']
20:04:09.555  INFO  manager.ListenerWD - After find element --> By.cssSelector: input[placeholder='Last Name']
20:04:09.622  INFO  manager.ListenerWD - Before find element --> By.cssSelector: input[placeholder='Phone']
20:04:09.634  INFO  manager.ListenerWD - After find element --> By.cssSelector: input[placeholder='Phone']
20:04:09.704  INFO  manager.ListenerWD - Before find element --> By.cssSelector: input[placeholder='email']
20:04:09.718  INFO  manager.ListenerWD - After find element --> By.cssSelector: input[placeholder='email']
20:04:09.791  INFO  manager.ListenerWD - Before find element --> By.cssSelector: input[placeholder='Address']
20:04:09.804  INFO  manager.ListenerWD - After find element --> By.cssSelector: input[placeholder='Address']
20:04:09.879  INFO  manager.ListenerWD - Before find element --> By.cssSelector: input[placeholder='description']
20:04:09.891  INFO  manager.ListenerWD - After find element --> By.cssSelector: input[placeholder='description']
20:04:09.972  INFO  manager.ListenerWD - Before find element --> By.xpath: //b[text()='Save']
20:04:09.985  INFO  manager.ListenerWD - After find element --> By.xpath: //b[text()='Save']
20:04:10.019  INFO  manager.ListenerWD - Before find elements --> By.cssSelector: h2
20:04:11.387  INFO  manager.ListenerWD - After find elements --> By.cssSelector: h2
20:04:11.387  INFO  manager.ListenerWD - List size is --> 125
20:04:12.536  INFO  manager.ListenerWD - Before find elements --> By.cssSelector: h3
20:04:12.902  INFO  manager.ListenerWD - After find elements --> By.cssSelector: h3
20:04:12.902  INFO  manager.ListenerWD - List size is --> 125
20:04:14.325  INFO  manager.ListenerWD - Before find elements --> By.cssSelector: h2
20:04:14.567  INFO  manager.ListenerWD - After find elements --> By.cssSelector: h2
20:04:14.567  INFO  manager.ListenerWD - List size is --> 125
20:04:15.147  INFO  manager.ListenerWD - Before find element --> By.xpath: //div[starts-with(@class,'contact-item-detailed_card')]
20:04:15.160  INFO  manager.ListenerWD - After find element --> By.xpath: //div[starts-with(@class,'contact-item-detailed_card')]
20:04:15.176  INFO  tests.TestBase - Test passed with success
20:04:15.177  INFO  manager.ListenerTNG - onTestSuccess name --> addNewContactSuccess
20:04:15.180  INFO  tests.TestBase - The name of method is -->registrationSuccess
20:04:15.180  INFO  manager.ListenerWD - Before find elements --> By.xpath: //button[text()='Sign Out']
20:04:15.189  INFO  manager.ListenerWD - After find elements --> By.xpath: //button[text()='Sign Out']
20:04:15.189  INFO  manager.ListenerWD - List size is --> 1
20:04:15.189  INFO  manager.ListenerWD - Before find element --> By.xpath: //button[text()='Sign Out']
20:04:15.201  INFO  manager.ListenerWD - After find element --> By.xpath: //button[text()='Sign Out']
20:04:15.248  INFO  manager.ListenerTNG - onTestStart name --> registrationSuccess
20:04:15.249  INFO  manager.ListenerWD - Before find element --> By.cssSelector: a[href='/login']
20:04:15.257  INFO  manager.ListenerWD - After find element --> By.cssSelector: a[href='/login']
20:04:15.304  INFO  manager.ListenerWD - Before find element --> By.cssSelector: input[name='email']
20:04:15.312  INFO  manager.ListenerWD - After find element --> By.cssSelector: input[name='email']
20:04:15.406  INFO  manager.ListenerWD - Before find element --> By.cssSelector: input[name='password']
20:04:15.416  INFO  manager.ListenerWD - After find element --> By.cssSelector: input[name='password']
20:04:15.514  INFO  manager.ListenerWD - Before find element --> By.cssSelector: [name='registration']
20:04:15.526  INFO  manager.ListenerWD - After find element --> By.cssSelector: [name='registration']
20:04:15.571  INFO  manager.ListenerWD - Before find elements --> By.xpath: //button[text()='Sign Out']
20:04:16.105  INFO  manager.ListenerWD - After find elements --> By.xpath: //button[text()='Sign Out']
20:04:16.105  INFO  manager.ListenerWD - List size is --> 1
20:04:16.105  INFO  manager.ListenerTNG - onTestSuccess name --> registrationSuccess
20:04:16.108  INFO  tests.TestBase - The name of method is -->loginSuccessModelFormFile
20:04:16.108  INFO  manager.ListenerWD - Before find elements --> By.xpath: //button[text()='Sign Out']
20:04:16.115  INFO  manager.ListenerWD - After find elements --> By.xpath: //button[text()='Sign Out']
20:04:16.116  INFO  manager.ListenerWD - List size is --> 1
20:04:16.116  INFO  manager.ListenerWD - Before find element --> By.xpath: //button[text()='Sign Out']
20:04:16.122  INFO  manager.ListenerWD - After find element --> By.xpath: //button[text()='Sign Out']
20:04:16.168  INFO  tests.TestBase - Need logout
20:04:16.168  INFO  manager.ListenerTNG - onTestStart name --> loginSuccessModelFormFile
20:04:16.172  INFO  tests.TestBase - Login with valid data: User(email=kate@gmail.com, password=Kkate12345$)
20:04:16.173  INFO  manager.ListenerWD - Before find element --> By.cssSelector: a[href='/login']
20:04:16.180  INFO  manager.ListenerWD - After find element --> By.cssSelector: a[href='/login']
20:04:16.228  INFO  manager.ListenerWD - Before find element --> By.cssSelector: input[name='email']
20:04:16.235  INFO  manager.ListenerWD - After find element --> By.cssSelector: input[name='email']
20:04:16.348  INFO  manager.ListenerWD - Before find element --> By.cssSelector: input[name='password']
20:04:16.355  INFO  manager.ListenerWD - After find element --> By.cssSelector: input[name='password']
20:04:16.460  INFO  manager.ListenerWD - Before find element --> By.cssSelector: button[name='login']
20:04:16.468  INFO  manager.ListenerWD - After find element --> By.cssSelector: button[name='login']
20:04:16.512  INFO  manager.ListenerWD - Before find elements --> By.xpath: //button[text()='Sign Out']
20:04:16.837  INFO  manager.ListenerWD - After find elements --> By.xpath: //button[text()='Sign Out']
20:04:16.838  INFO  manager.ListenerWD - List size is --> 1
20:04:16.838  INFO  tests.TestBase - Test passed with success
20:04:16.838  INFO  manager.ListenerTNG - onTestSuccess name --> loginSuccessModelFormFile
20:04:16.838  INFO  tests.TestBase - The name of method is -->loginWrongEmail
20:04:16.839  INFO  manager.ListenerWD - Before find elements --> By.xpath: //button[text()='Sign Out']
20:04:16.845  INFO  manager.ListenerWD - After find elements --> By.xpath: //button[text()='Sign Out']
20:04:16.845  INFO  manager.ListenerWD - List size is --> 1
20:04:16.845  INFO  manager.ListenerWD - Before find element --> By.xpath: //button[text()='Sign Out']
20:04:16.852  INFO  manager.ListenerWD - After find element --> By.xpath: //button[text()='Sign Out']
20:04:16.898  INFO  tests.TestBase - Need logout
20:04:16.898  INFO  manager.ListenerTNG - onTestStart name --> loginWrongEmail
20:04:16.898  INFO  tests.TestBase - Test starts with email: kateagmail.com
20:04:16.899  INFO  manager.ListenerWD - Before find element --> By.cssSelector: a[href='/login']
20:04:16.906  INFO  manager.ListenerWD - After find element --> By.cssSelector: a[href='/login']
20:04:16.959  INFO  manager.ListenerWD - Before find element --> By.cssSelector: input[name='email']
20:04:16.967  INFO  manager.ListenerWD - After find element --> By.cssSelector: input[name='email']
20:04:17.073  INFO  manager.ListenerWD - Before find element --> By.cssSelector: input[name='password']
20:04:17.080  INFO  manager.ListenerWD - After find element --> By.cssSelector: input[name='password']
20:04:17.179  INFO  manager.ListenerWD - Before find element --> By.cssSelector: button[name='login']
20:04:17.186  INFO  manager.ListenerWD - After find element --> By.cssSelector: button[name='login']
20:04:17.235  INFO  manager.ListenerWD - Before find elements --> By.xpath: //button[text()='Sign Out']
20:04:17.662  INFO  manager.ListenerWD - After find elements --> By.xpath: //button[text()='Sign Out']
20:04:17.662  INFO  manager.ListenerWD - List size is --> 0
20:04:17.670  INFO  tests.TestBase - Test passed with success
20:04:17.671  INFO  manager.ListenerTNG - onTestSuccess name --> loginWrongEmail
20:04:17.671  INFO  manager.ListenerTNG - onFinish name --> Nopackage
