10:11:26.804  INFO  manager.ApplicationManager - All tests start in Chrome Browser
10:11:27.730  INFO  manager.ApplicationManager - Current url -->https://telranedu.web.app/home
10:11:27.748  INFO  tests.TestBase - The name of method is -->loginSuccess
10:11:27.750  INFO  manager.ListenerWD - Before find elements -->By.xpath: //button[text()='Sign Out']
10:11:32.761  INFO  manager.ListenerWD - After find elements -->By.xpath: //button[text()='Sign Out']
10:11:32.762  INFO  manager.ListenerWD - List size is -->0
10:11:32.763  INFO  tests.TestBase - Login with valid data: email - kate@gmail.com, password - Kkate12345$
10:11:32.763  INFO  manager.ListenerWD - Before find element -->By.cssSelector: a[href='/l']
10:11:37.822  INFO  manager.ListenerWD - Test ends with error
10:11:37.822  INFO  manager.ListenerWD - ===================================
10:11:37.822  INFO  manager.ListenerWD - Method name-->findElement
10:11:37.822  INFO  manager.ListenerWD - ===================================
10:11:37.823  INFO  manager.ListenerWD - InvocationTargetException messagenull
10:11:37.823  INFO  manager.ListenerWD - ===================================
10:11:37.824  INFO  manager.ListenerWD - InvocationTargetException targetorg.openqa.selenium.NoSuchElementException: no such element: Unable to locate element: {"method":"css selector","selector":"a[href='/l']"}
  (Session info: chrome=109.0.5414.120)
For documentation on this error, please visit: https://selenium.dev/exceptions/#no_such_element
Build info: version: '4.7.1', revision: 'c6795baf1a3'
System info: os.name: 'Windows 10', os.arch: 'amd64', os.version: '10.0', java.version: '11.0.17'
Driver info: org.openqa.selenium.chrome.ChromeDriver
Command: [8c0d05300270cdf5022272a8a77e9029, findElement {using=css selector, value=a[href='/l']}]
Capabilities {acceptInsecureCerts: false, browserName: chrome, browserVersion: 109.0.5414.120, chrome: {chromedriverVersion: 109.0.5414.74 (e7c5703604da..., userDataDir: C:\Users\User\AppData\Local...}, goog:chromeOptions: {debuggerAddress: localhost:64785}, networkConnectionEnabled: false, pageLoadStrategy: normal, platformName: WINDOWS, proxy: Proxy(), se:cdp: ws://localhost:64785/devtoo..., se:cdpVersion: 109.0.5414.120, setWindowRect: true, strictFileInteractability: false, timeouts: {implicit: 0, pageLoad: 300000, script: 30000}, unhandledPromptBehavior: dismiss and notify, webauthn:extension:credBlob: true, webauthn:extension:largeBlob: true, webauthn:virtualAuthenticators: true}
Session ID: 8c0d05300270cdf5022272a8a77e9029
10:11:37.824  INFO  manager.ListenerWD - ===================================
10:11:37.824  INFO  manager.ListenerWD - InvocationTargetException causeorg.openqa.selenium.NoSuchElementException: no such element: Unable to locate element: {"method":"css selector","selector":"a[href='/l']"}
  (Session info: chrome=109.0.5414.120)
For documentation on this error, please visit: https://selenium.dev/exceptions/#no_such_element
Build info: version: '4.7.1', revision: 'c6795baf1a3'
System info: os.name: 'Windows 10', os.arch: 'amd64', os.version: '10.0', java.version: '11.0.17'
Driver info: org.openqa.selenium.chrome.ChromeDriver
Command: [8c0d05300270cdf5022272a8a77e9029, findElement {using=css selector, value=a[href='/l']}]
Capabilities {acceptInsecureCerts: false, browserName: chrome, browserVersion: 109.0.5414.120, chrome: {chromedriverVersion: 109.0.5414.74 (e7c5703604da..., userDataDir: C:\Users\User\AppData\Local...}, goog:chromeOptions: {debuggerAddress: localhost:64785}, networkConnectionEnabled: false, pageLoadStrategy: normal, platformName: WINDOWS, proxy: Proxy(), se:cdp: ws://localhost:64785/devtoo..., se:cdpVersion: 109.0.5414.120, setWindowRect: true, strictFileInteractability: false, timeouts: {implicit: 0, pageLoad: 300000, script: 30000}, unhandledPromptBehavior: dismiss and notify, webauthn:extension:credBlob: true, webauthn:extension:largeBlob: true, webauthn:virtualAuthenticators: true}
Session ID: 8c0d05300270cdf5022272a8a77e9029
10:11:37.825  INFO  manager.ListenerWD - ===================================
10:11:37.825  INFO  manager.ListenerWD - Object target -->ChromeDriver: chrome on WINDOWS (8c0d05300270cdf5022272a8a77e9029)
10:11:37.825  INFO  manager.ListenerWD - ===================================
