20:47:48.375  INFO  manager.ApplicationManager - All tests start in Chrome Browser
20:47:50.921  INFO  manager.ApplicationManager - Current url -->https://telranedu.web.app/home
20:47:50.923  INFO  manager.ListenerTNG - onStart name --> Gradle test
20:47:50.938  INFO  tests.TestBase - The name of method is -->addNewContactAddressBlank
20:47:50.939  INFO  manager.ListenerWD - Before find elements --> By.xpath: //button[text()='Sign Out']
20:47:55.998  INFO  manager.ListenerWD - After find elements --> By.xpath: //button[text()='Sign Out']
20:47:55.999  INFO  manager.ListenerWD - List size is --> 0
20:47:56.000  INFO  manager.ListenerWD - Before find element --> By.cssSelector: a[href='/login']
20:47:56.016  INFO  manager.ListenerWD - After find element --> By.cssSelector: a[href='/login']
20:47:56.051  INFO  manager.ListenerWD - Before find element --> By.cssSelector: input[name='email']
20:47:56.065  INFO  manager.ListenerWD - After find element --> By.cssSelector: input[name='email']
20:47:56.130  INFO  manager.ListenerWD - Before find element --> By.cssSelector: input[name='password']
20:47:56.143  INFO  manager.ListenerWD - After find element --> By.cssSelector: input[name='password']
20:47:56.206  INFO  manager.ListenerWD - Before find element --> By.cssSelector: button[name='login']
20:47:56.220  INFO  manager.ListenerWD - After find element --> By.cssSelector: button[name='login']
20:47:56.242  INFO  manager.ListenerTNG - onTestStart name --> addNewContactAddressBlank
20:47:56.245  INFO  tests.TestBase - Test started with address:  
20:47:56.245  INFO  manager.ListenerWD - Before find element --> By.xpath: //a[@href='/add']
20:47:58.466  INFO  manager.ListenerWD - After find element --> By.xpath: //a[@href='/add']
20:48:00.491  INFO  manager.ListenerWD - Before find element --> By.cssSelector: input[placeholder='Name']
20:48:00.505  INFO  manager.ListenerWD - After find element --> By.cssSelector: input[placeholder='Name']
20:48:00.560  INFO  manager.ListenerWD - Before find element --> By.cssSelector: input[placeholder='Last Name']
20:48:00.573  INFO  manager.ListenerWD - After find element --> By.cssSelector: input[placeholder='Last Name']
20:48:00.625  INFO  manager.ListenerWD - Before find element --> By.cssSelector: input[placeholder='Phone']
20:48:00.638  INFO  manager.ListenerWD - After find element --> By.cssSelector: input[placeholder='Phone']
20:48:00.693  INFO  manager.ListenerWD - Before find element --> By.cssSelector: input[placeholder='email']
20:48:00.706  INFO  manager.ListenerWD - After find element --> By.cssSelector: input[placeholder='email']
20:48:00.764  INFO  manager.ListenerWD - Before find element --> By.cssSelector: input[placeholder='Address']
20:48:00.776  INFO  manager.ListenerWD - After find element --> By.cssSelector: input[placeholder='Address']
20:48:00.825  INFO  manager.ListenerWD - Before find element --> By.cssSelector: input[placeholder='description']
20:48:00.838  INFO  manager.ListenerWD - After find element --> By.cssSelector: input[placeholder='description']
20:48:02.895  INFO  manager.ListenerWD - Before find element --> By.xpath: //b[text()='Save']
20:48:02.907  INFO  manager.ListenerWD - After find element --> By.xpath: //b[text()='Save']
20:48:02.926  INFO  manager.ListenerWD - Before find elements --> By.cssSelector: a[href='/add'][class='active']
20:48:02.937  INFO  manager.ListenerWD - After find elements --> By.cssSelector: a[href='/add'][class='active']
20:48:02.937  INFO  manager.ListenerWD - List size is --> 1
20:48:02.939  INFO  tests.TestBase - Test passed with success
20:48:02.940  INFO  manager.ListenerTNG - onTestSuccess name --> addNewContactAddressBlank
20:48:02.941  INFO  tests.TestBase - The name of method is -->addNewContactAddressNull
20:48:02.941  INFO  manager.ListenerWD - Before find elements --> By.xpath: //button[text()='Sign Out']
20:48:02.950  INFO  manager.ListenerWD - After find elements --> By.xpath: //button[text()='Sign Out']
20:48:02.950  INFO  manager.ListenerWD - List size is --> 1
20:48:02.950  INFO  manager.ListenerTNG - onTestStart name --> addNewContactAddressNull
20:48:02.951  INFO  tests.TestBase - Test started with address: 
20:48:02.951  INFO  manager.ListenerWD - Before find element --> By.xpath: //a[@href='/add']
20:48:02.959  INFO  manager.ListenerWD - After find element --> By.xpath: //a[@href='/add']
20:48:04.979  INFO  manager.ListenerWD - Before find element --> By.cssSelector: input[placeholder='Name']
20:48:04.988  INFO  manager.ListenerWD - After find element --> By.cssSelector: input[placeholder='Name']
20:48:05.038  INFO  manager.ListenerWD - Before find element --> By.cssSelector: input[placeholder='Last Name']
20:48:05.047  INFO  manager.ListenerWD - After find element --> By.cssSelector: input[placeholder='Last Name']
20:48:05.097  INFO  manager.ListenerWD - Before find element --> By.cssSelector: input[placeholder='Phone']
20:48:05.106  INFO  manager.ListenerWD - After find element --> By.cssSelector: input[placeholder='Phone']
20:48:05.154  INFO  manager.ListenerWD - Before find element --> By.cssSelector: input[placeholder='email']
20:48:05.164  INFO  manager.ListenerWD - After find element --> By.cssSelector: input[placeholder='email']
20:48:05.218  INFO  manager.ListenerWD - Before find element --> By.cssSelector: input[placeholder='Address']
20:48:05.226  INFO  manager.ListenerWD - After find element --> By.cssSelector: input[placeholder='Address']
20:48:05.270  INFO  manager.ListenerWD - Before find element --> By.cssSelector: input[placeholder='description']
20:48:05.278  INFO  manager.ListenerWD - After find element --> By.cssSelector: input[placeholder='description']
20:48:07.330  INFO  manager.ListenerWD - Before find element --> By.xpath: //b[text()='Save']
20:48:07.339  INFO  manager.ListenerWD - After find element --> By.xpath: //b[text()='Save']
20:48:07.352  INFO  manager.ListenerWD - Before find elements --> By.cssSelector: a[href='/add'][class='active']
20:48:07.360  INFO  manager.ListenerWD - After find elements --> By.cssSelector: a[href='/add'][class='active']
20:48:07.360  INFO  manager.ListenerWD - List size is --> 1
20:48:07.360  INFO  tests.TestBase - Test passed with success
20:48:07.361  INFO  manager.ListenerTNG - onTestSuccess name --> addNewContactAddressNull
20:48:07.361  INFO  tests.TestBase - The name of method is -->addNewContactBlankEmail
20:48:07.361  INFO  manager.ListenerWD - Before find elements --> By.xpath: //button[text()='Sign Out']
20:48:07.370  INFO  manager.ListenerWD - After find elements --> By.xpath: //button[text()='Sign Out']
20:48:07.370  INFO  manager.ListenerWD - List size is --> 1
20:48:07.370  INFO  manager.ListenerTNG - onTestStart name --> addNewContactBlankEmail
20:48:07.371  INFO  tests.TestBase - Test started with email:  
20:48:07.371  INFO  manager.ListenerWD - Before find element --> By.xpath: //a[@href='/add']
20:48:07.378  INFO  manager.ListenerWD - After find element --> By.xpath: //a[@href='/add']
20:48:07.395  INFO  manager.ListenerWD - Before find element --> By.cssSelector: input[placeholder='Name']
20:48:07.403  INFO  manager.ListenerWD - After find element --> By.cssSelector: input[placeholder='Name']
20:48:07.451  INFO  manager.ListenerWD - Before find element --> By.cssSelector: input[placeholder='Last Name']
20:48:07.460  INFO  manager.ListenerWD - After find element --> By.cssSelector: input[placeholder='Last Name']
20:48:07.504  INFO  manager.ListenerWD - Before find element --> By.cssSelector: input[placeholder='Phone']
20:48:07.512  INFO  manager.ListenerWD - After find element --> By.cssSelector: input[placeholder='Phone']
20:48:07.557  INFO  manager.ListenerWD - Before find element --> By.cssSelector: input[placeholder='email']
20:48:07.565  INFO  manager.ListenerWD - After find element --> By.cssSelector: input[placeholder='email']
20:48:07.606  INFO  manager.ListenerWD - Before find element --> By.cssSelector: input[placeholder='Address']
20:48:07.614  INFO  manager.ListenerWD - After find element --> By.cssSelector: input[placeholder='Address']
20:48:07.662  INFO  manager.ListenerWD - Before find element --> By.cssSelector: input[placeholder='description']
20:48:07.670  INFO  manager.ListenerWD - After find element --> By.cssSelector: input[placeholder='description']
20:48:07.719  INFO  manager.ListenerWD - Before find element --> By.xpath: //b[text()='Save']
20:48:07.727  INFO  manager.ListenerWD - After find element --> By.xpath: //b[text()='Save']
20:48:09.750  INFO  tests.TestBase - Test passed with success
20:48:09.751  INFO  manager.ListenerTNG - onTestSuccess name --> addNewContactBlankEmail
20:48:09.751  INFO  tests.TestBase - The name of method is -->addNewContactBlankLastName
20:48:09.751  INFO  manager.ListenerWD - Before find elements --> By.xpath: //button[text()='Sign Out']
20:48:09.759  INFO  manager.ListenerWD - After find elements --> By.xpath: //button[text()='Sign Out']
20:48:09.760  INFO  manager.ListenerWD - List size is --> 1
20:48:09.760  INFO  manager.ListenerTNG - onTestStart name --> addNewContactBlankLastName
20:48:09.760  INFO  tests.TestBase - Test started with last name:  
20:48:09.760  INFO  manager.ListenerWD - Before find element --> By.xpath: //a[@href='/add']
20:48:09.768  INFO  manager.ListenerWD - After find element --> By.xpath: //a[@href='/add']
20:48:09.784  INFO  manager.ListenerWD - Before find element --> By.cssSelector: input[placeholder='Name']
20:48:09.793  INFO  manager.ListenerWD - After find element --> By.cssSelector: input[placeholder='Name']
20:48:09.839  INFO  manager.ListenerWD - Before find element --> By.cssSelector: input[placeholder='Last Name']
20:48:09.848  INFO  manager.ListenerWD - After find element --> By.cssSelector: input[placeholder='Last Name']
20:48:09.890  INFO  manager.ListenerWD - Before find element --> By.cssSelector: input[placeholder='Phone']
20:48:09.898  INFO  manager.ListenerWD - After find element --> By.cssSelector: input[placeholder='Phone']
20:48:09.946  INFO  manager.ListenerWD - Before find element --> By.cssSelector: input[placeholder='email']
20:48:09.955  INFO  manager.ListenerWD - After find element --> By.cssSelector: input[placeholder='email']
20:48:10.004  INFO  manager.ListenerWD - Before find element --> By.cssSelector: input[placeholder='Address']
20:48:10.012  INFO  manager.ListenerWD - After find element --> By.cssSelector: input[placeholder='Address']
20:48:10.059  INFO  manager.ListenerWD - Before find element --> By.cssSelector: input[placeholder='description']
20:48:10.066  INFO  manager.ListenerWD - After find element --> By.cssSelector: input[placeholder='description']
20:48:10.114  INFO  manager.ListenerWD - Before find element --> By.xpath: //b[text()='Save']
20:48:10.122  INFO  manager.ListenerWD - After find element --> By.xpath: //b[text()='Save']
20:48:10.134  INFO  manager.ListenerWD - Before find elements --> By.cssSelector: a[href='/add'][class='active']
20:48:10.142  INFO  manager.ListenerWD - After find elements --> By.cssSelector: a[href='/add'][class='active']
20:48:10.142  INFO  manager.ListenerWD - List size is --> 1
20:48:10.142  INFO  tests.TestBase - Test passed with success
20:48:10.142  INFO  manager.ListenerTNG - onTestSuccess name --> addNewContactBlankLastName
20:48:10.142  INFO  tests.TestBase - The name of method is -->addNewContactBlankName
20:48:10.143  INFO  manager.ListenerWD - Before find elements --> By.xpath: //button[text()='Sign Out']
20:48:10.151  INFO  manager.ListenerWD - After find elements --> By.xpath: //button[text()='Sign Out']
20:48:10.151  INFO  manager.ListenerWD - List size is --> 1
20:48:10.151  INFO  manager.ListenerTNG - onTestStart name --> addNewContactBlankName
20:48:10.152  INFO  tests.TestBase - Test started with name:  
20:48:10.152  INFO  manager.ListenerWD - Before find element --> By.xpath: //a[@href='/add']
20:48:10.159  INFO  manager.ListenerWD - After find element --> By.xpath: //a[@href='/add']
20:48:10.174  INFO  manager.ListenerWD - Before find element --> By.cssSelector: input[placeholder='Name']
20:48:10.182  INFO  manager.ListenerWD - After find element --> By.cssSelector: input[placeholder='Name']
20:48:10.226  INFO  manager.ListenerWD - Before find element --> By.cssSelector: input[placeholder='Last Name']
20:48:10.234  INFO  manager.ListenerWD - After find element --> By.cssSelector: input[placeholder='Last Name']
20:48:10.277  INFO  manager.ListenerWD - Before find element --> By.cssSelector: input[placeholder='Phone']
20:48:10.285  INFO  manager.ListenerWD - After find element --> By.cssSelector: input[placeholder='Phone']
20:48:10.329  INFO  manager.ListenerWD - Before find element --> By.cssSelector: input[placeholder='email']
20:48:10.337  INFO  manager.ListenerWD - After find element --> By.cssSelector: input[placeholder='email']
20:48:10.385  INFO  manager.ListenerWD - Before find element --> By.cssSelector: input[placeholder='Address']
20:48:10.394  INFO  manager.ListenerWD - After find element --> By.cssSelector: input[placeholder='Address']
20:48:10.440  INFO  manager.ListenerWD - Before find element --> By.cssSelector: input[placeholder='description']
20:48:10.448  INFO  manager.ListenerWD - After find element --> By.cssSelector: input[placeholder='description']
20:48:10.494  INFO  manager.ListenerWD - Before find element --> By.xpath: //b[text()='Save']
20:48:10.502  INFO  manager.ListenerWD - After find element --> By.xpath: //b[text()='Save']
20:48:10.514  INFO  manager.ListenerWD - Before find elements --> By.cssSelector: a[href='/add'][class='active']
20:48:10.522  INFO  manager.ListenerWD - After find elements --> By.cssSelector: a[href='/add'][class='active']
20:48:10.522  INFO  manager.ListenerWD - List size is --> 1
20:48:10.522  INFO  tests.TestBase - Test passed with success
20:48:10.522  INFO  manager.ListenerTNG - onTestSuccess name --> addNewContactBlankName
20:48:10.523  INFO  tests.TestBase - The name of method is -->addNewContactExistingEmail
20:48:10.523  INFO  manager.ListenerWD - Before find elements --> By.xpath: //button[text()='Sign Out']
20:48:10.530  INFO  manager.ListenerWD - After find elements --> By.xpath: //button[text()='Sign Out']
20:48:10.531  INFO  manager.ListenerWD - List size is --> 1
20:48:10.531  INFO  manager.ListenerTNG - onTestStart name --> addNewContactExistingEmail
20:48:10.531  INFO  tests.TestBase - Test started with email: alinaw2023@gmail.com
20:48:10.531  INFO  manager.ListenerWD - Before find element --> By.xpath: //a[@href='/add']
20:48:10.539  INFO  manager.ListenerWD - After find element --> By.xpath: //a[@href='/add']
20:48:10.554  INFO  manager.ListenerWD - Before find element --> By.cssSelector: input[placeholder='Name']
20:48:10.562  INFO  manager.ListenerWD - After find element --> By.cssSelector: input[placeholder='Name']
20:48:10.608  INFO  manager.ListenerWD - Before find element --> By.cssSelector: input[placeholder='Last Name']
20:48:10.616  INFO  manager.ListenerWD - After find element --> By.cssSelector: input[placeholder='Last Name']
20:48:10.659  INFO  manager.ListenerWD - Before find element --> By.cssSelector: input[placeholder='Phone']
20:48:10.667  INFO  manager.ListenerWD - After find element --> By.cssSelector: input[placeholder='Phone']
20:48:10.711  INFO  manager.ListenerWD - Before find element --> By.cssSelector: input[placeholder='email']
20:48:10.719  INFO  manager.ListenerWD - After find element --> By.cssSelector: input[placeholder='email']
20:48:10.769  INFO  manager.ListenerWD - Before find element --> By.cssSelector: input[placeholder='Address']
20:48:10.777  INFO  manager.ListenerWD - After find element --> By.cssSelector: input[placeholder='Address']
20:48:10.824  INFO  manager.ListenerWD - Before find element --> By.cssSelector: input[placeholder='description']
20:48:10.831  INFO  manager.ListenerWD - After find element --> By.cssSelector: input[placeholder='description']
20:48:10.879  INFO  manager.ListenerWD - Before find element --> By.xpath: //b[text()='Save']
20:48:10.887  INFO  manager.ListenerWD - After find element --> By.xpath: //b[text()='Save']
20:48:12.916  INFO  manager.ListenerWD - Test ends with error
20:48:12.916  INFO  manager.ListenerWD - ===================================
20:48:12.916  INFO  manager.ListenerWD - Method name--> alert
20:48:12.917  INFO  manager.ListenerWD - ===================================
20:48:12.917  INFO  manager.ListenerWD - InvocationTargetException cause--> org.openqa.selenium.NoAlertPresentException: no such alert
  (Session info: chrome=109.0.5414.120)
Build info: version: '4.7.1', revision: 'c6795baf1a3'
System info: os.name: 'Windows 10', os.arch: 'amd64', os.version: '10.0', java.version: '11.0.17'
Driver info: org.openqa.selenium.chrome.ChromeDriver
Command: [c666dbe776d3078e35956f0e37cbad32, getAlertText {}]
Capabilities {acceptInsecureCerts: false, browserName: chrome, browserVersion: 109.0.5414.120, chrome: {chromedriverVersion: 109.0.5414.74 (e7c5703604da..., userDataDir: C:\Users\User\AppData\Local...}, goog:chromeOptions: {debuggerAddress: localhost:62973}, networkConnectionEnabled: false, pageLoadStrategy: normal, platformName: WINDOWS, proxy: Proxy(), se:cdp: ws://localhost:62973/devtoo..., se:cdpVersion: 109.0.5414.120, setWindowRect: true, strictFileInteractability: false, timeouts: {implicit: 0, pageLoad: 300000, script: 30000}, unhandledPromptBehavior: dismiss and notify, webauthn:extension:credBlob: true, webauthn:extension:largeBlob: true, webauthn:virtualAuthenticators: true}
Session ID: c666dbe776d3078e35956f0e37cbad32
20:48:12.918  INFO  manager.ListenerWD - ===================================
20:48:12.918  INFO  manager.ListenerWD - Object target --> org.openqa.selenium.remote.RemoteWebDriver$RemoteTargetLocator@3a6e9856
20:48:12.918  INFO  manager.ListenerWD - ===================================
20:48:12.920  INFO  manager.ListenerTNG - onTestFailure name --> addNewContactExistingEmail
20:48:12.921  INFO  tests.TestBase - The name of method is -->addNewContactMinimumCharAfterAtEmail
20:48:12.921  INFO  manager.ListenerWD - Before find elements --> By.xpath: //button[text()='Sign Out']
20:48:12.929  INFO  manager.ListenerWD - After find elements --> By.xpath: //button[text()='Sign Out']
20:48:12.930  INFO  manager.ListenerWD - List size is --> 1
20:48:12.930  INFO  manager.ListenerTNG - onTestStart name --> addNewContactMinimumCharAfterAtEmail
20:48:12.930  INFO  tests.TestBase - Test started with email: alinaw1558@
20:48:12.930  INFO  manager.ListenerWD - Before find element --> By.xpath: //a[@href='/add']
20:48:12.938  INFO  manager.ListenerWD - After find element --> By.xpath: //a[@href='/add']
20:48:12.958  INFO  manager.ListenerWD - Before find element --> By.cssSelector: input[placeholder='Name']
20:48:12.966  INFO  manager.ListenerWD - After find element --> By.cssSelector: input[placeholder='Name']
20:48:13.018  INFO  manager.ListenerWD - Before find element --> By.cssSelector: input[placeholder='Last Name']
20:48:13.026  INFO  manager.ListenerWD - After find element --> By.cssSelector: input[placeholder='Last Name']
20:48:13.075  INFO  manager.ListenerWD - Before find element --> By.cssSelector: input[placeholder='Phone']
20:48:13.083  INFO  manager.ListenerWD - After find element --> By.cssSelector: input[placeholder='Phone']
20:48:13.134  INFO  manager.ListenerWD - Before find element --> By.cssSelector: input[placeholder='email']
20:48:13.142  INFO  manager.ListenerWD - After find element --> By.cssSelector: input[placeholder='email']
20:48:13.193  INFO  manager.ListenerWD - Before find element --> By.cssSelector: input[placeholder='Address']
20:48:13.201  INFO  manager.ListenerWD - After find element --> By.cssSelector: input[placeholder='Address']
20:48:13.256  INFO  manager.ListenerWD - Before find element --> By.cssSelector: input[placeholder='description']
20:48:13.263  INFO  manager.ListenerWD - After find element --> By.cssSelector: input[placeholder='description']
20:48:13.319  INFO  manager.ListenerWD - Before find element --> By.xpath: //b[text()='Save']
20:48:13.327  INFO  manager.ListenerWD - After find element --> By.xpath: //b[text()='Save']
20:48:15.356  INFO  tests.TestBase - Test passed with success
20:48:15.357  INFO  manager.ListenerTNG - onTestSuccess name --> addNewContactMinimumCharAfterAtEmail
20:48:15.357  INFO  tests.TestBase - The name of method is -->addNewContactMinimumCharBeforeAtEmail
20:48:15.358  INFO  manager.ListenerWD - Before find elements --> By.xpath: //button[text()='Sign Out']
20:48:15.366  INFO  manager.ListenerWD - After find elements --> By.xpath: //button[text()='Sign Out']
20:48:15.366  INFO  manager.ListenerWD - List size is --> 1
20:48:15.366  INFO  manager.ListenerTNG - onTestStart name --> addNewContactMinimumCharBeforeAtEmail
20:48:15.367  INFO  tests.TestBase - Test started with email: @gmail.com
20:48:15.367  INFO  manager.ListenerWD - Before find element --> By.xpath: //a[@href='/add']
20:48:15.374  INFO  manager.ListenerWD - After find element --> By.xpath: //a[@href='/add']
20:48:15.389  INFO  manager.ListenerWD - Before find element --> By.cssSelector: input[placeholder='Name']
20:48:15.397  INFO  manager.ListenerWD - After find element --> By.cssSelector: input[placeholder='Name']
20:48:15.446  INFO  manager.ListenerWD - Before find element --> By.cssSelector: input[placeholder='Last Name']
20:48:15.455  INFO  manager.ListenerWD - After find element --> By.cssSelector: input[placeholder='Last Name']
20:48:15.500  INFO  manager.ListenerWD - Before find element --> By.cssSelector: input[placeholder='Phone']
20:48:15.508  INFO  manager.ListenerWD - After find element --> By.cssSelector: input[placeholder='Phone']
20:48:15.555  INFO  manager.ListenerWD - Before find element --> By.cssSelector: input[placeholder='email']
20:48:15.563  INFO  manager.ListenerWD - After find element --> By.cssSelector: input[placeholder='email']
20:48:15.611  INFO  manager.ListenerWD - Before find element --> By.cssSelector: input[placeholder='Address']
20:48:15.619  INFO  manager.ListenerWD - After find element --> By.cssSelector: input[placeholder='Address']
20:48:15.669  INFO  manager.ListenerWD - Before find element --> By.cssSelector: input[placeholder='description']
20:48:15.678  INFO  manager.ListenerWD - After find element --> By.cssSelector: input[placeholder='description']
20:48:15.729  INFO  manager.ListenerWD - Before find element --> By.xpath: //b[text()='Save']
20:48:15.736  INFO  manager.ListenerWD - After find element --> By.xpath: //b[text()='Save']
20:48:17.756  INFO  tests.TestBase - Test passed with success
20:48:17.756  INFO  manager.ListenerTNG - onTestSuccess name --> addNewContactMinimumCharBeforeAtEmail
20:48:17.757  INFO  tests.TestBase - The name of method is -->addNewContactNonEnglishEmail
20:48:17.757  INFO  manager.ListenerWD - Before find elements --> By.xpath: //button[text()='Sign Out']
20:48:17.773  INFO  manager.ListenerWD - After find elements --> By.xpath: //button[text()='Sign Out']
20:48:17.773  INFO  manager.ListenerWD - List size is --> 1
20:48:17.774  INFO  manager.ListenerTNG - onTestStart name --> addNewContactNonEnglishEmail
20:48:17.774  INFO  tests.TestBase - Test started with email: алина1228@мэйл.ком
20:48:17.784  INFO  manager.ListenerWD - Before find element --> By.xpath: //a[@href='/add']
20:48:17.791  INFO  manager.ListenerWD - After find element --> By.xpath: //a[@href='/add']
20:48:17.806  INFO  manager.ListenerWD - Before find element --> By.cssSelector: input[placeholder='Name']
20:48:17.813  INFO  manager.ListenerWD - After find element --> By.cssSelector: input[placeholder='Name']
20:48:17.859  INFO  manager.ListenerWD - Before find element --> By.cssSelector: input[placeholder='Last Name']
20:48:17.867  INFO  manager.ListenerWD - After find element --> By.cssSelector: input[placeholder='Last Name']
20:48:17.908  INFO  manager.ListenerWD - Before find element --> By.cssSelector: input[placeholder='Phone']
20:48:17.916  INFO  manager.ListenerWD - After find element --> By.cssSelector: input[placeholder='Phone']
20:48:17.960  INFO  manager.ListenerWD - Before find element --> By.cssSelector: input[placeholder='email']
20:48:17.967  INFO  manager.ListenerWD - After find element --> By.cssSelector: input[placeholder='email']
20:48:18.021  INFO  manager.ListenerWD - Before find element --> By.cssSelector: input[placeholder='Address']
20:48:18.028  INFO  manager.ListenerWD - After find element --> By.cssSelector: input[placeholder='Address']
20:48:18.076  INFO  manager.ListenerWD - Before find element --> By.cssSelector: input[placeholder='description']
20:48:18.083  INFO  manager.ListenerWD - After find element --> By.cssSelector: input[placeholder='description']
20:48:18.130  INFO  manager.ListenerWD - Before find element --> By.xpath: //b[text()='Save']
20:48:18.137  INFO  manager.ListenerWD - After find element --> By.xpath: //b[text()='Save']
20:48:20.154  INFO  manager.ListenerWD - Test ends with error
20:48:20.154  INFO  manager.ListenerWD - ===================================
20:48:20.154  INFO  manager.ListenerWD - Method name--> alert
20:48:20.154  INFO  manager.ListenerWD - ===================================
20:48:20.154  INFO  manager.ListenerWD - InvocationTargetException cause--> org.openqa.selenium.NoAlertPresentException: no such alert
  (Session info: chrome=109.0.5414.120)
Build info: version: '4.7.1', revision: 'c6795baf1a3'
System info: os.name: 'Windows 10', os.arch: 'amd64', os.version: '10.0', java.version: '11.0.17'
Driver info: org.openqa.selenium.chrome.ChromeDriver
Command: [c666dbe776d3078e35956f0e37cbad32, getAlertText {}]
Capabilities {acceptInsecureCerts: false, browserName: chrome, browserVersion: 109.0.5414.120, chrome: {chromedriverVersion: 109.0.5414.74 (e7c5703604da..., userDataDir: C:\Users\User\AppData\Local...}, goog:chromeOptions: {debuggerAddress: localhost:62973}, networkConnectionEnabled: false, pageLoadStrategy: normal, platformName: WINDOWS, proxy: Proxy(), se:cdp: ws://localhost:62973/devtoo..., se:cdpVersion: 109.0.5414.120, setWindowRect: true, strictFileInteractability: false, timeouts: {implicit: 0, pageLoad: 300000, script: 30000}, unhandledPromptBehavior: dismiss and notify, webauthn:extension:credBlob: true, webauthn:extension:largeBlob: true, webauthn:virtualAuthenticators: true}
Session ID: c666dbe776d3078e35956f0e37cbad32
20:48:20.154  INFO  manager.ListenerWD - ===================================
20:48:20.154  INFO  manager.ListenerWD - Object target --> org.openqa.selenium.remote.RemoteWebDriver$RemoteTargetLocator@64dfb31d
20:48:20.154  INFO  manager.ListenerWD - ===================================
20:48:20.155  INFO  manager.ListenerTNG - onTestFailure name --> addNewContactNonEnglishEmail
20:48:20.156  INFO  tests.TestBase - The name of method is -->addNewContactNullEmail
20:48:20.156  INFO  manager.ListenerWD - Before find elements --> By.xpath: //button[text()='Sign Out']
20:48:20.164  INFO  manager.ListenerWD - After find elements --> By.xpath: //button[text()='Sign Out']
20:48:20.165  INFO  manager.ListenerWD - List size is --> 1
20:48:20.165  INFO  manager.ListenerTNG - onTestStart name --> addNewContactNullEmail
20:48:20.165  INFO  tests.TestBase - Test started with email: 
20:48:20.165  INFO  manager.ListenerWD - Before find element --> By.xpath: //a[@href='/add']
20:48:20.173  INFO  manager.ListenerWD - After find element --> By.xpath: //a[@href='/add']
20:48:20.190  INFO  manager.ListenerWD - Before find element --> By.cssSelector: input[placeholder='Name']
20:48:20.197  INFO  manager.ListenerWD - After find element --> By.cssSelector: input[placeholder='Name']
20:48:20.250  INFO  manager.ListenerWD - Before find element --> By.cssSelector: input[placeholder='Last Name']
20:48:20.257  INFO  manager.ListenerWD - After find element --> By.cssSelector: input[placeholder='Last Name']
20:48:20.307  INFO  manager.ListenerWD - Before find element --> By.cssSelector: input[placeholder='Phone']
20:48:20.314  INFO  manager.ListenerWD - After find element --> By.cssSelector: input[placeholder='Phone']
20:48:20.363  INFO  manager.ListenerWD - Before find element --> By.cssSelector: input[placeholder='email']
20:48:20.370  INFO  manager.ListenerWD - After find element --> By.cssSelector: input[placeholder='email']
20:48:20.416  INFO  manager.ListenerWD - Before find element --> By.cssSelector: input[placeholder='Address']
20:48:20.423  INFO  manager.ListenerWD - After find element --> By.cssSelector: input[placeholder='Address']
20:48:20.474  INFO  manager.ListenerWD - Before find element --> By.cssSelector: input[placeholder='description']
20:48:20.481  INFO  manager.ListenerWD - After find element --> By.cssSelector: input[placeholder='description']
20:48:20.535  INFO  manager.ListenerWD - Before find element --> By.xpath: //b[text()='Save']
20:48:20.542  INFO  manager.ListenerWD - After find element --> By.xpath: //b[text()='Save']
20:48:22.564  INFO  manager.ListenerWD - Test ends with error
20:48:22.564  INFO  manager.ListenerWD - ===================================
20:48:22.564  INFO  manager.ListenerWD - Method name--> alert
20:48:22.564  INFO  manager.ListenerWD - ===================================
20:48:22.564  INFO  manager.ListenerWD - InvocationTargetException cause--> org.openqa.selenium.NoAlertPresentException: no such alert
  (Session info: chrome=109.0.5414.120)
Build info: version: '4.7.1', revision: 'c6795baf1a3'
System info: os.name: 'Windows 10', os.arch: 'amd64', os.version: '10.0', java.version: '11.0.17'
Driver info: org.openqa.selenium.chrome.ChromeDriver
Command: [c666dbe776d3078e35956f0e37cbad32, getAlertText {}]
Capabilities {acceptInsecureCerts: false, browserName: chrome, browserVersion: 109.0.5414.120, chrome: {chromedriverVersion: 109.0.5414.74 (e7c5703604da..., userDataDir: C:\Users\User\AppData\Local...}, goog:chromeOptions: {debuggerAddress: localhost:62973}, networkConnectionEnabled: false, pageLoadStrategy: normal, platformName: WINDOWS, proxy: Proxy(), se:cdp: ws://localhost:62973/devtoo..., se:cdpVersion: 109.0.5414.120, setWindowRect: true, strictFileInteractability: false, timeouts: {implicit: 0, pageLoad: 300000, script: 30000}, unhandledPromptBehavior: dismiss and notify, webauthn:extension:credBlob: true, webauthn:extension:largeBlob: true, webauthn:virtualAuthenticators: true}
Session ID: c666dbe776d3078e35956f0e37cbad32
20:48:22.564  INFO  manager.ListenerWD - ===================================
20:48:22.564  INFO  manager.ListenerWD - Object target --> org.openqa.selenium.remote.RemoteWebDriver$RemoteTargetLocator@57416e49
20:48:22.564  INFO  manager.ListenerWD - ===================================
20:48:22.566  INFO  manager.ListenerTNG - onTestFailure name --> addNewContactNullEmail
20:48:22.567  INFO  tests.TestBase - The name of method is -->addNewContactNullLastName
20:48:22.567  INFO  manager.ListenerWD - Before find elements --> By.xpath: //button[text()='Sign Out']
20:48:22.574  INFO  manager.ListenerWD - After find elements --> By.xpath: //button[text()='Sign Out']
20:48:22.574  INFO  manager.ListenerWD - List size is --> 1
20:48:22.574  INFO  manager.ListenerTNG - onTestStart name --> addNewContactNullLastName
20:48:22.575  INFO  tests.TestBase - Test started with last name: 
20:48:22.575  INFO  manager.ListenerWD - Before find element --> By.xpath: //a[@href='/add']
20:48:22.581  INFO  manager.ListenerWD - After find element --> By.xpath: //a[@href='/add']
20:48:22.598  INFO  manager.ListenerWD - Before find element --> By.cssSelector: input[placeholder='Name']
20:48:22.605  INFO  manager.ListenerWD - After find element --> By.cssSelector: input[placeholder='Name']
20:48:22.660  INFO  manager.ListenerWD - Before find element --> By.cssSelector: input[placeholder='Last Name']
20:48:22.667  INFO  manager.ListenerWD - After find element --> By.cssSelector: input[placeholder='Last Name']
20:48:22.713  INFO  manager.ListenerWD - Before find element --> By.cssSelector: input[placeholder='Phone']
20:48:22.719  INFO  manager.ListenerWD - After find element --> By.cssSelector: input[placeholder='Phone']
20:48:22.770  INFO  manager.ListenerWD - Before find element --> By.cssSelector: input[placeholder='email']
20:48:22.777  INFO  manager.ListenerWD - After find element --> By.cssSelector: input[placeholder='email']
20:48:22.831  INFO  manager.ListenerWD - Before find element --> By.cssSelector: input[placeholder='Address']
20:48:22.838  INFO  manager.ListenerWD - After find element --> By.cssSelector: input[placeholder='Address']
20:48:22.892  INFO  manager.ListenerWD - Before find element --> By.cssSelector: input[placeholder='description']
20:48:22.899  INFO  manager.ListenerWD - After find element --> By.cssSelector: input[placeholder='description']
20:48:22.952  INFO  manager.ListenerWD - Before find element --> By.xpath: //b[text()='Save']
20:48:22.959  INFO  manager.ListenerWD - After find element --> By.xpath: //b[text()='Save']
20:48:22.978  INFO  manager.ListenerWD - Before find elements --> By.cssSelector: a[href='/add'][class='active']
20:48:22.985  INFO  manager.ListenerWD - After find elements --> By.cssSelector: a[href='/add'][class='active']
20:48:22.985  INFO  manager.ListenerWD - List size is --> 1
20:48:22.985  INFO  tests.TestBase - Test passed with success
20:48:22.985  INFO  manager.ListenerTNG - onTestSuccess name --> addNewContactNullLastName
20:48:22.986  INFO  tests.TestBase - The name of method is -->addNewContactNullName
20:48:22.986  INFO  manager.ListenerWD - Before find elements --> By.xpath: //button[text()='Sign Out']
20:48:22.993  INFO  manager.ListenerWD - After find elements --> By.xpath: //button[text()='Sign Out']
20:48:22.993  INFO  manager.ListenerWD - List size is --> 1
20:48:22.993  INFO  manager.ListenerTNG - onTestStart name --> addNewContactNullName
20:48:22.993  INFO  tests.TestBase - Test started with name: 
20:48:22.993  INFO  manager.ListenerWD - Before find element --> By.xpath: //a[@href='/add']
20:48:23.000  INFO  manager.ListenerWD - After find element --> By.xpath: //a[@href='/add']
20:48:23.014  INFO  manager.ListenerWD - Before find element --> By.cssSelector: input[placeholder='Name']
20:48:23.021  INFO  manager.ListenerWD - After find element --> By.cssSelector: input[placeholder='Name']
20:48:23.068  INFO  manager.ListenerWD - Before find element --> By.cssSelector: input[placeholder='Last Name']
20:48:23.075  INFO  manager.ListenerWD - After find element --> By.cssSelector: input[placeholder='Last Name']
20:48:23.112  INFO  manager.ListenerWD - Before find element --> By.cssSelector: input[placeholder='Phone']
20:48:23.119  INFO  manager.ListenerWD - After find element --> By.cssSelector: input[placeholder='Phone']
20:48:23.170  INFO  manager.ListenerWD - Before find element --> By.cssSelector: input[placeholder='email']
20:48:23.177  INFO  manager.ListenerWD - After find element --> By.cssSelector: input[placeholder='email']
20:48:23.229  INFO  manager.ListenerWD - Before find element --> By.cssSelector: input[placeholder='Address']
20:48:23.235  INFO  manager.ListenerWD - After find element --> By.cssSelector: input[placeholder='Address']
20:48:23.285  INFO  manager.ListenerWD - Before find element --> By.cssSelector: input[placeholder='description']
20:48:23.292  INFO  manager.ListenerWD - After find element --> By.cssSelector: input[placeholder='description']
20:48:23.342  INFO  manager.ListenerWD - Before find element --> By.xpath: //b[text()='Save']
20:48:23.350  INFO  manager.ListenerWD - After find element --> By.xpath: //b[text()='Save']
20:48:23.363  INFO  manager.ListenerWD - Before find elements --> By.cssSelector: a[href='/add'][class='active']
20:48:23.370  INFO  manager.ListenerWD - After find elements --> By.cssSelector: a[href='/add'][class='active']
20:48:23.370  INFO  manager.ListenerWD - List size is --> 1
20:48:23.370  INFO  tests.TestBase - Test passed with success
20:48:23.371  INFO  manager.ListenerTNG - onTestSuccess name --> addNewContactNullName
20:48:23.371  INFO  tests.TestBase - The name of method is -->addNewContactPhoneAlreadyExisting
20:48:23.372  INFO  manager.ListenerWD - Before find elements --> By.xpath: //button[text()='Sign Out']
20:48:23.379  INFO  manager.ListenerWD - After find elements --> By.xpath: //button[text()='Sign Out']
20:48:23.379  INFO  manager.ListenerWD - List size is --> 1
20:48:23.379  INFO  manager.ListenerTNG - onTestStart name --> addNewContactPhoneAlreadyExisting
20:48:23.380  INFO  tests.TestBase - Test started with phone: 08653466365
20:48:23.380  INFO  manager.ListenerWD - Before find element --> By.xpath: //a[@href='/add']
20:48:23.387  INFO  manager.ListenerWD - After find element --> By.xpath: //a[@href='/add']
20:48:25.400  INFO  manager.ListenerWD - Before find element --> By.cssSelector: input[placeholder='Name']
20:48:30.450  INFO  manager.ListenerWD - Test ends with error
20:48:30.450  INFO  manager.ListenerWD - ===================================
20:48:30.450  INFO  manager.ListenerWD - Method name--> findElement
20:48:30.450  INFO  manager.ListenerWD - ===================================
20:48:30.450  INFO  manager.ListenerWD - InvocationTargetException cause--> org.openqa.selenium.NoSuchElementException: no such element: Unable to locate element: {"method":"css selector","selector":"input[placeholder='Name']"}
  (Session info: chrome=109.0.5414.120)
For documentation on this error, please visit: https://selenium.dev/exceptions/#no_such_element
Build info: version: '4.7.1', revision: 'c6795baf1a3'
System info: os.name: 'Windows 10', os.arch: 'amd64', os.version: '10.0', java.version: '11.0.17'
Driver info: org.openqa.selenium.chrome.ChromeDriver
Command: [c666dbe776d3078e35956f0e37cbad32, findElement {using=css selector, value=input[placeholder='Name']}]
Capabilities {acceptInsecureCerts: false, browserName: chrome, browserVersion: 109.0.5414.120, chrome: {chromedriverVersion: 109.0.5414.74 (e7c5703604da..., userDataDir: C:\Users\User\AppData\Local...}, goog:chromeOptions: {debuggerAddress: localhost:62973}, networkConnectionEnabled: false, pageLoadStrategy: normal, platformName: WINDOWS, proxy: Proxy(), se:cdp: ws://localhost:62973/devtoo..., se:cdpVersion: 109.0.5414.120, setWindowRect: true, strictFileInteractability: false, timeouts: {implicit: 0, pageLoad: 300000, script: 30000}, unhandledPromptBehavior: dismiss and notify, webauthn:extension:credBlob: true, webauthn:extension:largeBlob: true, webauthn:virtualAuthenticators: true}
Session ID: c666dbe776d3078e35956f0e37cbad32
20:48:30.450  INFO  manager.ListenerWD - ===================================
20:48:30.450  INFO  manager.ListenerWD - Object target --> ChromeDriver: chrome on WINDOWS (c666dbe776d3078e35956f0e37cbad32)
20:48:30.450  INFO  manager.ListenerWD - ===================================
20:48:30.450  INFO  manager.ListenerWD - Screen with error is -->src/test/screenshots/screen-805.png
20:48:30.785  INFO  manager.ListenerTNG - onTestFailure name --> addNewContactPhoneAlreadyExisting
20:48:30.786  INFO  tests.TestBase - The name of method is -->addNewContactPhoneBlank
20:48:30.786  INFO  manager.ListenerWD - Before find elements --> By.xpath: //button[text()='Sign Out']
20:48:30.794  INFO  manager.ListenerWD - After find elements --> By.xpath: //button[text()='Sign Out']
20:48:30.794  INFO  manager.ListenerWD - List size is --> 1
20:48:30.794  INFO  manager.ListenerTNG - onTestStart name --> addNewContactPhoneBlank
20:48:30.794  INFO  tests.TestBase - Test started with phone:  
20:48:30.794  INFO  manager.ListenerWD - Before find element --> By.xpath: //a[@href='/add']
20:48:30.801  INFO  manager.ListenerWD - After find element --> By.xpath: //a[@href='/add']
20:48:32.817  INFO  manager.ListenerWD - Before find element --> By.cssSelector: input[placeholder='Name']
20:48:32.824  INFO  manager.ListenerWD - After find element --> By.cssSelector: input[placeholder='Name']
20:48:32.874  INFO  manager.ListenerWD - Before find element --> By.cssSelector: input[placeholder='Last Name']
20:48:32.881  INFO  manager.ListenerWD - After find element --> By.cssSelector: input[placeholder='Last Name']
20:48:32.929  INFO  manager.ListenerWD - Before find element --> By.cssSelector: input[placeholder='Phone']
20:48:32.936  INFO  manager.ListenerWD - After find element --> By.cssSelector: input[placeholder='Phone']
20:48:32.982  INFO  manager.ListenerWD - Before find element --> By.cssSelector: input[placeholder='email']
20:48:32.988  INFO  manager.ListenerWD - After find element --> By.cssSelector: input[placeholder='email']
20:48:33.041  INFO  manager.ListenerWD - Before find element --> By.cssSelector: input[placeholder='Address']
20:48:33.048  INFO  manager.ListenerWD - After find element --> By.cssSelector: input[placeholder='Address']
20:48:33.096  INFO  manager.ListenerWD - Before find element --> By.cssSelector: input[placeholder='description']
20:48:33.103  INFO  manager.ListenerWD - After find element --> By.cssSelector: input[placeholder='description']
20:48:35.156  INFO  manager.ListenerWD - Before find element --> By.xpath: //b[text()='Save']
20:48:35.163  INFO  manager.ListenerWD - After find element --> By.xpath: //b[text()='Save']
20:48:40.187  INFO  manager.ListenerWD - Before find elements --> By.cssSelector: a[href='/add'][class='active']
20:48:40.194  INFO  manager.ListenerWD - After find elements --> By.cssSelector: a[href='/add'][class='active']
20:48:40.194  INFO  manager.ListenerWD - List size is --> 1
20:48:40.194  INFO  tests.TestBase - Test passed with success
20:48:40.194  INFO  manager.ListenerTNG - onTestSuccess name --> addNewContactPhoneBlank
20:48:40.195  INFO  tests.TestBase - The name of method is -->addNewContactPhoneMaximumNumbers
20:48:40.195  INFO  manager.ListenerWD - Before find elements --> By.xpath: //button[text()='Sign Out']
20:48:40.201  INFO  manager.ListenerWD - After find elements --> By.xpath: //button[text()='Sign Out']
20:48:40.201  INFO  manager.ListenerWD - List size is --> 1
20:48:40.202  INFO  manager.ListenerTNG - onTestStart name --> addNewContactPhoneMaximumNumbers
20:48:40.202  INFO  tests.TestBase - Test started with phone: 08655555555555555555555
20:48:40.202  INFO  manager.ListenerWD - Before find element --> By.xpath: //a[@href='/add']
20:48:40.208  INFO  manager.ListenerWD - After find element --> By.xpath: //a[@href='/add']
20:48:42.221  INFO  manager.ListenerWD - Before find element --> By.cssSelector: input[placeholder='Name']
20:48:42.228  INFO  manager.ListenerWD - After find element --> By.cssSelector: input[placeholder='Name']
20:48:42.272  INFO  manager.ListenerWD - Before find element --> By.cssSelector: input[placeholder='Last Name']
20:48:42.279  INFO  manager.ListenerWD - After find element --> By.cssSelector: input[placeholder='Last Name']
20:48:42.322  INFO  manager.ListenerWD - Before find element --> By.cssSelector: input[placeholder='Phone']
20:48:42.328  INFO  manager.ListenerWD - After find element --> By.cssSelector: input[placeholder='Phone']
20:48:42.378  INFO  manager.ListenerWD - Before find element --> By.cssSelector: input[placeholder='email']
20:48:42.384  INFO  manager.ListenerWD - After find element --> By.cssSelector: input[placeholder='email']
20:48:42.433  INFO  manager.ListenerWD - Before find element --> By.cssSelector: input[placeholder='Address']
20:48:42.440  INFO  manager.ListenerWD - After find element --> By.cssSelector: input[placeholder='Address']
20:48:42.481  INFO  manager.ListenerWD - Before find element --> By.cssSelector: input[placeholder='description']
20:48:42.488  INFO  manager.ListenerWD - After find element --> By.cssSelector: input[placeholder='description']
20:48:44.534  INFO  manager.ListenerWD - Before find element --> By.xpath: //b[text()='Save']
20:48:44.541  INFO  manager.ListenerWD - After find element --> By.xpath: //b[text()='Save']
20:48:49.559  INFO  manager.ListenerWD - Before find elements --> By.cssSelector: a[href='/add'][class='active']
20:48:49.566  INFO  manager.ListenerWD - After find elements --> By.cssSelector: a[href='/add'][class='active']
20:48:49.566  INFO  manager.ListenerWD - List size is --> 1
20:48:49.566  INFO  tests.TestBase - Test passed with success
20:48:49.566  INFO  manager.ListenerTNG - onTestSuccess name --> addNewContactPhoneMaximumNumbers
20:48:49.567  INFO  tests.TestBase - The name of method is -->addNewContactPhoneMinimumNumbers
20:48:49.567  INFO  manager.ListenerWD - Before find elements --> By.xpath: //button[text()='Sign Out']
20:48:49.575  INFO  manager.ListenerWD - After find elements --> By.xpath: //button[text()='Sign Out']
20:48:49.575  INFO  manager.ListenerWD - List size is --> 1
20:48:49.575  INFO  manager.ListenerTNG - onTestStart name --> addNewContactPhoneMinimumNumbers
20:48:49.576  INFO  tests.TestBase - Test started with phone: 086555
20:48:49.576  INFO  manager.ListenerWD - Before find element --> By.xpath: //a[@href='/add']
20:48:49.584  INFO  manager.ListenerWD - After find element --> By.xpath: //a[@href='/add']
20:48:51.598  INFO  manager.ListenerWD - Before find element --> By.cssSelector: input[placeholder='Name']
20:48:51.605  INFO  manager.ListenerWD - After find element --> By.cssSelector: input[placeholder='Name']
20:48:51.649  INFO  manager.ListenerWD - Before find element --> By.cssSelector: input[placeholder='Last Name']
20:48:51.656  INFO  manager.ListenerWD - After find element --> By.cssSelector: input[placeholder='Last Name']
20:48:51.698  INFO  manager.ListenerWD - Before find element --> By.cssSelector: input[placeholder='Phone']
20:48:51.705  INFO  manager.ListenerWD - After find element --> By.cssSelector: input[placeholder='Phone']
20:48:51.747  INFO  manager.ListenerWD - Before find element --> By.cssSelector: input[placeholder='email']
20:48:51.754  INFO  manager.ListenerWD - After find element --> By.cssSelector: input[placeholder='email']
20:48:51.801  INFO  manager.ListenerWD - Before find element --> By.cssSelector: input[placeholder='Address']
20:48:51.808  INFO  manager.ListenerWD - After find element --> By.cssSelector: input[placeholder='Address']
20:48:51.849  INFO  manager.ListenerWD - Before find element --> By.cssSelector: input[placeholder='description']
20:48:51.857  INFO  manager.ListenerWD - After find element --> By.cssSelector: input[placeholder='description']
20:48:53.903  INFO  manager.ListenerWD - Before find element --> By.xpath: //b[text()='Save']
20:48:53.910  INFO  manager.ListenerWD - After find element --> By.xpath: //b[text()='Save']
20:48:58.927  INFO  manager.ListenerWD - Before find elements --> By.cssSelector: a[href='/add'][class='active']
20:48:58.934  INFO  manager.ListenerWD - After find elements --> By.cssSelector: a[href='/add'][class='active']
20:48:58.934  INFO  manager.ListenerWD - List size is --> 1
20:48:58.934  INFO  tests.TestBase - Test passed with success
20:48:58.934  INFO  manager.ListenerTNG - onTestSuccess name --> addNewContactPhoneMinimumNumbers
20:48:58.935  INFO  tests.TestBase - The name of method is -->addNewContactPhoneNotNumbers
20:48:58.935  INFO  manager.ListenerWD - Before find elements --> By.xpath: //button[text()='Sign Out']
20:48:58.941  INFO  manager.ListenerWD - After find elements --> By.xpath: //button[text()='Sign Out']
20:48:58.941  INFO  manager.ListenerWD - List size is --> 1
20:48:58.941  INFO  manager.ListenerTNG - onTestStart name --> addNewContactPhoneNotNumbers
20:48:58.942  INFO  tests.TestBase - Test started with phone: 086oooooooooo
20:48:58.942  INFO  manager.ListenerWD - Before find element --> By.xpath: //a[@href='/add']
20:48:58.948  INFO  manager.ListenerWD - After find element --> By.xpath: //a[@href='/add']
20:49:00.960  INFO  manager.ListenerWD - Before find element --> By.cssSelector: input[placeholder='Name']
20:49:00.967  INFO  manager.ListenerWD - After find element --> By.cssSelector: input[placeholder='Name']
20:49:01.010  INFO  manager.ListenerWD - Before find element --> By.cssSelector: input[placeholder='Last Name']
20:49:01.016  INFO  manager.ListenerWD - After find element --> By.cssSelector: input[placeholder='Last Name']
20:49:01.057  INFO  manager.ListenerWD - Before find element --> By.cssSelector: input[placeholder='Phone']
20:49:01.064  INFO  manager.ListenerWD - After find element --> By.cssSelector: input[placeholder='Phone']
20:49:01.106  INFO  manager.ListenerWD - Before find element --> By.cssSelector: input[placeholder='email']
20:49:01.113  INFO  manager.ListenerWD - After find element --> By.cssSelector: input[placeholder='email']
20:49:01.160  INFO  manager.ListenerWD - Before find element --> By.cssSelector: input[placeholder='Address']
20:49:01.166  INFO  manager.ListenerWD - After find element --> By.cssSelector: input[placeholder='Address']
20:49:01.209  INFO  manager.ListenerWD - Before find element --> By.cssSelector: input[placeholder='description']
20:49:01.217  INFO  manager.ListenerWD - After find element --> By.cssSelector: input[placeholder='description']
20:49:03.260  INFO  manager.ListenerWD - Before find element --> By.xpath: //b[text()='Save']
20:49:03.267  INFO  manager.ListenerWD - After find element --> By.xpath: //b[text()='Save']
20:49:08.284  INFO  manager.ListenerWD - Before find elements --> By.cssSelector: a[href='/add'][class='active']
20:49:08.291  INFO  manager.ListenerWD - After find elements --> By.cssSelector: a[href='/add'][class='active']
20:49:08.291  INFO  manager.ListenerWD - List size is --> 1
20:49:08.291  INFO  tests.TestBase - Test passed with success
20:49:08.291  INFO  manager.ListenerTNG - onTestSuccess name --> addNewContactPhoneNotNumbers
20:49:08.292  INFO  tests.TestBase - The name of method is -->addNewContactPhoneNull
20:49:08.292  INFO  manager.ListenerWD - Before find elements --> By.xpath: //button[text()='Sign Out']
20:49:08.299  INFO  manager.ListenerWD - After find elements --> By.xpath: //button[text()='Sign Out']
20:49:08.299  INFO  manager.ListenerWD - List size is --> 1
20:49:08.299  INFO  manager.ListenerTNG - onTestStart name --> addNewContactPhoneNull
20:49:08.299  INFO  tests.TestBase - Test started with phone: 
20:49:08.299  INFO  manager.ListenerWD - Before find element --> By.xpath: //a[@href='/add']
20:49:08.306  INFO  manager.ListenerWD - After find element --> By.xpath: //a[@href='/add']
20:49:10.319  INFO  manager.ListenerWD - Before find element --> By.cssSelector: input[placeholder='Name']
20:49:10.327  INFO  manager.ListenerWD - After find element --> By.cssSelector: input[placeholder='Name']
20:49:10.369  INFO  manager.ListenerWD - Before find element --> By.cssSelector: input[placeholder='Last Name']
20:49:10.375  INFO  manager.ListenerWD - After find element --> By.cssSelector: input[placeholder='Last Name']
20:49:10.416  INFO  manager.ListenerWD - Before find element --> By.cssSelector: input[placeholder='Phone']
20:49:10.423  INFO  manager.ListenerWD - After find element --> By.cssSelector: input[placeholder='Phone']
20:49:10.462  INFO  manager.ListenerWD - Before find element --> By.cssSelector: input[placeholder='email']
20:49:10.469  INFO  manager.ListenerWD - After find element --> By.cssSelector: input[placeholder='email']
20:49:10.515  INFO  manager.ListenerWD - Before find element --> By.cssSelector: input[placeholder='Address']
20:49:10.522  INFO  manager.ListenerWD - After find element --> By.cssSelector: input[placeholder='Address']
20:49:10.562  INFO  manager.ListenerWD - Before find element --> By.cssSelector: input[placeholder='description']
20:49:10.569  INFO  manager.ListenerWD - After find element --> By.cssSelector: input[placeholder='description']
20:49:12.612  INFO  manager.ListenerWD - Before find element --> By.xpath: //b[text()='Save']
20:49:12.619  INFO  manager.ListenerWD - After find element --> By.xpath: //b[text()='Save']
20:49:17.636  INFO  manager.ListenerWD - Before find elements --> By.cssSelector: a[href='/add'][class='active']
20:49:17.642  INFO  manager.ListenerWD - After find elements --> By.cssSelector: a[href='/add'][class='active']
20:49:17.642  INFO  manager.ListenerWD - List size is --> 1
20:49:17.642  INFO  tests.TestBase - Test passed with success
20:49:17.643  INFO  manager.ListenerTNG - onTestSuccess name --> addNewContactPhoneNull
20:49:17.643  INFO  tests.TestBase - The name of method is -->addNewContactPhoneSpecialChars
20:49:17.643  INFO  manager.ListenerWD - Before find elements --> By.xpath: //button[text()='Sign Out']
20:49:17.649  INFO  manager.ListenerWD - After find elements --> By.xpath: //button[text()='Sign Out']
20:49:17.649  INFO  manager.ListenerWD - List size is --> 1
20:49:17.650  INFO  manager.ListenerTNG - onTestStart name --> addNewContactPhoneSpecialChars
20:49:17.650  INFO  tests.TestBase - Test started with phone: 086$4667876
20:49:17.650  INFO  manager.ListenerWD - Before find element --> By.xpath: //a[@href='/add']
20:49:17.656  INFO  manager.ListenerWD - After find element --> By.xpath: //a[@href='/add']
20:49:19.670  INFO  manager.ListenerWD - Before find element --> By.cssSelector: input[placeholder='Name']
20:49:19.677  INFO  manager.ListenerWD - After find element --> By.cssSelector: input[placeholder='Name']
20:49:19.720  INFO  manager.ListenerWD - Before find element --> By.cssSelector: input[placeholder='Last Name']
20:49:19.727  INFO  manager.ListenerWD - After find element --> By.cssSelector: input[placeholder='Last Name']
20:49:19.766  INFO  manager.ListenerWD - Before find element --> By.cssSelector: input[placeholder='Phone']
20:49:19.773  INFO  manager.ListenerWD - After find element --> By.cssSelector: input[placeholder='Phone']
20:49:19.815  INFO  manager.ListenerWD - Before find element --> By.cssSelector: input[placeholder='email']
20:49:19.822  INFO  manager.ListenerWD - After find element --> By.cssSelector: input[placeholder='email']
20:49:19.867  INFO  manager.ListenerWD - Before find element --> By.cssSelector: input[placeholder='Address']
20:49:19.873  INFO  manager.ListenerWD - After find element --> By.cssSelector: input[placeholder='Address']
20:49:19.913  INFO  manager.ListenerWD - Before find element --> By.cssSelector: input[placeholder='description']
20:49:19.919  INFO  manager.ListenerWD - After find element --> By.cssSelector: input[placeholder='description']
20:49:21.962  INFO  manager.ListenerWD - Before find element --> By.xpath: //b[text()='Save']
20:49:21.969  INFO  manager.ListenerWD - After find element --> By.xpath: //b[text()='Save']
20:49:26.987  INFO  manager.ListenerWD - Before find elements --> By.cssSelector: a[href='/add'][class='active']
20:49:26.994  INFO  manager.ListenerWD - After find elements --> By.cssSelector: a[href='/add'][class='active']
20:49:26.994  INFO  manager.ListenerWD - List size is --> 1
20:49:26.994  INFO  tests.TestBase - Test passed with success
20:49:26.994  INFO  manager.ListenerTNG - onTestSuccess name --> addNewContactPhoneSpecialChars
20:49:26.994  INFO  tests.TestBase - The name of method is -->addNewContactSuccess
20:49:26.994  INFO  manager.ListenerWD - Before find elements --> By.xpath: //button[text()='Sign Out']
20:49:27.001  INFO  manager.ListenerWD - After find elements --> By.xpath: //button[text()='Sign Out']
20:49:27.001  INFO  manager.ListenerWD - List size is --> 1
20:49:27.001  INFO  manager.ListenerTNG - onTestStart name --> addNewContactSuccess
20:49:27.013  INFO  tests.TestBase - Test started with data: Contact(name=Alina1345, lastName=White, phone=0865341345, email=alinaw1345@gmail.com, address=Kyiv, Ukraine, description=Childhood friend)
20:49:27.013  INFO  manager.ListenerWD - Before find element --> By.xpath: //a[@href='/add']
20:49:27.020  INFO  manager.ListenerWD - After find element --> By.xpath: //a[@href='/add']
20:49:29.032  INFO  manager.ListenerWD - Before find element --> By.cssSelector: input[placeholder='Name']
20:49:29.039  INFO  manager.ListenerWD - After find element --> By.cssSelector: input[placeholder='Name']
20:49:29.080  INFO  manager.ListenerWD - Before find element --> By.cssSelector: input[placeholder='Last Name']
20:49:29.086  INFO  manager.ListenerWD - After find element --> By.cssSelector: input[placeholder='Last Name']
20:49:29.126  INFO  manager.ListenerWD - Before find element --> By.cssSelector: input[placeholder='Phone']
20:49:29.132  INFO  manager.ListenerWD - After find element --> By.cssSelector: input[placeholder='Phone']
20:49:29.173  INFO  manager.ListenerWD - Before find element --> By.cssSelector: input[placeholder='email']
20:49:29.180  INFO  manager.ListenerWD - After find element --> By.cssSelector: input[placeholder='email']
20:49:29.226  INFO  manager.ListenerWD - Before find element --> By.cssSelector: input[placeholder='Address']
20:49:29.232  INFO  manager.ListenerWD - After find element --> By.cssSelector: input[placeholder='Address']
20:49:29.274  INFO  manager.ListenerWD - Before find element --> By.cssSelector: input[placeholder='description']
20:49:29.281  INFO  manager.ListenerWD - After find element --> By.cssSelector: input[placeholder='description']
20:49:31.326  INFO  manager.ListenerWD - Before find element --> By.xpath: //b[text()='Save']
20:49:31.333  INFO  manager.ListenerWD - After find element --> By.xpath: //b[text()='Save']
20:49:31.344  INFO  manager.ListenerWD - Before find elements --> By.cssSelector: h2
20:49:31.857  INFO  manager.ListenerWD - After find elements --> By.cssSelector: h2
20:49:31.857  INFO  manager.ListenerWD - List size is --> 43
20:49:32.174  INFO  manager.ListenerWD - Before find elements --> By.cssSelector: h3
20:49:32.256  INFO  manager.ListenerWD - After find elements --> By.cssSelector: h3
20:49:32.256  INFO  manager.ListenerWD - List size is --> 43
20:49:32.574  INFO  manager.ListenerWD - Before find elements --> By.cssSelector: h2
20:49:32.648  INFO  manager.ListenerWD - After find elements --> By.cssSelector: h2
20:49:32.648  INFO  manager.ListenerWD - List size is --> 43
20:49:32.824  INFO  manager.ListenerWD - Before find element --> By.xpath: //div[starts-with(@class,'contact-item-detailed_card')]
20:49:32.833  INFO  manager.ListenerWD - After find element --> By.xpath: //div[starts-with(@class,'contact-item-detailed_card')]
20:49:32.843  INFO  tests.TestBase - Test passed with success
20:49:32.844  INFO  manager.ListenerTNG - onTestSuccess name --> addNewContactSuccess
20:49:32.844  INFO  tests.TestBase - The name of method is -->addNewContactSuccessRequiredFields
20:49:32.844  INFO  manager.ListenerWD - Before find elements --> By.xpath: //button[text()='Sign Out']
20:49:32.850  INFO  manager.ListenerWD - After find elements --> By.xpath: //button[text()='Sign Out']
20:49:32.850  INFO  manager.ListenerWD - List size is --> 1
20:49:32.850  INFO  manager.ListenerTNG - onTestStart name --> addNewContactSuccessRequiredFields
20:49:32.851  INFO  tests.TestBase - Test started with data: Contact(name=Alina1990, lastName=White, phone=0865341990, email=alinaw1990@gmail.com, address=Kyiv, Ukraine, description=null)
20:49:32.851  INFO  manager.ListenerWD - Before find element --> By.xpath: //a[@href='/add']
20:49:32.857  INFO  manager.ListenerWD - After find element --> By.xpath: //a[@href='/add']
20:49:32.873  INFO  manager.ListenerWD - Before find element --> By.cssSelector: input[placeholder='Name']
20:49:32.880  INFO  manager.ListenerWD - After find element --> By.cssSelector: input[placeholder='Name']
20:49:32.928  INFO  manager.ListenerWD - Before find element --> By.cssSelector: input[placeholder='Last Name']
20:49:32.934  INFO  manager.ListenerWD - After find element --> By.cssSelector: input[placeholder='Last Name']
20:49:32.981  INFO  manager.ListenerWD - Before find element --> By.cssSelector: input[placeholder='Phone']
20:49:32.987  INFO  manager.ListenerWD - After find element --> By.cssSelector: input[placeholder='Phone']
20:49:33.036  INFO  manager.ListenerWD - Before find element --> By.cssSelector: input[placeholder='email']
20:49:33.042  INFO  manager.ListenerWD - After find element --> By.cssSelector: input[placeholder='email']
20:49:33.095  INFO  manager.ListenerWD - Before find element --> By.cssSelector: input[placeholder='Address']
20:49:33.101  INFO  manager.ListenerWD - After find element --> By.cssSelector: input[placeholder='Address']
20:49:35.152  INFO  manager.ListenerWD - Before find element --> By.xpath: //b[text()='Save']
20:49:35.159  INFO  manager.ListenerWD - After find element --> By.xpath: //b[text()='Save']
20:49:35.176  INFO  manager.ListenerWD - Before find elements --> By.cssSelector: h2
20:49:35.674  INFO  manager.ListenerWD - After find elements --> By.cssSelector: h2
20:49:35.674  INFO  manager.ListenerWD - List size is --> 44
20:49:36.034  INFO  manager.ListenerWD - Before find elements --> By.cssSelector: h3
20:49:36.117  INFO  manager.ListenerWD - After find elements --> By.cssSelector: h3
20:49:36.117  INFO  manager.ListenerWD - List size is --> 44
20:49:36.498  INFO  manager.ListenerWD - Before find elements --> By.cssSelector: h2
20:49:36.585  INFO  manager.ListenerWD - After find elements --> By.cssSelector: h2
20:49:36.585  INFO  manager.ListenerWD - List size is --> 44
20:49:36.788  INFO  manager.ListenerWD - Before find element --> By.xpath: //div[starts-with(@class,'contact-item-detailed_card')]
20:49:36.795  INFO  manager.ListenerWD - After find element --> By.xpath: //div[starts-with(@class,'contact-item-detailed_card')]
20:49:36.806  INFO  tests.TestBase - Test passed with success
20:49:36.806  INFO  manager.ListenerTNG - onTestSuccess name --> addNewContactSuccessRequiredFields
20:49:36.806  INFO  tests.TestBase - The name of method is -->addNewContactTwoAtEmail
20:49:36.807  INFO  manager.ListenerWD - Before find elements --> By.xpath: //button[text()='Sign Out']
20:49:36.813  INFO  manager.ListenerWD - After find elements --> By.xpath: //button[text()='Sign Out']
20:49:36.813  INFO  manager.ListenerWD - List size is --> 1
20:49:36.813  INFO  manager.ListenerTNG - onTestStart name --> addNewContactTwoAtEmail
20:49:36.813  INFO  tests.TestBase - Test started with email: alinaw1564@@gmail.com
20:49:36.813  INFO  manager.ListenerWD - Before find element --> By.xpath: //a[@href='/add']
20:49:36.819  INFO  manager.ListenerWD - After find element --> By.xpath: //a[@href='/add']
20:49:36.833  INFO  manager.ListenerWD - Before find element --> By.cssSelector: input[placeholder='Name']
20:49:36.839  INFO  manager.ListenerWD - After find element --> By.cssSelector: input[placeholder='Name']
20:49:36.889  INFO  manager.ListenerWD - Before find element --> By.cssSelector: input[placeholder='Last Name']
20:49:36.895  INFO  manager.ListenerWD - After find element --> By.cssSelector: input[placeholder='Last Name']
20:49:36.942  INFO  manager.ListenerWD - Before find element --> By.cssSelector: input[placeholder='Phone']
20:49:36.948  INFO  manager.ListenerWD - After find element --> By.cssSelector: input[placeholder='Phone']
20:49:36.997  INFO  manager.ListenerWD - Before find element --> By.cssSelector: input[placeholder='email']
20:49:37.004  INFO  manager.ListenerWD - After find element --> By.cssSelector: input[placeholder='email']
20:49:37.057  INFO  manager.ListenerWD - Before find element --> By.cssSelector: input[placeholder='Address']
20:49:37.063  INFO  manager.ListenerWD - After find element --> By.cssSelector: input[placeholder='Address']
20:49:37.114  INFO  manager.ListenerWD - Before find element --> By.cssSelector: input[placeholder='description']
20:49:37.124  INFO  manager.ListenerWD - After find element --> By.cssSelector: input[placeholder='description']
20:49:37.179  INFO  manager.ListenerWD - Before find element --> By.xpath: //b[text()='Save']
20:49:37.186  INFO  manager.ListenerWD - After find element --> By.xpath: //b[text()='Save']
20:49:39.208  INFO  tests.TestBase - Test passed with success
20:49:39.208  INFO  manager.ListenerTNG - onTestSuccess name --> addNewContactTwoAtEmail
20:49:39.209  INFO  tests.TestBase - The name of method is -->addNewContactWrongEmail
20:49:39.209  INFO  manager.ListenerWD - Before find elements --> By.xpath: //button[text()='Sign Out']
20:49:39.216  INFO  manager.ListenerWD - After find elements --> By.xpath: //button[text()='Sign Out']
20:49:39.216  INFO  manager.ListenerWD - List size is --> 1
20:49:39.216  INFO  manager.ListenerTNG - onTestStart name --> addNewContactWrongEmail
20:49:39.216  INFO  tests.TestBase - Test started with email: alinaw1341gmail.com
20:49:39.216  INFO  manager.ListenerWD - Before find element --> By.xpath: //a[@href='/add']
20:49:39.223  INFO  manager.ListenerWD - After find element --> By.xpath: //a[@href='/add']
20:49:39.239  INFO  manager.ListenerWD - Before find element --> By.cssSelector: input[placeholder='Name']
20:49:39.245  INFO  manager.ListenerWD - After find element --> By.cssSelector: input[placeholder='Name']
20:49:39.291  INFO  manager.ListenerWD - Before find element --> By.cssSelector: input[placeholder='Last Name']
20:49:39.297  INFO  manager.ListenerWD - After find element --> By.cssSelector: input[placeholder='Last Name']
20:49:39.339  INFO  manager.ListenerWD - Before find element --> By.cssSelector: input[placeholder='Phone']
20:49:39.345  INFO  manager.ListenerWD - After find element --> By.cssSelector: input[placeholder='Phone']
20:49:39.388  INFO  manager.ListenerWD - Before find element --> By.cssSelector: input[placeholder='email']
20:49:39.394  INFO  manager.ListenerWD - After find element --> By.cssSelector: input[placeholder='email']
20:49:39.441  INFO  manager.ListenerWD - Before find element --> By.cssSelector: input[placeholder='Address']
20:49:39.447  INFO  manager.ListenerWD - After find element --> By.cssSelector: input[placeholder='Address']
20:49:39.491  INFO  manager.ListenerWD - Before find element --> By.cssSelector: input[placeholder='description']
20:49:39.497  INFO  manager.ListenerWD - After find element --> By.cssSelector: input[placeholder='description']
20:49:39.544  INFO  manager.ListenerWD - Before find element --> By.xpath: //b[text()='Save']
20:49:39.550  INFO  manager.ListenerWD - After find element --> By.xpath: //b[text()='Save']
20:49:41.568  INFO  tests.TestBase - Test passed with success
20:49:41.568  INFO  manager.ListenerTNG - onTestSuccess name --> addNewContactWrongEmail
20:49:41.570  INFO  tests.TestBase - The name of method is -->loginSuccess
20:49:41.571  INFO  manager.ListenerTNG - onTestStart name --> loginSuccess
20:49:41.572  INFO  manager.ListenerTNG - onTestSkipped name --> loginSuccess
20:49:41.572  INFO  manager.ListenerTNG - onTestStart name --> loginSuccess
20:49:41.572  INFO  manager.ListenerTNG - onTestSkipped name --> loginSuccess
20:49:41.572  INFO  manager.ListenerTNG - onTestStart name --> loginSuccess
20:49:41.572  INFO  manager.ListenerTNG - onTestSkipped name --> loginSuccess
20:49:41.573  INFO  manager.ListenerTNG - onTestStart name --> loginSuccess2
20:49:41.573  INFO  manager.ListenerTNG - onTestSkipped name --> loginSuccess2
20:49:41.573  INFO  manager.ListenerTNG - onTestStart name --> loginSuccess2
20:49:41.573  INFO  manager.ListenerTNG - onTestSkipped name --> loginSuccess2
20:49:41.573  INFO  manager.ListenerTNG - onTestStart name --> loginSuccess2
20:49:41.574  INFO  manager.ListenerTNG - onTestSkipped name --> loginSuccess2
20:49:41.574  INFO  manager.ListenerTNG - onTestStart name --> loginSuccess2
20:49:41.577  INFO  manager.ListenerTNG - onTestSkipped name --> loginSuccess2
20:49:41.578  INFO  manager.ListenerTNG - onTestStart name --> loginSuccessModelFormFile
20:49:41.578  INFO  manager.ListenerTNG - onTestSkipped name --> loginSuccessModelFormFile
20:49:41.579  INFO  manager.ListenerTNG - onTestStart name --> loginSuccessModelFormFile
20:49:41.579  INFO  manager.ListenerTNG - onTestSkipped name --> loginSuccessModelFormFile
20:49:41.579  INFO  manager.ListenerTNG - onTestStart name --> loginSuccessModelFormFile
20:49:41.579  INFO  manager.ListenerTNG - onTestSkipped name --> loginSuccessModelFormFile
20:49:41.579  INFO  manager.ListenerTNG - onTestStart name --> loginUnregisteredUser
20:49:41.579  INFO  manager.ListenerTNG - onTestSkipped name --> loginUnregisteredUser
20:49:41.579  INFO  manager.ListenerTNG - onTestStart name --> loginWrongEmail
20:49:41.580  INFO  manager.ListenerTNG - onTestSkipped name --> loginWrongEmail
20:49:41.580  INFO  manager.ListenerTNG - onTestStart name --> loginWrongPassword
20:49:41.580  INFO  manager.ListenerTNG - onTestSkipped name --> loginWrongPassword
20:49:41.580  INFO  tests.TestBase - The name of method is -->registrationSuccess
20:49:41.581  INFO  manager.ListenerTNG - onTestStart name --> registrationSuccess
20:49:41.581  INFO  manager.ListenerTNG - onTestSkipped name --> registrationSuccess
20:49:41.581  INFO  manager.ListenerTNG - onTestStart name --> registrationUserAlreadyExists
20:49:41.581  INFO  manager.ListenerTNG - onTestSkipped name --> registrationUserAlreadyExists
20:49:41.581  INFO  manager.ListenerTNG - onTestStart name --> registrationWrongEmail
20:49:41.582  INFO  manager.ListenerTNG - onTestSkipped name --> registrationWrongEmail
20:49:41.582  INFO  manager.ListenerTNG - onTestStart name --> registrationWrongPassword
20:49:41.582  INFO  manager.ListenerTNG - onTestSkipped name --> registrationWrongPassword
20:49:41.583  INFO  manager.ListenerTNG - onFinish name --> Gradle test
