11:36:19.488  INFO  manager.ApplicationManager - All tests start in Chrome Browser
11:36:20.502  INFO  manager.ApplicationManager - Current url -->https://telranedu.web.app/home
11:36:20.518  INFO  tests.TestBase - The name of method is -->registrationSuccess
11:36:20.520  INFO  manager.ListenerWD - Before find elements --> By.xpath: //button[text()='Sign Out']
11:36:25.531  INFO  manager.ListenerWD - After find elements --> By.xpath: //button[text()='Sign Out']
11:36:25.533  INFO  manager.ListenerWD - List size is --> 0
11:36:25.535  INFO  manager.ListenerWD - Before find element --> By.cssSelector: a[href='/login']
11:36:25.552  INFO  manager.ListenerWD - After find element --> By.cssSelector: a[href='/login']
11:36:25.589  INFO  manager.ListenerWD - Before find element --> By.cssSelector: input[name='email']
11:36:25.604  INFO  manager.ListenerWD - After find element --> By.cssSelector: input[name='email']
11:36:25.677  INFO  manager.ListenerWD - Before find element --> By.cssSelector: input[name='password']
11:36:25.692  INFO  manager.ListenerWD - After find element --> By.cssSelector: input[name='password']
11:36:25.752  INFO  manager.ListenerWD - Before find element --> By.cssSelector: [name='registration']
11:36:25.766  INFO  manager.ListenerWD - After find element --> By.cssSelector: [name='registration']
11:36:25.790  INFO  manager.ListenerWD - Before find elements --> By.xpath: //button[text()='Sign Out']
11:36:26.965  INFO  manager.ListenerWD - After find elements --> By.xpath: //button[text()='Sign Out']
11:36:26.965  INFO  manager.ListenerWD - List size is --> 1
11:36:26.968  INFO  tests.TestBase - The name of method is -->registrationUserAlreadyExists
11:36:26.969  INFO  manager.ListenerWD - Before find elements --> By.xpath: //button[text()='Sign Out']
11:36:26.980  INFO  manager.ListenerWD - After find elements --> By.xpath: //button[text()='Sign Out']
11:36:26.981  INFO  manager.ListenerWD - List size is --> 1
11:36:26.981  INFO  manager.ListenerWD - Before find element --> By.xpath: //button[text()='Sign Out']
11:36:26.994  INFO  manager.ListenerWD - After find element --> By.xpath: //button[text()='Sign Out']
11:36:27.018  INFO  manager.ListenerWD - Before find element --> By.cssSelector: a[href='/login']
11:36:27.028  INFO  manager.ListenerWD - After find element --> By.cssSelector: a[href='/login']
11:36:27.047  INFO  manager.ListenerWD - Before find element --> By.cssSelector: input[name='email']
11:36:27.058  INFO  manager.ListenerWD - After find element --> By.cssSelector: input[name='email']
11:36:27.122  INFO  manager.ListenerWD - Before find element --> By.cssSelector: input[name='password']
11:36:27.132  INFO  manager.ListenerWD - After find element --> By.cssSelector: input[name='password']
11:36:27.191  INFO  manager.ListenerWD - Before find element --> By.cssSelector: [name='registration']
11:36:27.201  INFO  manager.ListenerWD - After find element --> By.cssSelector: [name='registration']
11:36:27.221  INFO  manager.ListenerWD - Before find elements --> By.xpath: //button[text()='Sign Out']
11:36:27.435  INFO  manager.ListenerWD - After find elements --> By.xpath: //button[text()='Sign Out']
11:36:27.436  INFO  manager.ListenerWD - List size is --> 0
11:36:27.451  INFO  tests.TestBase - The name of method is -->registrationWrongEmail
11:36:27.451  INFO  manager.ListenerWD - Before find elements --> By.xpath: //button[text()='Sign Out']
11:36:32.507  INFO  manager.ListenerWD - After find elements --> By.xpath: //button[text()='Sign Out']
11:36:32.507  INFO  manager.ListenerWD - List size is --> 0
11:36:32.508  INFO  manager.ListenerWD - Before find element --> By.cssSelector: a[href='/login']
11:36:32.516  INFO  manager.ListenerWD - After find element --> By.cssSelector: a[href='/login']
11:36:32.533  INFO  manager.ListenerWD - Before find element --> By.cssSelector: input[name='email']
11:36:32.543  INFO  manager.ListenerWD - After find element --> By.cssSelector: input[name='email']
11:36:32.630  INFO  manager.ListenerWD - Before find element --> By.cssSelector: input[name='password']
11:36:32.640  INFO  manager.ListenerWD - After find element --> By.cssSelector: input[name='password']
11:36:32.712  INFO  manager.ListenerWD - Before find element --> By.cssSelector: [name='registration']
11:36:32.721  INFO  manager.ListenerWD - After find element --> By.cssSelector: [name='registration']
11:36:32.743  INFO  manager.ListenerWD - Before find elements --> By.xpath: //button[text()='Sign Out']
11:36:32.957  INFO  manager.ListenerWD - After find elements --> By.xpath: //button[text()='Sign Out']
11:36:32.957  INFO  manager.ListenerWD - List size is --> 0
11:36:32.968  INFO  tests.TestBase - The name of method is -->registrationWrongPassword
11:36:32.968  INFO  manager.ListenerWD - Before find elements --> By.xpath: //button[text()='Sign Out']
11:36:37.974  INFO  manager.ListenerWD - After find elements --> By.xpath: //button[text()='Sign Out']
11:36:37.974  INFO  manager.ListenerWD - List size is --> 0
11:36:37.974  INFO  manager.ListenerWD - Before find element --> By.cssSelector: a[href='/login']
11:36:37.982  INFO  manager.ListenerWD - After find element --> By.cssSelector: a[href='/login']
11:36:37.997  INFO  manager.ListenerWD - Before find element --> By.cssSelector: input[name='email']
11:36:38.006  INFO  manager.ListenerWD - After find element --> By.cssSelector: input[name='email']
11:36:38.076  INFO  manager.ListenerWD - Before find element --> By.cssSelector: input[name='password']
11:36:38.085  INFO  manager.ListenerWD - After find element --> By.cssSelector: input[name='password']
11:36:38.148  INFO  manager.ListenerWD - Before find element --> By.cssSelector: [name='registration']
11:36:38.158  INFO  manager.ListenerWD - After find element --> By.cssSelector: [name='registration']
11:36:38.180  INFO  manager.ListenerWD - Before find elements --> By.xpath: //button[text()='Sign Out']
11:36:38.395  INFO  manager.ListenerWD - After find elements --> By.xpath: //button[text()='Sign Out']
11:36:38.395  INFO  manager.ListenerWD - List size is --> 0
