21:24:14.512  INFO  manager.ApplicationManager - All tests start in Chrome Browser
21:24:15.523  INFO  manager.ApplicationManager - Current url -->https://telranedu.web.app/home
21:24:15.525  INFO  manager.ListenerTNG - onStart name --> Nopackage
21:24:15.542  INFO  tests.TestBase - The name of method is -->registrationSuccess
21:24:15.543  INFO  manager.ListenerWD - Before find elements --> By.xpath: //button[text()='Sign Out']
21:24:20.562  INFO  manager.ListenerWD - After find elements --> By.xpath: //button[text()='Sign Out']
21:24:20.564  INFO  manager.ListenerWD - List size is --> 0
21:24:20.565  INFO  manager.ListenerTNG - onTestStart name --> registrationSuccess
21:24:20.570  INFO  manager.ListenerWD - Before find element --> By.cssSelector: a[href='/login']
21:24:20.587  INFO  manager.ListenerWD - After find element --> By.cssSelector: a[href='/login']
21:24:20.644  INFO  manager.ListenerWD - Before find element --> By.cssSelector: input[name='email']
21:24:20.659  INFO  manager.ListenerWD - After find element --> By.cssSelector: input[name='email']
21:24:20.745  INFO  manager.ListenerWD - Before find element --> By.cssSelector: input[name='password']
21:24:20.759  INFO  manager.ListenerWD - After find element --> By.cssSelector: input[name='password']
21:24:20.836  INFO  manager.ListenerWD - Before find element --> By.cssSelector: [name='registration']
21:24:20.850  INFO  manager.ListenerWD - After find element --> By.cssSelector: [name='registration']
21:24:20.887  INFO  manager.ListenerWD - Before find elements --> By.xpath: //button[text()='Sign Out']
21:24:22.055  INFO  manager.ListenerWD - After find elements --> By.xpath: //button[text()='Sign Out']
21:24:22.055  INFO  manager.ListenerWD - List size is --> 1
21:24:22.058  INFO  manager.ListenerTNG - onTestSuccess name --> registrationSuccess
21:24:22.059  INFO  tests.TestBase - The name of method is -->registrationUserAlreadyExists
21:24:22.060  INFO  manager.ListenerWD - Before find elements --> By.xpath: //button[text()='Sign Out']
21:24:22.071  INFO  manager.ListenerWD - After find elements --> By.xpath: //button[text()='Sign Out']
21:24:22.071  INFO  manager.ListenerWD - List size is --> 1
21:24:22.071  INFO  manager.ListenerWD - Before find element --> By.xpath: //button[text()='Sign Out']
21:24:22.084  INFO  manager.ListenerWD - After find element --> By.xpath: //button[text()='Sign Out']
21:24:22.122  INFO  manager.ListenerTNG - onTestStart name --> registrationUserAlreadyExists
21:24:22.122  INFO  manager.ListenerWD - Before find element --> By.cssSelector: a[href='/login']
21:24:22.132  INFO  manager.ListenerWD - After find element --> By.cssSelector: a[href='/login']
21:24:22.170  INFO  manager.ListenerWD - Before find element --> By.cssSelector: input[name='email']
21:24:22.180  INFO  manager.ListenerWD - After find element --> By.cssSelector: input[name='email']
21:24:22.261  INFO  manager.ListenerWD - Before find element --> By.cssSelector: input[name='password']
21:24:22.271  INFO  manager.ListenerWD - After find element --> By.cssSelector: input[name='password']
21:24:22.348  INFO  manager.ListenerWD - Before find element --> By.cssSelector: [name='registration']
21:24:22.358  INFO  manager.ListenerWD - After find element --> By.cssSelector: [name='registration']
21:24:22.393  INFO  manager.ListenerWD - Before find elements --> By.xpath: //button[text()='Sign Out']
21:24:22.609  INFO  manager.ListenerWD - After find elements --> By.xpath: //button[text()='Sign Out']
21:24:22.609  INFO  manager.ListenerWD - List size is --> 0
21:24:22.621  INFO  manager.ListenerTNG - onTestSuccess name --> registrationUserAlreadyExists
21:24:22.621  INFO  tests.TestBase - The name of method is -->registrationWrongEmail
21:24:22.622  INFO  manager.ListenerWD - Before find elements --> By.xpath: //button[text()='Sign Out']
21:24:27.678  INFO  manager.ListenerWD - After find elements --> By.xpath: //button[text()='Sign Out']
21:24:27.678  INFO  manager.ListenerWD - List size is --> 0
21:24:27.678  INFO  manager.ListenerTNG - onTestStart name --> registrationWrongEmail
21:24:27.678  INFO  manager.ListenerWD - Before find element --> By.cssSelector: a[href='/login']
21:24:27.687  INFO  manager.ListenerWD - After find element --> By.cssSelector: a[href='/login']
21:24:27.715  INFO  manager.ListenerWD - Before find element --> By.cssSelector: input[name='email']
21:24:27.724  INFO  manager.ListenerWD - After find element --> By.cssSelector: input[name='email']
21:24:27.814  INFO  manager.ListenerWD - Before find element --> By.cssSelector: input[name='password']
21:24:27.823  INFO  manager.ListenerWD - After find element --> By.cssSelector: input[name='password']
21:24:27.909  INFO  manager.ListenerWD - Before find element --> By.cssSelector: [name='registration']
21:24:27.918  INFO  manager.ListenerWD - After find element --> By.cssSelector: [name='registration']
21:24:27.953  INFO  manager.ListenerWD - Before find elements --> By.xpath: //button[text()='Sign Out']
21:24:28.117  INFO  manager.ListenerWD - After find elements --> By.xpath: //button[text()='Sign Out']
21:24:28.117  INFO  manager.ListenerWD - List size is --> 0
21:24:28.128  INFO  manager.ListenerTNG - onTestSuccess name --> registrationWrongEmail
21:24:28.129  INFO  tests.TestBase - The name of method is -->registrationWrongPassword
21:24:28.130  INFO  manager.ListenerWD - Before find elements --> By.xpath: //button[text()='Sign Out']
21:24:33.183  INFO  manager.ListenerWD - After find elements --> By.xpath: //button[text()='Sign Out']
21:24:33.183  INFO  manager.ListenerWD - List size is --> 0
21:24:33.183  INFO  manager.ListenerTNG - onTestStart name --> registrationWrongPassword
21:24:33.183  INFO  manager.ListenerWD - Before find element --> By.cssSelector: a[href='/login']
21:24:33.191  INFO  manager.ListenerWD - After find element --> By.cssSelector: a[href='/login']
21:24:33.217  INFO  manager.ListenerWD - Before find element --> By.cssSelector: input[name='email']
21:24:33.226  INFO  manager.ListenerWD - After find element --> By.cssSelector: input[name='email']
21:24:33.312  INFO  manager.ListenerWD - Before find element --> By.cssSelector: input[name='password']
21:24:33.321  INFO  manager.ListenerWD - After find element --> By.cssSelector: input[name='password']
21:24:33.400  INFO  manager.ListenerWD - Before find element --> By.cssSelector: [name='registration']
21:24:33.409  INFO  manager.ListenerWD - After find element --> By.cssSelector: [name='registration']
21:24:33.444  INFO  manager.ListenerWD - Before find elements --> By.xpath: //button[text()='Sign Out']
21:24:33.608  INFO  manager.ListenerWD - After find elements --> By.xpath: //button[text()='Sign Out']
21:24:33.608  INFO  manager.ListenerWD - List size is --> 0
21:24:33.620  INFO  manager.ListenerTNG - onTestSuccess name --> registrationWrongPassword
21:24:33.622  INFO  tests.TestBase - The name of method is -->addNewContactAddressBlank
21:24:33.622  INFO  manager.ListenerWD - Before find elements --> By.xpath: //button[text()='Sign Out']
21:24:38.674  INFO  manager.ListenerWD - After find elements --> By.xpath: //button[text()='Sign Out']
21:24:38.675  INFO  manager.ListenerWD - List size is --> 0
21:24:38.675  INFO  manager.ListenerWD - Before find element --> By.cssSelector: a[href='/login']
21:24:38.683  INFO  manager.ListenerWD - After find element --> By.cssSelector: a[href='/login']
21:24:38.708  INFO  manager.ListenerWD - Before find element --> By.cssSelector: input[name='email']
21:24:38.717  INFO  manager.ListenerWD - After find element --> By.cssSelector: input[name='email']
21:24:38.802  INFO  manager.ListenerWD - Before find element --> By.cssSelector: input[name='password']
21:24:38.810  INFO  manager.ListenerWD - After find element --> By.cssSelector: input[name='password']
21:24:38.894  INFO  manager.ListenerWD - Before find element --> By.cssSelector: button[name='login']
21:24:38.905  INFO  manager.ListenerWD - After find element --> By.cssSelector: button[name='login']
21:24:38.944  INFO  manager.ListenerTNG - onTestStart name --> addNewContactAddressBlank
21:24:38.945  INFO  tests.TestBase - Test started with address:  
21:24:38.945  INFO  manager.ListenerWD - Before find element --> By.xpath: //a[@href='/add']
21:24:39.431  INFO  manager.ListenerWD - After find element --> By.xpath: //a[@href='/add']
21:24:39.468  INFO  manager.ListenerWD - Before find element --> By.cssSelector: input[placeholder='Name']
21:24:39.479  INFO  manager.ListenerWD - After find element --> By.cssSelector: input[placeholder='Name']
21:24:39.550  INFO  manager.ListenerWD - Before find element --> By.cssSelector: input[placeholder='Last Name']
21:24:39.562  INFO  manager.ListenerWD - After find element --> By.cssSelector: input[placeholder='Last Name']
21:24:39.640  INFO  manager.ListenerWD - Before find element --> By.cssSelector: input[placeholder='Phone']
21:24:39.651  INFO  manager.ListenerWD - After find element --> By.cssSelector: input[placeholder='Phone']
21:24:39.744  INFO  manager.ListenerWD - Before find element --> By.cssSelector: input[placeholder='email']
21:24:39.757  INFO  manager.ListenerWD - After find element --> By.cssSelector: input[placeholder='email']
21:24:39.841  INFO  manager.ListenerWD - Before find element --> By.cssSelector: input[placeholder='Address']
21:24:39.853  INFO  manager.ListenerWD - After find element --> By.cssSelector: input[placeholder='Address']
21:24:39.930  INFO  manager.ListenerWD - Before find element --> By.cssSelector: input[placeholder='description']
21:24:39.942  INFO  manager.ListenerWD - After find element --> By.cssSelector: input[placeholder='description']
21:24:40.020  INFO  manager.ListenerWD - Before find element --> By.xpath: //b[text()='Save']
21:24:40.031  INFO  manager.ListenerWD - After find element --> By.xpath: //b[text()='Save']
21:24:40.066  INFO  manager.ListenerWD - Before find elements --> By.cssSelector: a[href='/add'][class='active']
21:24:40.078  INFO  manager.ListenerWD - After find elements --> By.cssSelector: a[href='/add'][class='active']
21:24:40.078  INFO  manager.ListenerWD - List size is --> 1
21:24:40.078  INFO  tests.TestBase - Test passed with success
21:24:40.078  INFO  manager.ListenerTNG - onTestSuccess name --> addNewContactAddressBlank
21:24:40.078  INFO  tests.TestBase - The name of method is -->addNewContactAddressNull
21:24:40.079  INFO  manager.ListenerWD - Before find elements --> By.xpath: //button[text()='Sign Out']
21:24:40.087  INFO  manager.ListenerWD - After find elements --> By.xpath: //button[text()='Sign Out']
21:24:40.087  INFO  manager.ListenerWD - List size is --> 1
21:24:40.087  INFO  manager.ListenerTNG - onTestStart name --> addNewContactAddressNull
21:24:40.088  INFO  tests.TestBase - Test started with address: 
21:24:40.088  INFO  manager.ListenerWD - Before find element --> By.xpath: //a[@href='/add']
21:24:40.095  INFO  manager.ListenerWD - After find element --> By.xpath: //a[@href='/add']
21:24:40.125  INFO  manager.ListenerWD - Before find element --> By.cssSelector: input[placeholder='Name']
21:24:40.133  INFO  manager.ListenerWD - After find element --> By.cssSelector: input[placeholder='Name']
21:24:40.192  INFO  manager.ListenerWD - Before find element --> By.cssSelector: input[placeholder='Last Name']
21:24:40.200  INFO  manager.ListenerWD - After find element --> By.cssSelector: input[placeholder='Last Name']
21:24:40.260  INFO  manager.ListenerWD - Before find element --> By.cssSelector: input[placeholder='Phone']
21:24:40.268  INFO  manager.ListenerWD - After find element --> By.cssSelector: input[placeholder='Phone']
21:24:40.327  INFO  manager.ListenerWD - Before find element --> By.cssSelector: input[placeholder='email']
21:24:40.335  INFO  manager.ListenerWD - After find element --> By.cssSelector: input[placeholder='email']
21:24:40.399  INFO  manager.ListenerWD - Before find element --> By.cssSelector: input[placeholder='Address']
21:24:40.407  INFO  manager.ListenerWD - After find element --> By.cssSelector: input[placeholder='Address']
21:24:40.461  INFO  manager.ListenerWD - Before find element --> By.cssSelector: input[placeholder='description']
21:24:40.468  INFO  manager.ListenerWD - After find element --> By.cssSelector: input[placeholder='description']
21:24:40.530  INFO  manager.ListenerWD - Before find element --> By.xpath: //b[text()='Save']
21:24:40.537  INFO  manager.ListenerWD - After find element --> By.xpath: //b[text()='Save']
21:24:40.559  INFO  manager.ListenerWD - Before find elements --> By.cssSelector: a[href='/add'][class='active']
21:24:40.567  INFO  manager.ListenerWD - After find elements --> By.cssSelector: a[href='/add'][class='active']
21:24:40.567  INFO  manager.ListenerWD - List size is --> 1
21:24:40.567  INFO  tests.TestBase - Test passed with success
21:24:40.567  INFO  manager.ListenerTNG - onTestSuccess name --> addNewContactAddressNull
21:24:40.568  INFO  tests.TestBase - The name of method is -->addNewContactBlankEmail
21:24:40.568  INFO  manager.ListenerWD - Before find elements --> By.xpath: //button[text()='Sign Out']
21:24:40.576  INFO  manager.ListenerWD - After find elements --> By.xpath: //button[text()='Sign Out']
21:24:40.576  INFO  manager.ListenerWD - List size is --> 1
21:24:40.576  INFO  manager.ListenerTNG - onTestStart name --> addNewContactBlankEmail
21:24:40.577  INFO  tests.TestBase - Test started with email:  
21:24:40.577  INFO  manager.ListenerWD - Before find element --> By.xpath: //a[@href='/add']
21:24:40.584  INFO  manager.ListenerWD - After find element --> By.xpath: //a[@href='/add']
21:24:40.609  INFO  manager.ListenerWD - Before find element --> By.cssSelector: input[placeholder='Name']
21:24:40.617  INFO  manager.ListenerWD - After find element --> By.cssSelector: input[placeholder='Name']
21:24:40.674  INFO  manager.ListenerWD - Before find element --> By.cssSelector: input[placeholder='Last Name']
21:24:40.682  INFO  manager.ListenerWD - After find element --> By.cssSelector: input[placeholder='Last Name']
21:24:40.736  INFO  manager.ListenerWD - Before find element --> By.cssSelector: input[placeholder='Phone']
21:24:40.744  INFO  manager.ListenerWD - After find element --> By.cssSelector: input[placeholder='Phone']
21:24:40.801  INFO  manager.ListenerWD - Before find element --> By.cssSelector: input[placeholder='email']
21:24:40.809  INFO  manager.ListenerWD - After find element --> By.cssSelector: input[placeholder='email']
21:24:40.862  INFO  manager.ListenerWD - Before find element --> By.cssSelector: input[placeholder='Address']
21:24:40.870  INFO  manager.ListenerWD - After find element --> By.cssSelector: input[placeholder='Address']
21:24:40.929  INFO  manager.ListenerWD - Before find element --> By.cssSelector: input[placeholder='description']
21:24:40.937  INFO  manager.ListenerWD - After find element --> By.cssSelector: input[placeholder='description']
21:24:40.999  INFO  manager.ListenerWD - Before find element --> By.xpath: //b[text()='Save']
21:24:41.007  INFO  manager.ListenerWD - After find element --> By.xpath: //b[text()='Save']
21:24:41.037  INFO  manager.ListenerWD - Test ends with error
21:24:41.037  INFO  manager.ListenerWD - ===================================
21:24:41.037  INFO  manager.ListenerWD - Method name--> alert
21:24:41.037  INFO  manager.ListenerWD - ===================================
21:24:41.038  INFO  manager.ListenerWD - InvocationTargetException cause--> org.openqa.selenium.NoAlertPresentException: no such alert
  (Session info: chrome=109.0.5414.120)
Build info: version: '4.7.1', revision: 'c6795baf1a3'
System info: os.name: 'Windows 10', os.arch: 'amd64', os.version: '10.0', java.version: '11.0.17'
Driver info: org.openqa.selenium.chrome.ChromeDriver
Command: [2a735ef656ff139eea54d9342ca4913b, getAlertText {}]
Capabilities {acceptInsecureCerts: false, browserName: chrome, browserVersion: 109.0.5414.120, chrome: {chromedriverVersion: 109.0.5414.74 (e7c5703604da..., userDataDir: C:\Users\User\AppData\Local...}, goog:chromeOptions: {debuggerAddress: localhost:51032}, networkConnectionEnabled: false, pageLoadStrategy: normal, platformName: WINDOWS, proxy: Proxy(), se:cdp: ws://localhost:51032/devtoo..., se:cdpVersion: 109.0.5414.120, setWindowRect: true, strictFileInteractability: false, timeouts: {implicit: 0, pageLoad: 300000, script: 30000}, unhandledPromptBehavior: dismiss and notify, webauthn:extension:credBlob: true, webauthn:extension:largeBlob: true, webauthn:virtualAuthenticators: true}
Session ID: 2a735ef656ff139eea54d9342ca4913b
21:24:41.038  INFO  manager.ListenerWD - ===================================
21:24:41.039  INFO  manager.ListenerWD - Object target --> org.openqa.selenium.remote.RemoteWebDriver$RemoteTargetLocator@33bdd01
21:24:41.039  INFO  manager.ListenerWD - ===================================
21:24:41.552  INFO  tests.TestBase - Test passed with success
21:24:41.552  INFO  manager.ListenerTNG - onTestSuccess name --> addNewContactBlankEmail
21:24:41.553  INFO  tests.TestBase - The name of method is -->addNewContactBlankLastName
21:24:41.553  INFO  manager.ListenerWD - Before find elements --> By.xpath: //button[text()='Sign Out']
21:24:41.561  INFO  manager.ListenerWD - After find elements --> By.xpath: //button[text()='Sign Out']
21:24:41.561  INFO  manager.ListenerWD - List size is --> 1
21:24:41.561  INFO  manager.ListenerTNG - onTestStart name --> addNewContactBlankLastName
21:24:41.562  INFO  tests.TestBase - Test started with last name:  
21:24:41.562  INFO  manager.ListenerWD - Before find element --> By.xpath: //a[@href='/add']
21:24:41.569  INFO  manager.ListenerWD - After find element --> By.xpath: //a[@href='/add']
21:24:41.594  INFO  manager.ListenerWD - Before find element --> By.cssSelector: input[placeholder='Name']
21:24:41.601  INFO  manager.ListenerWD - After find element --> By.cssSelector: input[placeholder='Name']
21:24:41.659  INFO  manager.ListenerWD - Before find element --> By.cssSelector: input[placeholder='Last Name']
21:24:41.667  INFO  manager.ListenerWD - After find element --> By.cssSelector: input[placeholder='Last Name']
21:24:41.719  INFO  manager.ListenerWD - Before find element --> By.cssSelector: input[placeholder='Phone']
21:24:41.726  INFO  manager.ListenerWD - After find element --> By.cssSelector: input[placeholder='Phone']
21:24:41.783  INFO  manager.ListenerWD - Before find element --> By.cssSelector: input[placeholder='email']
21:24:41.791  INFO  manager.ListenerWD - After find element --> By.cssSelector: input[placeholder='email']
21:24:41.849  INFO  manager.ListenerWD - Before find element --> By.cssSelector: input[placeholder='Address']
21:24:41.857  INFO  manager.ListenerWD - After find element --> By.cssSelector: input[placeholder='Address']
21:24:41.912  INFO  manager.ListenerWD - Before find element --> By.cssSelector: input[placeholder='description']
21:24:41.920  INFO  manager.ListenerWD - After find element --> By.cssSelector: input[placeholder='description']
21:24:41.980  INFO  manager.ListenerWD - Before find element --> By.xpath: //b[text()='Save']
21:24:41.989  INFO  manager.ListenerWD - After find element --> By.xpath: //b[text()='Save']
21:24:42.011  INFO  manager.ListenerWD - Before find elements --> By.cssSelector: a[href='/add'][class='active']
21:24:42.018  INFO  manager.ListenerWD - After find elements --> By.cssSelector: a[href='/add'][class='active']
21:24:42.018  INFO  manager.ListenerWD - List size is --> 1
21:24:42.019  INFO  tests.TestBase - Test passed with success
21:24:42.019  INFO  manager.ListenerTNG - onTestSuccess name --> addNewContactBlankLastName
21:24:42.019  INFO  tests.TestBase - The name of method is -->addNewContactBlankName
21:24:42.020  INFO  manager.ListenerWD - Before find elements --> By.xpath: //button[text()='Sign Out']
21:24:42.027  INFO  manager.ListenerWD - After find elements --> By.xpath: //button[text()='Sign Out']
21:24:42.027  INFO  manager.ListenerWD - List size is --> 1
21:24:42.027  INFO  manager.ListenerTNG - onTestStart name --> addNewContactBlankName
21:24:42.028  INFO  tests.TestBase - Test started with name:  
21:24:42.028  INFO  manager.ListenerWD - Before find element --> By.xpath: //a[@href='/add']
21:24:42.035  INFO  manager.ListenerWD - After find element --> By.xpath: //a[@href='/add']
21:24:42.058  INFO  manager.ListenerWD - Before find element --> By.cssSelector: input[placeholder='Name']
21:24:42.066  INFO  manager.ListenerWD - After find element --> By.cssSelector: input[placeholder='Name']
21:24:42.119  INFO  manager.ListenerWD - Before find element --> By.cssSelector: input[placeholder='Last Name']
21:24:42.126  INFO  manager.ListenerWD - After find element --> By.cssSelector: input[placeholder='Last Name']
21:24:42.179  INFO  manager.ListenerWD - Before find element --> By.cssSelector: input[placeholder='Phone']
21:24:42.187  INFO  manager.ListenerWD - After find element --> By.cssSelector: input[placeholder='Phone']
21:24:42.248  INFO  manager.ListenerWD - Before find element --> By.cssSelector: input[placeholder='email']
21:24:42.256  INFO  manager.ListenerWD - After find element --> By.cssSelector: input[placeholder='email']
21:24:42.325  INFO  manager.ListenerWD - Before find element --> By.cssSelector: input[placeholder='Address']
21:24:42.332  INFO  manager.ListenerWD - After find element --> By.cssSelector: input[placeholder='Address']
21:24:42.397  INFO  manager.ListenerWD - Before find element --> By.cssSelector: input[placeholder='description']
21:24:42.405  INFO  manager.ListenerWD - After find element --> By.cssSelector: input[placeholder='description']
21:24:42.464  INFO  manager.ListenerWD - Before find element --> By.xpath: //b[text()='Save']
21:24:42.471  INFO  manager.ListenerWD - After find element --> By.xpath: //b[text()='Save']
21:24:42.493  INFO  manager.ListenerWD - Before find elements --> By.cssSelector: a[href='/add'][class='active']
21:24:42.501  INFO  manager.ListenerWD - After find elements --> By.cssSelector: a[href='/add'][class='active']
21:24:42.502  INFO  manager.ListenerWD - List size is --> 1
21:24:42.502  INFO  tests.TestBase - Test passed with success
21:24:42.502  INFO  manager.ListenerTNG - onTestSuccess name --> addNewContactBlankName
21:24:42.502  INFO  tests.TestBase - The name of method is -->addNewContactMinimumCharAfterAtEmail
21:24:42.502  INFO  manager.ListenerWD - Before find elements --> By.xpath: //button[text()='Sign Out']
21:24:42.510  INFO  manager.ListenerWD - After find elements --> By.xpath: //button[text()='Sign Out']
21:24:42.510  INFO  manager.ListenerWD - List size is --> 1
21:24:42.510  INFO  manager.ListenerTNG - onTestStart name --> addNewContactMinimumCharAfterAtEmail
21:24:42.511  INFO  tests.TestBase - Test started with email: alinaw1407@
21:24:42.511  INFO  manager.ListenerWD - Before find element --> By.xpath: //a[@href='/add']
21:24:42.519  INFO  manager.ListenerWD - After find element --> By.xpath: //a[@href='/add']
21:24:42.545  INFO  manager.ListenerWD - Before find element --> By.cssSelector: input[placeholder='Name']
21:24:42.553  INFO  manager.ListenerWD - After find element --> By.cssSelector: input[placeholder='Name']
21:24:42.611  INFO  manager.ListenerWD - Before find element --> By.cssSelector: input[placeholder='Last Name']
21:24:42.618  INFO  manager.ListenerWD - After find element --> By.cssSelector: input[placeholder='Last Name']
21:24:42.674  INFO  manager.ListenerWD - Before find element --> By.cssSelector: input[placeholder='Phone']
21:24:42.682  INFO  manager.ListenerWD - After find element --> By.cssSelector: input[placeholder='Phone']
21:24:42.739  INFO  manager.ListenerWD - Before find element --> By.cssSelector: input[placeholder='email']
21:24:42.747  INFO  manager.ListenerWD - After find element --> By.cssSelector: input[placeholder='email']
21:24:42.802  INFO  manager.ListenerWD - Before find element --> By.cssSelector: input[placeholder='Address']
21:24:42.810  INFO  manager.ListenerWD - After find element --> By.cssSelector: input[placeholder='Address']
21:24:42.869  INFO  manager.ListenerWD - Before find element --> By.cssSelector: input[placeholder='description']
21:24:42.878  INFO  manager.ListenerWD - After find element --> By.cssSelector: input[placeholder='description']
21:24:42.937  INFO  manager.ListenerWD - Before find element --> By.xpath: //b[text()='Save']
21:24:42.944  INFO  manager.ListenerWD - After find element --> By.xpath: //b[text()='Save']
21:24:42.969  INFO  manager.ListenerWD - Test ends with error
21:24:42.969  INFO  manager.ListenerWD - ===================================
21:24:42.969  INFO  manager.ListenerWD - Method name--> alert
21:24:42.969  INFO  manager.ListenerWD - ===================================
21:24:42.969  INFO  manager.ListenerWD - InvocationTargetException cause--> org.openqa.selenium.NoAlertPresentException: no such alert
  (Session info: chrome=109.0.5414.120)
Build info: version: '4.7.1', revision: 'c6795baf1a3'
System info: os.name: 'Windows 10', os.arch: 'amd64', os.version: '10.0', java.version: '11.0.17'
Driver info: org.openqa.selenium.chrome.ChromeDriver
Command: [2a735ef656ff139eea54d9342ca4913b, getAlertText {}]
Capabilities {acceptInsecureCerts: false, browserName: chrome, browserVersion: 109.0.5414.120, chrome: {chromedriverVersion: 109.0.5414.74 (e7c5703604da..., userDataDir: C:\Users\User\AppData\Local...}, goog:chromeOptions: {debuggerAddress: localhost:51032}, networkConnectionEnabled: false, pageLoadStrategy: normal, platformName: WINDOWS, proxy: Proxy(), se:cdp: ws://localhost:51032/devtoo..., se:cdpVersion: 109.0.5414.120, setWindowRect: true, strictFileInteractability: false, timeouts: {implicit: 0, pageLoad: 300000, script: 30000}, unhandledPromptBehavior: dismiss and notify, webauthn:extension:credBlob: true, webauthn:extension:largeBlob: true, webauthn:virtualAuthenticators: true}
Session ID: 2a735ef656ff139eea54d9342ca4913b
21:24:42.969  INFO  manager.ListenerWD - ===================================
21:24:42.969  INFO  manager.ListenerWD - Object target --> org.openqa.selenium.remote.RemoteWebDriver$RemoteTargetLocator@1a84a8b2
21:24:42.969  INFO  manager.ListenerWD - ===================================
21:24:43.482  INFO  tests.TestBase - Test passed with success
21:24:43.482  INFO  manager.ListenerTNG - onTestSuccess name --> addNewContactMinimumCharAfterAtEmail
21:24:43.482  INFO  tests.TestBase - The name of method is -->addNewContactMinimumCharBeforeAtEmail
21:24:43.483  INFO  manager.ListenerWD - Before find elements --> By.xpath: //button[text()='Sign Out']
21:24:43.490  INFO  manager.ListenerWD - After find elements --> By.xpath: //button[text()='Sign Out']
21:24:43.490  INFO  manager.ListenerWD - List size is --> 1
21:24:43.491  INFO  manager.ListenerTNG - onTestStart name --> addNewContactMinimumCharBeforeAtEmail
21:24:43.491  INFO  tests.TestBase - Test started with email: @gmail.com
21:24:43.491  INFO  manager.ListenerWD - Before find element --> By.xpath: //a[@href='/add']
21:24:43.498  INFO  manager.ListenerWD - After find element --> By.xpath: //a[@href='/add']
21:24:43.520  INFO  manager.ListenerWD - Before find element --> By.cssSelector: input[placeholder='Name']
21:24:43.527  INFO  manager.ListenerWD - After find element --> By.cssSelector: input[placeholder='Name']
21:24:43.583  INFO  manager.ListenerWD - Before find element --> By.cssSelector: input[placeholder='Last Name']
21:24:43.591  INFO  manager.ListenerWD - After find element --> By.cssSelector: input[placeholder='Last Name']
21:24:43.646  INFO  manager.ListenerWD - Before find element --> By.cssSelector: input[placeholder='Phone']
21:24:43.654  INFO  manager.ListenerWD - After find element --> By.cssSelector: input[placeholder='Phone']
21:24:43.715  INFO  manager.ListenerWD - Before find element --> By.cssSelector: input[placeholder='email']
21:24:43.725  INFO  manager.ListenerWD - After find element --> By.cssSelector: input[placeholder='email']
21:24:43.786  INFO  manager.ListenerWD - Before find element --> By.cssSelector: input[placeholder='Address']
21:24:43.797  INFO  manager.ListenerWD - After find element --> By.cssSelector: input[placeholder='Address']
21:24:43.865  INFO  manager.ListenerWD - Before find element --> By.cssSelector: input[placeholder='description']
21:24:43.873  INFO  manager.ListenerWD - After find element --> By.cssSelector: input[placeholder='description']
21:24:43.938  INFO  manager.ListenerWD - Before find element --> By.xpath: //b[text()='Save']
21:24:43.947  INFO  manager.ListenerWD - After find element --> By.xpath: //b[text()='Save']
21:24:43.980  INFO  manager.ListenerWD - Test ends with error
21:24:43.980  INFO  manager.ListenerWD - ===================================
21:24:43.980  INFO  manager.ListenerWD - Method name--> alert
21:24:43.980  INFO  manager.ListenerWD - ===================================
21:24:43.980  INFO  manager.ListenerWD - InvocationTargetException cause--> org.openqa.selenium.NoAlertPresentException: no such alert
  (Session info: chrome=109.0.5414.120)
Build info: version: '4.7.1', revision: 'c6795baf1a3'
System info: os.name: 'Windows 10', os.arch: 'amd64', os.version: '10.0', java.version: '11.0.17'
Driver info: org.openqa.selenium.chrome.ChromeDriver
Command: [2a735ef656ff139eea54d9342ca4913b, getAlertText {}]
Capabilities {acceptInsecureCerts: false, browserName: chrome, browserVersion: 109.0.5414.120, chrome: {chromedriverVersion: 109.0.5414.74 (e7c5703604da..., userDataDir: C:\Users\User\AppData\Local...}, goog:chromeOptions: {debuggerAddress: localhost:51032}, networkConnectionEnabled: false, pageLoadStrategy: normal, platformName: WINDOWS, proxy: Proxy(), se:cdp: ws://localhost:51032/devtoo..., se:cdpVersion: 109.0.5414.120, setWindowRect: true, strictFileInteractability: false, timeouts: {implicit: 0, pageLoad: 300000, script: 30000}, unhandledPromptBehavior: dismiss and notify, webauthn:extension:credBlob: true, webauthn:extension:largeBlob: true, webauthn:virtualAuthenticators: true}
Session ID: 2a735ef656ff139eea54d9342ca4913b
21:24:43.980  INFO  manager.ListenerWD - ===================================
21:24:43.980  INFO  manager.ListenerWD - Object target --> org.openqa.selenium.remote.RemoteWebDriver$RemoteTargetLocator@2ffb0d10
21:24:43.980  INFO  manager.ListenerWD - ===================================
21:24:44.495  INFO  tests.TestBase - Test passed with success
21:24:44.495  INFO  manager.ListenerTNG - onTestSuccess name --> addNewContactMinimumCharBeforeAtEmail
21:24:44.495  INFO  tests.TestBase - The name of method is -->addNewContactNullLastName
21:24:44.496  INFO  manager.ListenerWD - Before find elements --> By.xpath: //button[text()='Sign Out']
21:24:44.504  INFO  manager.ListenerWD - After find elements --> By.xpath: //button[text()='Sign Out']
21:24:44.504  INFO  manager.ListenerWD - List size is --> 1
21:24:44.504  INFO  manager.ListenerTNG - onTestStart name --> addNewContactNullLastName
21:24:44.505  INFO  tests.TestBase - Test started with last name: 
21:24:44.505  INFO  manager.ListenerWD - Before find element --> By.xpath: //a[@href='/add']
21:24:44.512  INFO  manager.ListenerWD - After find element --> By.xpath: //a[@href='/add']
21:24:44.534  INFO  manager.ListenerWD - Before find element --> By.cssSelector: input[placeholder='Name']
21:24:44.541  INFO  manager.ListenerWD - After find element --> By.cssSelector: input[placeholder='Name']
21:24:44.594  INFO  manager.ListenerWD - Before find element --> By.cssSelector: input[placeholder='Last Name']
21:24:44.601  INFO  manager.ListenerWD - After find element --> By.cssSelector: input[placeholder='Last Name']
21:24:44.651  INFO  manager.ListenerWD - Before find element --> By.cssSelector: input[placeholder='Phone']
21:24:44.659  INFO  manager.ListenerWD - After find element --> By.cssSelector: input[placeholder='Phone']
21:24:44.715  INFO  manager.ListenerWD - Before find element --> By.cssSelector: input[placeholder='email']
21:24:44.723  INFO  manager.ListenerWD - After find element --> By.cssSelector: input[placeholder='email']
21:24:44.784  INFO  manager.ListenerWD - Before find element --> By.cssSelector: input[placeholder='Address']
21:24:44.792  INFO  manager.ListenerWD - After find element --> By.cssSelector: input[placeholder='Address']
21:24:44.848  INFO  manager.ListenerWD - Before find element --> By.cssSelector: input[placeholder='description']
21:24:44.855  INFO  manager.ListenerWD - After find element --> By.cssSelector: input[placeholder='description']
21:24:44.910  INFO  manager.ListenerWD - Before find element --> By.xpath: //b[text()='Save']
21:24:44.917  INFO  manager.ListenerWD - After find element --> By.xpath: //b[text()='Save']
21:24:44.937  INFO  manager.ListenerWD - Before find elements --> By.cssSelector: a[href='/add'][class='active']
21:24:44.944  INFO  manager.ListenerWD - After find elements --> By.cssSelector: a[href='/add'][class='active']
21:24:44.944  INFO  manager.ListenerWD - List size is --> 1
21:24:44.944  INFO  tests.TestBase - Test passed with success
21:24:44.944  INFO  manager.ListenerTNG - onTestSuccess name --> addNewContactNullLastName
21:24:44.944  INFO  tests.TestBase - The name of method is -->addNewContactNullName
21:24:44.944  INFO  manager.ListenerWD - Before find elements --> By.xpath: //button[text()='Sign Out']
21:24:44.953  INFO  manager.ListenerWD - After find elements --> By.xpath: //button[text()='Sign Out']
21:24:44.953  INFO  manager.ListenerWD - List size is --> 1
21:24:44.953  INFO  manager.ListenerTNG - onTestStart name --> addNewContactNullName
21:24:44.953  INFO  tests.TestBase - Test started with name: 
21:24:44.954  INFO  manager.ListenerWD - Before find element --> By.xpath: //a[@href='/add']
21:24:44.961  INFO  manager.ListenerWD - After find element --> By.xpath: //a[@href='/add']
21:24:44.987  INFO  manager.ListenerWD - Before find element --> By.cssSelector: input[placeholder='Name']
21:24:44.997  INFO  manager.ListenerWD - After find element --> By.cssSelector: input[placeholder='Name']
21:24:45.053  INFO  manager.ListenerWD - Before find element --> By.cssSelector: input[placeholder='Last Name']
21:24:45.061  INFO  manager.ListenerWD - After find element --> By.cssSelector: input[placeholder='Last Name']
21:24:45.115  INFO  manager.ListenerWD - Before find element --> By.cssSelector: input[placeholder='Phone']
21:24:45.122  INFO  manager.ListenerWD - After find element --> By.cssSelector: input[placeholder='Phone']
21:24:45.152  INFO  manager.ListenerWD - Test ends with error
21:24:45.152  INFO  manager.ListenerWD - ===================================
21:24:45.152  INFO  manager.ListenerWD - Method name--> click
21:24:45.152  INFO  manager.ListenerWD - ===================================
21:24:45.152  INFO  manager.ListenerWD - InvocationTargetException cause--> org.openqa.selenium.StaleElementReferenceException: stale element reference: element is not attached to the page document
  (Session info: chrome=109.0.5414.120)
For documentation on this error, please visit: https://selenium.dev/exceptions/#stale_element_reference
Build info: version: '4.7.1', revision: 'c6795baf1a3'
System info: os.name: 'Windows 10', os.arch: 'amd64', os.version: '10.0', java.version: '11.0.17'
Driver info: org.openqa.selenium.chrome.ChromeDriver
Command: [2a735ef656ff139eea54d9342ca4913b, clickElement {id=3e55dcf8-cdc5-40e6-b5b4-48f60d103968}]
Capabilities {acceptInsecureCerts: false, browserName: chrome, browserVersion: 109.0.5414.120, chrome: {chromedriverVersion: 109.0.5414.74 (e7c5703604da..., userDataDir: C:\Users\User\AppData\Local...}, goog:chromeOptions: {debuggerAddress: localhost:51032}, networkConnectionEnabled: false, pageLoadStrategy: normal, platformName: WINDOWS, proxy: Proxy(), se:cdp: ws://localhost:51032/devtoo..., se:cdpVersion: 109.0.5414.120, setWindowRect: true, strictFileInteractability: false, timeouts: {implicit: 0, pageLoad: 300000, script: 30000}, unhandledPromptBehavior: dismiss and notify, webauthn:extension:credBlob: true, webauthn:extension:largeBlob: true, webauthn:virtualAuthenticators: true}
Element: [[ChromeDriver: chrome on WINDOWS (2a735ef656ff139eea54d9342ca4913b)] -> css selector: input[placeholder='Phone']]
Session ID: 2a735ef656ff139eea54d9342ca4913b
21:24:45.152  INFO  manager.ListenerWD - ===================================
21:24:45.152  INFO  manager.ListenerWD - Object target --> [[ChromeDriver: chrome on WINDOWS (2a735ef656ff139eea54d9342ca4913b)] -> css selector: input[placeholder='Phone']]
21:24:45.152  INFO  manager.ListenerWD - ===================================
21:24:45.154  INFO  manager.ListenerTNG - onTestFailure name --> addNewContactNullName
21:24:45.154  INFO  tests.TestBase - The name of method is -->addNewContactPhoneBlank
21:24:45.154  INFO  manager.ListenerWD - Before find elements --> By.xpath: //button[text()='Sign Out']
21:24:45.162  INFO  manager.ListenerWD - After find elements --> By.xpath: //button[text()='Sign Out']
21:24:45.162  INFO  manager.ListenerWD - List size is --> 1
21:24:45.162  INFO  manager.ListenerTNG - onTestStart name --> addNewContactPhoneBlank
21:24:45.162  INFO  tests.TestBase - Test started with phone:  
21:24:45.163  INFO  manager.ListenerWD - Before find element --> By.xpath: //a[@href='/add']
21:24:45.171  INFO  manager.ListenerWD - After find element --> By.xpath: //a[@href='/add']
21:24:45.204  INFO  manager.ListenerWD - Before find element --> By.cssSelector: input[placeholder='Name']
21:24:45.212  INFO  manager.ListenerWD - After find element --> By.cssSelector: input[placeholder='Name']
21:24:45.281  INFO  manager.ListenerWD - Before find element --> By.cssSelector: input[placeholder='Last Name']
21:24:45.288  INFO  manager.ListenerWD - After find element --> By.cssSelector: input[placeholder='Last Name']
21:24:45.353  INFO  manager.ListenerWD - Before find element --> By.cssSelector: input[placeholder='Phone']
21:24:45.360  INFO  manager.ListenerWD - After find element --> By.cssSelector: input[placeholder='Phone']
21:24:45.428  INFO  manager.ListenerWD - Before find element --> By.cssSelector: input[placeholder='email']
21:24:45.435  INFO  manager.ListenerWD - After find element --> By.cssSelector: input[placeholder='email']
21:24:45.520  INFO  manager.ListenerWD - Before find element --> By.cssSelector: input[placeholder='Address']
21:24:45.527  INFO  manager.ListenerWD - After find element --> By.cssSelector: input[placeholder='Address']
21:24:45.612  INFO  manager.ListenerWD - Before find element --> By.cssSelector: input[placeholder='description']
21:24:45.620  INFO  manager.ListenerWD - After find element --> By.cssSelector: input[placeholder='description']
21:24:45.710  INFO  manager.ListenerWD - Before find element --> By.xpath: //b[text()='Save']
21:24:45.717  INFO  manager.ListenerWD - After find element --> By.xpath: //b[text()='Save']
21:24:45.760  INFO  manager.ListenerWD - Test ends with error
21:24:45.760  INFO  manager.ListenerWD - ===================================
21:24:45.760  INFO  manager.ListenerWD - Method name--> alert
21:24:45.760  INFO  manager.ListenerWD - ===================================
21:24:45.760  INFO  manager.ListenerWD - InvocationTargetException cause--> org.openqa.selenium.NoAlertPresentException: no such alert
  (Session info: chrome=109.0.5414.120)
Build info: version: '4.7.1', revision: 'c6795baf1a3'
System info: os.name: 'Windows 10', os.arch: 'amd64', os.version: '10.0', java.version: '11.0.17'
Driver info: org.openqa.selenium.chrome.ChromeDriver
Command: [2a735ef656ff139eea54d9342ca4913b, getAlertText {}]
Capabilities {acceptInsecureCerts: false, browserName: chrome, browserVersion: 109.0.5414.120, chrome: {chromedriverVersion: 109.0.5414.74 (e7c5703604da..., userDataDir: C:\Users\User\AppData\Local...}, goog:chromeOptions: {debuggerAddress: localhost:51032}, networkConnectionEnabled: false, pageLoadStrategy: normal, platformName: WINDOWS, proxy: Proxy(), se:cdp: ws://localhost:51032/devtoo..., se:cdpVersion: 109.0.5414.120, setWindowRect: true, strictFileInteractability: false, timeouts: {implicit: 0, pageLoad: 300000, script: 30000}, unhandledPromptBehavior: dismiss and notify, webauthn:extension:credBlob: true, webauthn:extension:largeBlob: true, webauthn:virtualAuthenticators: true}
Session ID: 2a735ef656ff139eea54d9342ca4913b
21:24:45.760  INFO  manager.ListenerWD - ===================================
21:24:45.760  INFO  manager.ListenerWD - Object target --> org.openqa.selenium.remote.RemoteWebDriver$RemoteTargetLocator@684b26b7
21:24:45.760  INFO  manager.ListenerWD - ===================================
21:24:46.273  INFO  manager.ListenerWD - Before find elements --> By.cssSelector: a[href='/add'][class='active']
21:24:46.280  INFO  manager.ListenerWD - After find elements --> By.cssSelector: a[href='/add'][class='active']
21:24:46.280  INFO  manager.ListenerWD - List size is --> 1
21:24:46.280  INFO  tests.TestBase - Test passed with success
21:24:46.280  INFO  manager.ListenerTNG - onTestSuccess name --> addNewContactPhoneBlank
21:24:46.281  INFO  tests.TestBase - The name of method is -->addNewContactPhoneMaximumNumbers
21:24:46.281  INFO  manager.ListenerWD - Before find elements --> By.xpath: //button[text()='Sign Out']
21:24:46.288  INFO  manager.ListenerWD - After find elements --> By.xpath: //button[text()='Sign Out']
21:24:46.288  INFO  manager.ListenerWD - List size is --> 1
21:24:46.288  INFO  manager.ListenerTNG - onTestStart name --> addNewContactPhoneMaximumNumbers
21:24:46.289  INFO  tests.TestBase - Test started with phone: 08655555555555555555555
21:24:46.289  INFO  manager.ListenerWD - Before find element --> By.xpath: //a[@href='/add']
21:24:46.295  INFO  manager.ListenerWD - After find element --> By.xpath: //a[@href='/add']
21:24:46.318  INFO  manager.ListenerWD - Before find element --> By.cssSelector: input[placeholder='Name']
21:24:46.325  INFO  manager.ListenerWD - After find element --> By.cssSelector: input[placeholder='Name']
21:24:46.385  INFO  manager.ListenerWD - Before find element --> By.cssSelector: input[placeholder='Last Name']
21:24:46.391  INFO  manager.ListenerWD - After find element --> By.cssSelector: input[placeholder='Last Name']
21:24:46.449  INFO  manager.ListenerWD - Before find element --> By.cssSelector: input[placeholder='Phone']
21:24:46.456  INFO  manager.ListenerWD - After find element --> By.cssSelector: input[placeholder='Phone']
21:24:46.518  INFO  manager.ListenerWD - Before find element --> By.cssSelector: input[placeholder='email']
21:24:46.526  INFO  manager.ListenerWD - After find element --> By.cssSelector: input[placeholder='email']
21:24:46.585  INFO  manager.ListenerWD - Before find element --> By.cssSelector: input[placeholder='Address']
21:24:46.592  INFO  manager.ListenerWD - After find element --> By.cssSelector: input[placeholder='Address']
21:24:46.647  INFO  manager.ListenerWD - Before find element --> By.cssSelector: input[placeholder='description']
21:24:46.653  INFO  manager.ListenerWD - After find element --> By.cssSelector: input[placeholder='description']
21:24:46.710  INFO  manager.ListenerWD - Before find element --> By.xpath: //b[text()='Save']
21:24:46.718  INFO  manager.ListenerWD - After find element --> By.xpath: //b[text()='Save']
21:24:46.742  INFO  manager.ListenerWD - Test ends with error
21:24:46.742  INFO  manager.ListenerWD - ===================================
21:24:46.742  INFO  manager.ListenerWD - Method name--> alert
21:24:46.742  INFO  manager.ListenerWD - ===================================
21:24:46.742  INFO  manager.ListenerWD - InvocationTargetException cause--> org.openqa.selenium.NoAlertPresentException: no such alert
  (Session info: chrome=109.0.5414.120)
Build info: version: '4.7.1', revision: 'c6795baf1a3'
System info: os.name: 'Windows 10', os.arch: 'amd64', os.version: '10.0', java.version: '11.0.17'
Driver info: org.openqa.selenium.chrome.ChromeDriver
Command: [2a735ef656ff139eea54d9342ca4913b, getAlertText {}]
Capabilities {acceptInsecureCerts: false, browserName: chrome, browserVersion: 109.0.5414.120, chrome: {chromedriverVersion: 109.0.5414.74 (e7c5703604da..., userDataDir: C:\Users\User\AppData\Local...}, goog:chromeOptions: {debuggerAddress: localhost:51032}, networkConnectionEnabled: false, pageLoadStrategy: normal, platformName: WINDOWS, proxy: Proxy(), se:cdp: ws://localhost:51032/devtoo..., se:cdpVersion: 109.0.5414.120, setWindowRect: true, strictFileInteractability: false, timeouts: {implicit: 0, pageLoad: 300000, script: 30000}, unhandledPromptBehavior: dismiss and notify, webauthn:extension:credBlob: true, webauthn:extension:largeBlob: true, webauthn:virtualAuthenticators: true}
Session ID: 2a735ef656ff139eea54d9342ca4913b
21:24:46.742  INFO  manager.ListenerWD - ===================================
21:24:46.742  INFO  manager.ListenerWD - Object target --> org.openqa.selenium.remote.RemoteWebDriver$RemoteTargetLocator@268f0ff3
21:24:46.742  INFO  manager.ListenerWD - ===================================
21:24:47.254  INFO  manager.ListenerWD - Before find elements --> By.cssSelector: a[href='/add'][class='active']
21:24:47.262  INFO  manager.ListenerWD - After find elements --> By.cssSelector: a[href='/add'][class='active']
21:24:47.262  INFO  manager.ListenerWD - List size is --> 1
21:24:47.262  INFO  tests.TestBase - Test passed with success
21:24:47.262  INFO  manager.ListenerTNG - onTestSuccess name --> addNewContactPhoneMaximumNumbers
21:24:47.263  INFO  tests.TestBase - The name of method is -->addNewContactPhoneMinimumNumbers
21:24:47.263  INFO  manager.ListenerWD - Before find elements --> By.xpath: //button[text()='Sign Out']
21:24:47.270  INFO  manager.ListenerWD - After find elements --> By.xpath: //button[text()='Sign Out']
21:24:47.270  INFO  manager.ListenerWD - List size is --> 1
21:24:47.271  INFO  manager.ListenerTNG - onTestStart name --> addNewContactPhoneMinimumNumbers
21:24:47.271  INFO  tests.TestBase - Test started with phone: 086555
21:24:47.271  INFO  manager.ListenerWD - Before find element --> By.xpath: //a[@href='/add']
21:24:47.279  INFO  manager.ListenerWD - After find element --> By.xpath: //a[@href='/add']
21:24:47.304  INFO  manager.ListenerWD - Before find element --> By.cssSelector: input[placeholder='Name']
21:24:47.312  INFO  manager.ListenerWD - After find element --> By.cssSelector: input[placeholder='Name']
21:24:47.374  INFO  manager.ListenerWD - Before find element --> By.cssSelector: input[placeholder='Last Name']
21:24:47.381  INFO  manager.ListenerWD - After find element --> By.cssSelector: input[placeholder='Last Name']
21:24:47.437  INFO  manager.ListenerWD - Before find element --> By.cssSelector: input[placeholder='Phone']
21:24:47.444  INFO  manager.ListenerWD - After find element --> By.cssSelector: input[placeholder='Phone']
21:24:47.495  INFO  manager.ListenerWD - Before find element --> By.cssSelector: input[placeholder='email']
21:24:47.502  INFO  manager.ListenerWD - After find element --> By.cssSelector: input[placeholder='email']
21:24:47.558  INFO  manager.ListenerWD - Before find element --> By.cssSelector: input[placeholder='Address']
21:24:47.566  INFO  manager.ListenerWD - After find element --> By.cssSelector: input[placeholder='Address']
21:24:47.617  INFO  manager.ListenerWD - Before find element --> By.cssSelector: input[placeholder='description']
21:24:47.624  INFO  manager.ListenerWD - After find element --> By.cssSelector: input[placeholder='description']
21:24:47.681  INFO  manager.ListenerWD - Before find element --> By.xpath: //b[text()='Save']
21:24:47.688  INFO  manager.ListenerWD - After find element --> By.xpath: //b[text()='Save']
21:24:47.712  INFO  manager.ListenerWD - Test ends with error
21:24:47.712  INFO  manager.ListenerWD - ===================================
21:24:47.712  INFO  manager.ListenerWD - Method name--> alert
21:24:47.712  INFO  manager.ListenerWD - ===================================
21:24:47.713  INFO  manager.ListenerWD - InvocationTargetException cause--> org.openqa.selenium.NoAlertPresentException: no such alert
  (Session info: chrome=109.0.5414.120)
Build info: version: '4.7.1', revision: 'c6795baf1a3'
System info: os.name: 'Windows 10', os.arch: 'amd64', os.version: '10.0', java.version: '11.0.17'
Driver info: org.openqa.selenium.chrome.ChromeDriver
Command: [2a735ef656ff139eea54d9342ca4913b, getAlertText {}]
Capabilities {acceptInsecureCerts: false, browserName: chrome, browserVersion: 109.0.5414.120, chrome: {chromedriverVersion: 109.0.5414.74 (e7c5703604da..., userDataDir: C:\Users\User\AppData\Local...}, goog:chromeOptions: {debuggerAddress: localhost:51032}, networkConnectionEnabled: false, pageLoadStrategy: normal, platformName: WINDOWS, proxy: Proxy(), se:cdp: ws://localhost:51032/devtoo..., se:cdpVersion: 109.0.5414.120, setWindowRect: true, strictFileInteractability: false, timeouts: {implicit: 0, pageLoad: 300000, script: 30000}, unhandledPromptBehavior: dismiss and notify, webauthn:extension:credBlob: true, webauthn:extension:largeBlob: true, webauthn:virtualAuthenticators: true}
Session ID: 2a735ef656ff139eea54d9342ca4913b
21:24:47.713  INFO  manager.ListenerWD - ===================================
21:24:47.713  INFO  manager.ListenerWD - Object target --> org.openqa.selenium.remote.RemoteWebDriver$RemoteTargetLocator@24842b8e
21:24:47.713  INFO  manager.ListenerWD - ===================================
21:24:48.224  INFO  manager.ListenerWD - Before find elements --> By.cssSelector: a[href='/add'][class='active']
21:24:48.231  INFO  manager.ListenerWD - After find elements --> By.cssSelector: a[href='/add'][class='active']
21:24:48.231  INFO  manager.ListenerWD - List size is --> 1
21:24:48.231  INFO  tests.TestBase - Test passed with success
21:24:48.231  INFO  manager.ListenerTNG - onTestSuccess name --> addNewContactPhoneMinimumNumbers
21:24:48.232  INFO  tests.TestBase - The name of method is -->addNewContactPhoneNotNumbers
21:24:48.232  INFO  manager.ListenerWD - Before find elements --> By.xpath: //button[text()='Sign Out']
21:24:48.239  INFO  manager.ListenerWD - After find elements --> By.xpath: //button[text()='Sign Out']
21:24:48.239  INFO  manager.ListenerWD - List size is --> 1
21:24:48.239  INFO  manager.ListenerTNG - onTestStart name --> addNewContactPhoneNotNumbers
21:24:48.239  INFO  tests.TestBase - Test started with phone: 086oooooooooo
21:24:48.239  INFO  manager.ListenerWD - Before find element --> By.xpath: //a[@href='/add']
21:24:48.246  INFO  manager.ListenerWD - After find element --> By.xpath: //a[@href='/add']
21:24:48.268  INFO  manager.ListenerWD - Before find element --> By.cssSelector: input[placeholder='Name']
21:24:48.275  INFO  manager.ListenerWD - After find element --> By.cssSelector: input[placeholder='Name']
21:24:48.330  INFO  manager.ListenerWD - Before find element --> By.cssSelector: input[placeholder='Last Name']
21:24:48.337  INFO  manager.ListenerWD - After find element --> By.cssSelector: input[placeholder='Last Name']
21:24:48.389  INFO  manager.ListenerWD - Before find element --> By.cssSelector: input[placeholder='Phone']
21:24:48.396  INFO  manager.ListenerWD - After find element --> By.cssSelector: input[placeholder='Phone']
21:24:48.451  INFO  manager.ListenerWD - Before find element --> By.cssSelector: input[placeholder='email']
21:24:48.459  INFO  manager.ListenerWD - After find element --> By.cssSelector: input[placeholder='email']
21:24:48.516  INFO  manager.ListenerWD - Before find element --> By.cssSelector: input[placeholder='Address']
21:24:48.524  INFO  manager.ListenerWD - After find element --> By.cssSelector: input[placeholder='Address']
21:24:48.577  INFO  manager.ListenerWD - Before find element --> By.cssSelector: input[placeholder='description']
21:24:48.585  INFO  manager.ListenerWD - After find element --> By.cssSelector: input[placeholder='description']
21:24:48.643  INFO  manager.ListenerWD - Before find element --> By.xpath: //b[text()='Save']
21:24:48.651  INFO  manager.ListenerWD - After find element --> By.xpath: //b[text()='Save']
21:24:48.676  INFO  manager.ListenerWD - Test ends with error
21:24:48.676  INFO  manager.ListenerWD - ===================================
21:24:48.676  INFO  manager.ListenerWD - Method name--> alert
21:24:48.676  INFO  manager.ListenerWD - ===================================
21:24:48.676  INFO  manager.ListenerWD - InvocationTargetException cause--> org.openqa.selenium.NoAlertPresentException: no such alert
  (Session info: chrome=109.0.5414.120)
Build info: version: '4.7.1', revision: 'c6795baf1a3'
System info: os.name: 'Windows 10', os.arch: 'amd64', os.version: '10.0', java.version: '11.0.17'
Driver info: org.openqa.selenium.chrome.ChromeDriver
Command: [2a735ef656ff139eea54d9342ca4913b, getAlertText {}]
Capabilities {acceptInsecureCerts: false, browserName: chrome, browserVersion: 109.0.5414.120, chrome: {chromedriverVersion: 109.0.5414.74 (e7c5703604da..., userDataDir: C:\Users\User\AppData\Local...}, goog:chromeOptions: {debuggerAddress: localhost:51032}, networkConnectionEnabled: false, pageLoadStrategy: normal, platformName: WINDOWS, proxy: Proxy(), se:cdp: ws://localhost:51032/devtoo..., se:cdpVersion: 109.0.5414.120, setWindowRect: true, strictFileInteractability: false, timeouts: {implicit: 0, pageLoad: 300000, script: 30000}, unhandledPromptBehavior: dismiss and notify, webauthn:extension:credBlob: true, webauthn:extension:largeBlob: true, webauthn:virtualAuthenticators: true}
Session ID: 2a735ef656ff139eea54d9342ca4913b
21:24:48.676  INFO  manager.ListenerWD - ===================================
21:24:48.676  INFO  manager.ListenerWD - Object target --> org.openqa.selenium.remote.RemoteWebDriver$RemoteTargetLocator@352e4b6d
21:24:48.676  INFO  manager.ListenerWD - ===================================
21:24:49.194  INFO  manager.ListenerWD - Before find elements --> By.cssSelector: a[href='/add'][class='active']
21:24:49.202  INFO  manager.ListenerWD - After find elements --> By.cssSelector: a[href='/add'][class='active']
21:24:49.202  INFO  manager.ListenerWD - List size is --> 1
21:24:49.202  INFO  tests.TestBase - Test passed with success
21:24:49.203  INFO  manager.ListenerTNG - onTestSuccess name --> addNewContactPhoneNotNumbers
21:24:49.203  INFO  tests.TestBase - The name of method is -->addNewContactPhoneNull
21:24:49.204  INFO  manager.ListenerWD - Before find elements --> By.xpath: //button[text()='Sign Out']
21:24:49.211  INFO  manager.ListenerWD - After find elements --> By.xpath: //button[text()='Sign Out']
21:24:49.211  INFO  manager.ListenerWD - List size is --> 1
21:24:49.212  INFO  manager.ListenerTNG - onTestStart name --> addNewContactPhoneNull
21:24:49.212  INFO  tests.TestBase - Test started with phone: 
21:24:49.212  INFO  manager.ListenerWD - Before find element --> By.xpath: //a[@href='/add']
21:24:49.220  INFO  manager.ListenerWD - After find element --> By.xpath: //a[@href='/add']
21:24:49.258  INFO  manager.ListenerWD - Before find element --> By.cssSelector: input[placeholder='Name']
21:24:49.266  INFO  manager.ListenerWD - After find element --> By.cssSelector: input[placeholder='Name']
21:24:49.323  INFO  manager.ListenerWD - Before find element --> By.cssSelector: input[placeholder='Last Name']
21:24:49.331  INFO  manager.ListenerWD - After find element --> By.cssSelector: input[placeholder='Last Name']
21:24:49.383  INFO  manager.ListenerWD - Before find element --> By.cssSelector: input[placeholder='Phone']
21:24:49.390  INFO  manager.ListenerWD - After find element --> By.cssSelector: input[placeholder='Phone']
21:24:49.441  INFO  manager.ListenerWD - Before find element --> By.cssSelector: input[placeholder='email']
21:24:49.448  INFO  manager.ListenerWD - After find element --> By.cssSelector: input[placeholder='email']
21:24:49.511  INFO  manager.ListenerWD - Before find element --> By.cssSelector: input[placeholder='Address']
21:24:49.518  INFO  manager.ListenerWD - After find element --> By.cssSelector: input[placeholder='Address']
21:24:49.575  INFO  manager.ListenerWD - Before find element --> By.cssSelector: input[placeholder='description']
21:24:49.583  INFO  manager.ListenerWD - After find element --> By.cssSelector: input[placeholder='description']
21:24:49.651  INFO  manager.ListenerWD - Before find element --> By.xpath: //b[text()='Save']
21:24:49.658  INFO  manager.ListenerWD - After find element --> By.xpath: //b[text()='Save']
21:24:49.685  INFO  manager.ListenerWD - Test ends with error
21:24:49.685  INFO  manager.ListenerWD - ===================================
21:24:49.685  INFO  manager.ListenerWD - Method name--> alert
21:24:49.685  INFO  manager.ListenerWD - ===================================
21:24:49.685  INFO  manager.ListenerWD - InvocationTargetException cause--> org.openqa.selenium.NoAlertPresentException: no such alert
  (Session info: chrome=109.0.5414.120)
Build info: version: '4.7.1', revision: 'c6795baf1a3'
System info: os.name: 'Windows 10', os.arch: 'amd64', os.version: '10.0', java.version: '11.0.17'
Driver info: org.openqa.selenium.chrome.ChromeDriver
Command: [2a735ef656ff139eea54d9342ca4913b, getAlertText {}]
Capabilities {acceptInsecureCerts: false, browserName: chrome, browserVersion: 109.0.5414.120, chrome: {chromedriverVersion: 109.0.5414.74 (e7c5703604da..., userDataDir: C:\Users\User\AppData\Local...}, goog:chromeOptions: {debuggerAddress: localhost:51032}, networkConnectionEnabled: false, pageLoadStrategy: normal, platformName: WINDOWS, proxy: Proxy(), se:cdp: ws://localhost:51032/devtoo..., se:cdpVersion: 109.0.5414.120, setWindowRect: true, strictFileInteractability: false, timeouts: {implicit: 0, pageLoad: 300000, script: 30000}, unhandledPromptBehavior: dismiss and notify, webauthn:extension:credBlob: true, webauthn:extension:largeBlob: true, webauthn:virtualAuthenticators: true}
Session ID: 2a735ef656ff139eea54d9342ca4913b
21:24:49.685  INFO  manager.ListenerWD - ===================================
21:24:49.685  INFO  manager.ListenerWD - Object target --> org.openqa.selenium.remote.RemoteWebDriver$RemoteTargetLocator@5ced0537
21:24:49.685  INFO  manager.ListenerWD - ===================================
21:24:50.195  INFO  manager.ListenerWD - Before find elements --> By.cssSelector: a[href='/add'][class='active']
21:24:50.201  INFO  manager.ListenerWD - After find elements --> By.cssSelector: a[href='/add'][class='active']
21:24:50.201  INFO  manager.ListenerWD - List size is --> 1
21:24:50.201  INFO  tests.TestBase - Test passed with success
21:24:50.201  INFO  manager.ListenerTNG - onTestSuccess name --> addNewContactPhoneNull
21:24:50.202  INFO  tests.TestBase - The name of method is -->addNewContactPhoneSpecialChars
21:24:50.202  INFO  manager.ListenerWD - Before find elements --> By.xpath: //button[text()='Sign Out']
21:24:50.208  INFO  manager.ListenerWD - After find elements --> By.xpath: //button[text()='Sign Out']
21:24:50.209  INFO  manager.ListenerWD - List size is --> 1
21:24:50.209  INFO  manager.ListenerTNG - onTestStart name --> addNewContactPhoneSpecialChars
21:24:50.209  INFO  tests.TestBase - Test started with phone: 086$4667876
21:24:50.209  INFO  manager.ListenerWD - Before find element --> By.xpath: //a[@href='/add']
21:24:50.215  INFO  manager.ListenerWD - After find element --> By.xpath: //a[@href='/add']
21:24:50.238  INFO  manager.ListenerWD - Before find element --> By.cssSelector: input[placeholder='Name']
21:24:50.244  INFO  manager.ListenerWD - After find element --> By.cssSelector: input[placeholder='Name']
21:24:50.298  INFO  manager.ListenerWD - Before find element --> By.cssSelector: input[placeholder='Last Name']
21:24:50.305  INFO  manager.ListenerWD - After find element --> By.cssSelector: input[placeholder='Last Name']
21:24:50.361  INFO  manager.ListenerWD - Before find element --> By.cssSelector: input[placeholder='Phone']
21:24:50.367  INFO  manager.ListenerWD - After find element --> By.cssSelector: input[placeholder='Phone']
21:24:50.423  INFO  manager.ListenerWD - Before find element --> By.cssSelector: input[placeholder='email']
21:24:50.429  INFO  manager.ListenerWD - After find element --> By.cssSelector: input[placeholder='email']
21:24:50.485  INFO  manager.ListenerWD - Before find element --> By.cssSelector: input[placeholder='Address']
21:24:50.492  INFO  manager.ListenerWD - After find element --> By.cssSelector: input[placeholder='Address']
21:24:50.542  INFO  manager.ListenerWD - Before find element --> By.cssSelector: input[placeholder='description']
21:24:50.548  INFO  manager.ListenerWD - After find element --> By.cssSelector: input[placeholder='description']
21:24:50.603  INFO  manager.ListenerWD - Before find element --> By.xpath: //b[text()='Save']
21:24:50.610  INFO  manager.ListenerWD - After find element --> By.xpath: //b[text()='Save']
21:24:50.633  INFO  manager.ListenerWD - Test ends with error
21:24:50.633  INFO  manager.ListenerWD - ===================================
21:24:50.633  INFO  manager.ListenerWD - Method name--> alert
21:24:50.633  INFO  manager.ListenerWD - ===================================
21:24:50.633  INFO  manager.ListenerWD - InvocationTargetException cause--> org.openqa.selenium.NoAlertPresentException: no such alert
  (Session info: chrome=109.0.5414.120)
Build info: version: '4.7.1', revision: 'c6795baf1a3'
System info: os.name: 'Windows 10', os.arch: 'amd64', os.version: '10.0', java.version: '11.0.17'
Driver info: org.openqa.selenium.chrome.ChromeDriver
Command: [2a735ef656ff139eea54d9342ca4913b, getAlertText {}]
Capabilities {acceptInsecureCerts: false, browserName: chrome, browserVersion: 109.0.5414.120, chrome: {chromedriverVersion: 109.0.5414.74 (e7c5703604da..., userDataDir: C:\Users\User\AppData\Local...}, goog:chromeOptions: {debuggerAddress: localhost:51032}, networkConnectionEnabled: false, pageLoadStrategy: normal, platformName: WINDOWS, proxy: Proxy(), se:cdp: ws://localhost:51032/devtoo..., se:cdpVersion: 109.0.5414.120, setWindowRect: true, strictFileInteractability: false, timeouts: {implicit: 0, pageLoad: 300000, script: 30000}, unhandledPromptBehavior: dismiss and notify, webauthn:extension:credBlob: true, webauthn:extension:largeBlob: true, webauthn:virtualAuthenticators: true}
Session ID: 2a735ef656ff139eea54d9342ca4913b
21:24:50.633  INFO  manager.ListenerWD - ===================================
21:24:50.633  INFO  manager.ListenerWD - Object target --> org.openqa.selenium.remote.RemoteWebDriver$RemoteTargetLocator@3186f8f5
21:24:50.633  INFO  manager.ListenerWD - ===================================
21:24:51.144  INFO  manager.ListenerWD - Before find elements --> By.cssSelector: a[href='/add'][class='active']
21:24:51.150  INFO  manager.ListenerWD - After find elements --> By.cssSelector: a[href='/add'][class='active']
21:24:51.150  INFO  manager.ListenerWD - List size is --> 1
21:24:51.150  INFO  tests.TestBase - Test passed with success
21:24:51.150  INFO  manager.ListenerTNG - onTestSuccess name --> addNewContactPhoneSpecialChars
21:24:51.151  INFO  tests.TestBase - The name of method is -->addNewContactSuccess
21:24:51.151  INFO  manager.ListenerWD - Before find elements --> By.xpath: //button[text()='Sign Out']
21:24:51.157  INFO  manager.ListenerWD - After find elements --> By.xpath: //button[text()='Sign Out']
21:24:51.157  INFO  manager.ListenerWD - List size is --> 1
21:24:51.158  INFO  manager.ListenerTNG - onTestStart name --> addNewContactSuccess
21:24:51.169  INFO  tests.TestBase - Test started with data: Contact(name=Alina1579, lastName=White, phone=0865341579, email=alinaw1579@gmail.com, address=Kyiv, Ukraine, description=Childhood friend)
21:24:51.169  INFO  manager.ListenerWD - Before find element --> By.xpath: //a[@href='/add']
21:24:51.176  INFO  manager.ListenerWD - After find element --> By.xpath: //a[@href='/add']
21:24:51.200  INFO  manager.ListenerWD - Before find element --> By.cssSelector: input[placeholder='Name']
21:24:51.208  INFO  manager.ListenerWD - After find element --> By.cssSelector: input[placeholder='Name']
21:24:51.269  INFO  manager.ListenerWD - Before find element --> By.cssSelector: input[placeholder='Last Name']
21:24:51.276  INFO  manager.ListenerWD - After find element --> By.cssSelector: input[placeholder='Last Name']
21:24:51.329  INFO  manager.ListenerWD - Before find element --> By.cssSelector: input[placeholder='Phone']
21:24:51.338  INFO  manager.ListenerWD - After find element --> By.cssSelector: input[placeholder='Phone']
21:24:51.391  INFO  manager.ListenerWD - Before find element --> By.cssSelector: input[placeholder='email']
21:24:51.397  INFO  manager.ListenerWD - After find element --> By.cssSelector: input[placeholder='email']
21:24:51.454  INFO  manager.ListenerWD - Before find element --> By.cssSelector: input[placeholder='Address']
21:24:51.460  INFO  manager.ListenerWD - After find element --> By.cssSelector: input[placeholder='Address']
21:24:51.514  INFO  manager.ListenerWD - Before find element --> By.cssSelector: input[placeholder='description']
21:24:51.520  INFO  manager.ListenerWD - After find element --> By.cssSelector: input[placeholder='description']
21:24:51.577  INFO  manager.ListenerWD - Before find element --> By.xpath: //b[text()='Save']
21:24:51.584  INFO  manager.ListenerWD - After find element --> By.xpath: //b[text()='Save']
21:24:51.604  INFO  manager.ListenerWD - Before find elements --> By.cssSelector: h2
21:24:52.447  INFO  manager.ListenerWD - After find elements --> By.cssSelector: h2
21:24:52.447  INFO  manager.ListenerWD - List size is --> 121
21:24:53.473  INFO  manager.ListenerWD - Before find elements --> By.cssSelector: h3
21:24:53.685  INFO  manager.ListenerWD - After find elements --> By.cssSelector: h3
21:24:53.685  INFO  manager.ListenerWD - List size is --> 121
21:24:54.816  INFO  manager.ListenerWD - Before find elements --> By.cssSelector: h2
21:24:55.028  INFO  manager.ListenerWD - After find elements --> By.cssSelector: h2
21:24:55.028  INFO  manager.ListenerWD - List size is --> 121
21:24:55.541  INFO  manager.ListenerWD - Before find element --> By.xpath: //div[starts-with(@class,'contact-item-detailed_card')]
21:24:55.554  INFO  manager.ListenerWD - After find element --> By.xpath: //div[starts-with(@class,'contact-item-detailed_card')]
21:24:55.569  INFO  tests.TestBase - Test passed with success
21:24:55.569  INFO  manager.ListenerTNG - onTestSuccess name --> addNewContactSuccess
21:24:55.569  INFO  tests.TestBase - The name of method is -->addNewContactSuccessRequiredFields
21:24:55.569  INFO  manager.ListenerWD - Before find elements --> By.xpath: //button[text()='Sign Out']
21:24:55.576  INFO  manager.ListenerWD - After find elements --> By.xpath: //button[text()='Sign Out']
21:24:55.576  INFO  manager.ListenerWD - List size is --> 1
21:24:55.576  INFO  manager.ListenerTNG - onTestStart name --> addNewContactSuccessRequiredFields
21:24:55.577  INFO  tests.TestBase - Test started with data: Contact(name=Alina1463, lastName=White, phone=0865341463, email=alinaw1463@gmail.com, address=Kyiv, Ukraine, description=null)
21:24:55.577  INFO  manager.ListenerWD - Before find element --> By.xpath: //a[@href='/add']
21:24:55.583  INFO  manager.ListenerWD - After find element --> By.xpath: //a[@href='/add']
21:24:55.612  INFO  manager.ListenerWD - Before find element --> By.cssSelector: input[placeholder='Name']
21:24:55.619  INFO  manager.ListenerWD - After find element --> By.cssSelector: input[placeholder='Name']
21:24:55.704  INFO  manager.ListenerWD - Before find element --> By.cssSelector: input[placeholder='Last Name']
21:24:55.710  INFO  manager.ListenerWD - After find element --> By.cssSelector: input[placeholder='Last Name']
21:24:55.785  INFO  manager.ListenerWD - Before find element --> By.cssSelector: input[placeholder='Phone']
21:24:55.791  INFO  manager.ListenerWD - After find element --> By.cssSelector: input[placeholder='Phone']
21:24:55.870  INFO  manager.ListenerWD - Before find element --> By.cssSelector: input[placeholder='email']
21:24:55.877  INFO  manager.ListenerWD - After find element --> By.cssSelector: input[placeholder='email']
21:24:55.959  INFO  manager.ListenerWD - Before find element --> By.cssSelector: input[placeholder='Address']
21:24:55.966  INFO  manager.ListenerWD - After find element --> By.cssSelector: input[placeholder='Address']
21:24:56.060  INFO  manager.ListenerWD - Before find element --> By.xpath: //b[text()='Save']
21:24:56.066  INFO  manager.ListenerWD - After find element --> By.xpath: //b[text()='Save']
21:24:56.110  INFO  manager.ListenerWD - Before find elements --> By.cssSelector: h2
21:24:56.956  INFO  manager.ListenerWD - After find elements --> By.cssSelector: h2
21:24:56.956  INFO  manager.ListenerWD - List size is --> 122
21:24:58.494  INFO  manager.ListenerWD - Before find elements --> By.cssSelector: h3
21:24:58.692  INFO  manager.ListenerWD - After find elements --> By.cssSelector: h3
21:24:58.692  INFO  manager.ListenerWD - List size is --> 122
21:25:00.498  INFO  manager.ListenerWD - Before find elements --> By.cssSelector: h2
21:25:00.708  INFO  manager.ListenerWD - After find elements --> By.cssSelector: h2
21:25:00.708  INFO  manager.ListenerWD - List size is --> 122
21:25:01.419  INFO  manager.ListenerWD - Before find element --> By.xpath: //div[starts-with(@class,'contact-item-detailed_card')]
21:25:01.426  INFO  manager.ListenerWD - After find element --> By.xpath: //div[starts-with(@class,'contact-item-detailed_card')]
21:25:01.445  INFO  tests.TestBase - Test passed with success
21:25:01.446  INFO  manager.ListenerTNG - onTestSuccess name --> addNewContactSuccessRequiredFields
21:25:01.446  INFO  tests.TestBase - The name of method is -->addNewContactTwoAtEmail
21:25:01.446  INFO  manager.ListenerWD - Before find elements --> By.xpath: //button[text()='Sign Out']
21:25:01.452  INFO  manager.ListenerWD - After find elements --> By.xpath: //button[text()='Sign Out']
21:25:01.452  INFO  manager.ListenerWD - List size is --> 1
21:25:01.452  INFO  manager.ListenerTNG - onTestStart name --> addNewContactTwoAtEmail
21:25:01.452  INFO  tests.TestBase - Test started with email: alinaw1214@@gmail.com
21:25:01.453  INFO  manager.ListenerWD - Before find element --> By.xpath: //a[@href='/add']
21:25:01.458  INFO  manager.ListenerWD - After find element --> By.xpath: //a[@href='/add']
21:25:01.480  INFO  manager.ListenerWD - Before find element --> By.cssSelector: input[placeholder='Name']
21:25:01.486  INFO  manager.ListenerWD - After find element --> By.cssSelector: input[placeholder='Name']
21:25:01.582  INFO  manager.ListenerWD - Before find element --> By.cssSelector: input[placeholder='Last Name']
21:25:01.588  INFO  manager.ListenerWD - After find element --> By.cssSelector: input[placeholder='Last Name']
21:25:01.702  INFO  manager.ListenerWD - Before find element --> By.cssSelector: input[placeholder='Phone']
21:25:01.708  INFO  manager.ListenerWD - After find element --> By.cssSelector: input[placeholder='Phone']
21:25:01.820  INFO  manager.ListenerWD - Before find element --> By.cssSelector: input[placeholder='email']
21:25:01.826  INFO  manager.ListenerWD - After find element --> By.cssSelector: input[placeholder='email']
21:25:01.934  INFO  manager.ListenerWD - Before find element --> By.cssSelector: input[placeholder='Address']
21:25:01.940  INFO  manager.ListenerWD - After find element --> By.cssSelector: input[placeholder='Address']
21:25:02.051  INFO  manager.ListenerWD - Before find element --> By.cssSelector: input[placeholder='description']
21:25:02.057  INFO  manager.ListenerWD - After find element --> By.cssSelector: input[placeholder='description']
21:25:02.160  INFO  manager.ListenerWD - Before find element --> By.xpath: //b[text()='Save']
21:25:02.166  INFO  manager.ListenerWD - After find element --> By.xpath: //b[text()='Save']
21:25:02.216  INFO  manager.ListenerWD - Test ends with error
21:25:02.216  INFO  manager.ListenerWD - ===================================
21:25:02.216  INFO  manager.ListenerWD - Method name--> alert
21:25:02.216  INFO  manager.ListenerWD - ===================================
21:25:02.216  INFO  manager.ListenerWD - InvocationTargetException cause--> org.openqa.selenium.NoAlertPresentException: no such alert
  (Session info: chrome=109.0.5414.120)
Build info: version: '4.7.1', revision: 'c6795baf1a3'
System info: os.name: 'Windows 10', os.arch: 'amd64', os.version: '10.0', java.version: '11.0.17'
Driver info: org.openqa.selenium.chrome.ChromeDriver
Command: [2a735ef656ff139eea54d9342ca4913b, getAlertText {}]
Capabilities {acceptInsecureCerts: false, browserName: chrome, browserVersion: 109.0.5414.120, chrome: {chromedriverVersion: 109.0.5414.74 (e7c5703604da..., userDataDir: C:\Users\User\AppData\Local...}, goog:chromeOptions: {debuggerAddress: localhost:51032}, networkConnectionEnabled: false, pageLoadStrategy: normal, platformName: WINDOWS, proxy: Proxy(), se:cdp: ws://localhost:51032/devtoo..., se:cdpVersion: 109.0.5414.120, setWindowRect: true, strictFileInteractability: false, timeouts: {implicit: 0, pageLoad: 300000, script: 30000}, unhandledPromptBehavior: dismiss and notify, webauthn:extension:credBlob: true, webauthn:extension:largeBlob: true, webauthn:virtualAuthenticators: true}
Session ID: 2a735ef656ff139eea54d9342ca4913b
21:25:02.216  INFO  manager.ListenerWD - ===================================
21:25:02.216  INFO  manager.ListenerWD - Object target --> org.openqa.selenium.remote.RemoteWebDriver$RemoteTargetLocator@7d76d72a
21:25:02.216  INFO  manager.ListenerWD - ===================================
21:25:02.725  INFO  tests.TestBase - Test passed with success
21:25:02.725  INFO  manager.ListenerTNG - onTestSuccess name --> addNewContactTwoAtEmail
21:25:02.726  INFO  tests.TestBase - The name of method is -->addNewContactWrongEmail
21:25:02.726  INFO  manager.ListenerWD - Before find elements --> By.xpath: //button[text()='Sign Out']
21:25:02.732  INFO  manager.ListenerWD - After find elements --> By.xpath: //button[text()='Sign Out']
21:25:02.733  INFO  manager.ListenerWD - List size is --> 1
21:25:02.733  INFO  manager.ListenerTNG - onTestStart name --> addNewContactWrongEmail
21:25:02.733  INFO  tests.TestBase - Test started with email: alinaw1732gmail.com
21:25:02.733  INFO  manager.ListenerWD - Before find element --> By.xpath: //a[@href='/add']
21:25:02.739  INFO  manager.ListenerWD - After find element --> By.xpath: //a[@href='/add']
21:25:02.760  INFO  manager.ListenerWD - Before find element --> By.cssSelector: input[placeholder='Name']
21:25:02.769  INFO  manager.ListenerWD - After find element --> By.cssSelector: input[placeholder='Name']
21:25:02.834  INFO  manager.ListenerWD - Before find element --> By.cssSelector: input[placeholder='Last Name']
21:25:02.840  INFO  manager.ListenerWD - After find element --> By.cssSelector: input[placeholder='Last Name']
21:25:02.899  INFO  manager.ListenerWD - Before find element --> By.cssSelector: input[placeholder='Phone']
21:25:02.907  INFO  manager.ListenerWD - After find element --> By.cssSelector: input[placeholder='Phone']
21:25:02.977  INFO  manager.ListenerWD - Before find element --> By.cssSelector: input[placeholder='email']
21:25:02.983  INFO  manager.ListenerWD - After find element --> By.cssSelector: input[placeholder='email']
21:25:03.048  INFO  manager.ListenerWD - Before find element --> By.cssSelector: input[placeholder='Address']
21:25:03.054  INFO  manager.ListenerWD - After find element --> By.cssSelector: input[placeholder='Address']
21:25:03.115  INFO  manager.ListenerWD - Before find element --> By.cssSelector: input[placeholder='description']
21:25:03.121  INFO  manager.ListenerWD - After find element --> By.cssSelector: input[placeholder='description']
21:25:03.186  INFO  manager.ListenerWD - Before find element --> By.xpath: //b[text()='Save']
21:25:03.192  INFO  manager.ListenerWD - After find element --> By.xpath: //b[text()='Save']
21:25:03.215  INFO  manager.ListenerWD - Test ends with error
21:25:03.215  INFO  manager.ListenerWD - ===================================
21:25:03.215  INFO  manager.ListenerWD - Method name--> alert
21:25:03.215  INFO  manager.ListenerWD - ===================================
21:25:03.215  INFO  manager.ListenerWD - InvocationTargetException cause--> org.openqa.selenium.NoAlertPresentException: no such alert
  (Session info: chrome=109.0.5414.120)
Build info: version: '4.7.1', revision: 'c6795baf1a3'
System info: os.name: 'Windows 10', os.arch: 'amd64', os.version: '10.0', java.version: '11.0.17'
Driver info: org.openqa.selenium.chrome.ChromeDriver
Command: [2a735ef656ff139eea54d9342ca4913b, getAlertText {}]
Capabilities {acceptInsecureCerts: false, browserName: chrome, browserVersion: 109.0.5414.120, chrome: {chromedriverVersion: 109.0.5414.74 (e7c5703604da..., userDataDir: C:\Users\User\AppData\Local...}, goog:chromeOptions: {debuggerAddress: localhost:51032}, networkConnectionEnabled: false, pageLoadStrategy: normal, platformName: WINDOWS, proxy: Proxy(), se:cdp: ws://localhost:51032/devtoo..., se:cdpVersion: 109.0.5414.120, setWindowRect: true, strictFileInteractability: false, timeouts: {implicit: 0, pageLoad: 300000, script: 30000}, unhandledPromptBehavior: dismiss and notify, webauthn:extension:credBlob: true, webauthn:extension:largeBlob: true, webauthn:virtualAuthenticators: true}
Session ID: 2a735ef656ff139eea54d9342ca4913b
21:25:03.215  INFO  manager.ListenerWD - ===================================
21:25:03.215  INFO  manager.ListenerWD - Object target --> org.openqa.selenium.remote.RemoteWebDriver$RemoteTargetLocator@6b44121e
21:25:03.215  INFO  manager.ListenerWD - ===================================
21:25:03.725  INFO  tests.TestBase - Test passed with success
21:25:03.725  INFO  manager.ListenerTNG - onTestSuccess name --> addNewContactWrongEmail
21:25:03.727  INFO  tests.TestBase - The name of method is -->loginSuccess
21:25:03.727  INFO  manager.ListenerWD - Before find elements --> By.xpath: //button[text()='Sign Out']
21:25:03.734  INFO  manager.ListenerWD - After find elements --> By.xpath: //button[text()='Sign Out']
21:25:03.734  INFO  manager.ListenerWD - List size is --> 1
21:25:03.734  INFO  manager.ListenerWD - Before find element --> By.xpath: //button[text()='Sign Out']
21:25:03.748  INFO  manager.ListenerWD - After find element --> By.xpath: //button[text()='Sign Out']
21:25:03.810  INFO  tests.TestBase - Need logout
21:25:03.810  INFO  manager.ListenerTNG - onTestStart name --> loginSuccess
21:25:03.814  INFO  tests.TestBase - Login with valid data: email - kate@gmail.com, password - Kkate12345$
21:25:03.814  INFO  manager.ListenerWD - Before find element --> By.cssSelector: a[href='/login']
21:25:03.830  INFO  manager.ListenerWD - After find element --> By.cssSelector: a[href='/login']
21:25:03.893  INFO  manager.ListenerWD - Before find element --> By.cssSelector: input[name='email']
21:25:03.906  INFO  manager.ListenerWD - After find element --> By.cssSelector: input[name='email']
21:25:04.044  INFO  manager.ListenerWD - Before find element --> By.cssSelector: input[name='password']
21:25:04.059  INFO  manager.ListenerWD - After find element --> By.cssSelector: input[name='password']
21:25:04.181  INFO  manager.ListenerWD - Before find element --> By.cssSelector: button[name='login']
21:25:04.195  INFO  manager.ListenerWD - After find element --> By.cssSelector: button[name='login']
21:25:04.256  INFO  manager.ListenerWD - Before find elements --> By.xpath: //button[text()='Sign Out']
21:25:04.579  INFO  manager.ListenerWD - After find elements --> By.xpath: //button[text()='Sign Out']
21:25:04.579  INFO  manager.ListenerWD - List size is --> 1
21:25:04.579  INFO  tests.TestBase - Test passed with success
21:25:04.579  INFO  manager.ListenerTNG - onTestSuccess name --> loginSuccess
21:25:04.580  INFO  tests.TestBase - The name of method is -->loginSuccess
21:25:04.580  INFO  manager.ListenerWD - Before find elements --> By.xpath: //button[text()='Sign Out']
21:25:04.586  INFO  manager.ListenerWD - After find elements --> By.xpath: //button[text()='Sign Out']
21:25:04.586  INFO  manager.ListenerWD - List size is --> 1
21:25:04.586  INFO  manager.ListenerWD - Before find element --> By.xpath: //button[text()='Sign Out']
21:25:04.591  INFO  manager.ListenerWD - After find element --> By.xpath: //button[text()='Sign Out']
21:25:04.646  INFO  tests.TestBase - Need logout
21:25:04.647  INFO  manager.ListenerTNG - onTestStart name --> loginSuccess
21:25:04.647  INFO  tests.TestBase - Login with valid data: email - kate@gmail.com, password - Kkate12345$
21:25:04.647  INFO  manager.ListenerWD - Before find element --> By.cssSelector: a[href='/login']
21:25:04.653  INFO  manager.ListenerWD - After find element --> By.cssSelector: a[href='/login']
21:25:04.696  INFO  manager.ListenerWD - Before find element --> By.cssSelector: input[name='email']
21:25:04.703  INFO  manager.ListenerWD - After find element --> By.cssSelector: input[name='email']
21:25:04.830  INFO  manager.ListenerWD - Before find element --> By.cssSelector: input[name='password']
21:25:04.836  INFO  manager.ListenerWD - After find element --> By.cssSelector: input[name='password']
21:25:04.960  INFO  manager.ListenerWD - Before find element --> By.cssSelector: button[name='login']
21:25:04.966  INFO  manager.ListenerWD - After find element --> By.cssSelector: button[name='login']
21:25:05.024  INFO  manager.ListenerWD - Before find elements --> By.xpath: //button[text()='Sign Out']
21:25:05.347  INFO  manager.ListenerWD - After find elements --> By.xpath: //button[text()='Sign Out']
21:25:05.347  INFO  manager.ListenerWD - List size is --> 1
21:25:05.347  INFO  tests.TestBase - Test passed with success
21:25:05.347  INFO  manager.ListenerTNG - onTestSuccess name --> loginSuccess
21:25:05.347  INFO  tests.TestBase - The name of method is -->loginSuccess
21:25:05.347  INFO  manager.ListenerWD - Before find elements --> By.xpath: //button[text()='Sign Out']
21:25:05.353  INFO  manager.ListenerWD - After find elements --> By.xpath: //button[text()='Sign Out']
21:25:05.353  INFO  manager.ListenerWD - List size is --> 1
21:25:05.353  INFO  manager.ListenerWD - Before find element --> By.xpath: //button[text()='Sign Out']
21:25:05.359  INFO  manager.ListenerWD - After find element --> By.xpath: //button[text()='Sign Out']
21:25:05.416  INFO  tests.TestBase - Need logout
21:25:05.417  INFO  manager.ListenerTNG - onTestStart name --> loginSuccess
21:25:05.417  INFO  tests.TestBase - Login with valid data: email - kate@gmail.com, password - Kkate12345$
21:25:05.417  INFO  manager.ListenerWD - Before find element --> By.cssSelector: a[href='/login']
21:25:05.423  INFO  manager.ListenerWD - After find element --> By.cssSelector: a[href='/login']
21:25:05.484  INFO  manager.ListenerWD - Before find element --> By.cssSelector: input[name='email']
21:25:05.490  INFO  manager.ListenerWD - After find element --> By.cssSelector: input[name='email']
21:25:05.608  INFO  manager.ListenerWD - Before find element --> By.cssSelector: input[name='password']
21:25:05.614  INFO  manager.ListenerWD - After find element --> By.cssSelector: input[name='password']
21:25:05.719  INFO  manager.ListenerWD - Before find element --> By.cssSelector: button[name='login']
21:25:05.725  INFO  manager.ListenerWD - After find element --> By.cssSelector: button[name='login']
21:25:05.790  INFO  manager.ListenerWD - Before find elements --> By.xpath: //button[text()='Sign Out']
21:25:06.112  INFO  manager.ListenerWD - After find elements --> By.xpath: //button[text()='Sign Out']
21:25:06.112  INFO  manager.ListenerWD - List size is --> 1
21:25:06.112  INFO  tests.TestBase - Test passed with success
21:25:06.112  INFO  manager.ListenerTNG - onTestSuccess name --> loginSuccess
21:25:06.112  INFO  tests.TestBase - The name of method is -->loginSuccess2
21:25:06.113  INFO  manager.ListenerWD - Before find elements --> By.xpath: //button[text()='Sign Out']
21:25:06.118  INFO  manager.ListenerWD - After find elements --> By.xpath: //button[text()='Sign Out']
21:25:06.118  INFO  manager.ListenerWD - List size is --> 1
21:25:06.119  INFO  manager.ListenerWD - Before find element --> By.xpath: //button[text()='Sign Out']
21:25:06.124  INFO  manager.ListenerWD - After find element --> By.xpath: //button[text()='Sign Out']
21:25:06.184  INFO  tests.TestBase - Need logout
21:25:06.184  INFO  manager.ListenerTNG - onTestStart name --> loginSuccess2
21:25:06.185  INFO  tests.TestBase - Login with valid data: email - kate@gmail.com, password - Kkate12345$
21:25:06.185  INFO  manager.ListenerWD - Before find element --> By.cssSelector: a[href='/login']
21:25:06.191  INFO  manager.ListenerWD - After find element --> By.cssSelector: a[href='/login']
21:25:06.249  INFO  manager.ListenerWD - Before find element --> By.cssSelector: input[name='email']
21:25:06.256  INFO  manager.ListenerWD - After find element --> By.cssSelector: input[name='email']
21:25:06.382  INFO  manager.ListenerWD - Before find element --> By.cssSelector: input[name='password']
21:25:06.388  INFO  manager.ListenerWD - After find element --> By.cssSelector: input[name='password']
21:25:06.517  INFO  manager.ListenerWD - Before find element --> By.cssSelector: button[name='login']
21:25:06.523  INFO  manager.ListenerWD - After find element --> By.cssSelector: button[name='login']
21:25:06.583  INFO  manager.ListenerWD - Before find elements --> By.xpath: //button[text()='Sign Out']
21:25:06.907  INFO  manager.ListenerWD - After find elements --> By.xpath: //button[text()='Sign Out']
21:25:06.907  INFO  manager.ListenerWD - List size is --> 1
21:25:06.907  INFO  tests.TestBase - Test passed with success
21:25:06.908  INFO  manager.ListenerTNG - onTestSuccess name --> loginSuccess2
21:25:06.908  INFO  tests.TestBase - The name of method is -->loginSuccess2
21:25:06.908  INFO  manager.ListenerWD - Before find elements --> By.xpath: //button[text()='Sign Out']
21:25:06.914  INFO  manager.ListenerWD - After find elements --> By.xpath: //button[text()='Sign Out']
21:25:06.914  INFO  manager.ListenerWD - List size is --> 1
21:25:06.914  INFO  manager.ListenerWD - Before find element --> By.xpath: //button[text()='Sign Out']
21:25:06.919  INFO  manager.ListenerWD - After find element --> By.xpath: //button[text()='Sign Out']
21:25:06.969  INFO  tests.TestBase - Need logout
21:25:06.969  INFO  manager.ListenerTNG - onTestStart name --> loginSuccess2
21:25:06.969  INFO  tests.TestBase - Login with valid data: email - kate@gmail.com, password - Kkate12345$
21:25:06.970  INFO  manager.ListenerWD - Before find element --> By.cssSelector: a[href='/login']
21:25:06.976  INFO  manager.ListenerWD - After find element --> By.cssSelector: a[href='/login']
21:25:07.039  INFO  manager.ListenerWD - Before find element --> By.cssSelector: input[name='email']
21:25:07.045  INFO  manager.ListenerWD - After find element --> By.cssSelector: input[name='email']
21:25:07.169  INFO  manager.ListenerWD - Before find element --> By.cssSelector: input[name='password']
21:25:07.175  INFO  manager.ListenerWD - After find element --> By.cssSelector: input[name='password']
21:25:07.304  INFO  manager.ListenerWD - Before find element --> By.cssSelector: button[name='login']
21:25:07.311  INFO  manager.ListenerWD - After find element --> By.cssSelector: button[name='login']
21:25:07.368  INFO  manager.ListenerWD - Before find elements --> By.xpath: //button[text()='Sign Out']
21:25:07.691  INFO  manager.ListenerWD - After find elements --> By.xpath: //button[text()='Sign Out']
21:25:07.691  INFO  manager.ListenerWD - List size is --> 1
21:25:07.691  INFO  tests.TestBase - Test passed with success
21:25:07.691  INFO  manager.ListenerTNG - onTestSuccess name --> loginSuccess2
21:25:07.692  INFO  tests.TestBase - The name of method is -->loginSuccess2
21:25:07.692  INFO  manager.ListenerWD - Before find elements --> By.xpath: //button[text()='Sign Out']
21:25:07.697  INFO  manager.ListenerWD - After find elements --> By.xpath: //button[text()='Sign Out']
21:25:07.697  INFO  manager.ListenerWD - List size is --> 1
21:25:07.697  INFO  manager.ListenerWD - Before find element --> By.xpath: //button[text()='Sign Out']
21:25:07.703  INFO  manager.ListenerWD - After find element --> By.xpath: //button[text()='Sign Out']
21:25:07.770  INFO  tests.TestBase - Need logout
21:25:07.771  INFO  manager.ListenerTNG - onTestStart name --> loginSuccess2
21:25:07.771  INFO  tests.TestBase - Login with valid data: email - kate@gmail.com, password - Kkate12345$
21:25:07.771  INFO  manager.ListenerWD - Before find element --> By.cssSelector: a[href='/login']
21:25:07.777  INFO  manager.ListenerWD - After find element --> By.cssSelector: a[href='/login']
21:25:07.841  INFO  manager.ListenerWD - Before find element --> By.cssSelector: input[name='email']
21:25:07.847  INFO  manager.ListenerWD - After find element --> By.cssSelector: input[name='email']
21:25:07.965  INFO  manager.ListenerWD - Before find element --> By.cssSelector: input[name='password']
21:25:07.971  INFO  manager.ListenerWD - After find element --> By.cssSelector: input[name='password']
21:25:08.095  INFO  manager.ListenerWD - Before find element --> By.cssSelector: button[name='login']
21:25:08.102  INFO  manager.ListenerWD - After find element --> By.cssSelector: button[name='login']
21:25:08.168  INFO  manager.ListenerWD - Before find elements --> By.xpath: //button[text()='Sign Out']
21:25:08.491  INFO  manager.ListenerWD - After find elements --> By.xpath: //button[text()='Sign Out']
21:25:08.491  INFO  manager.ListenerWD - List size is --> 1
21:25:08.491  INFO  tests.TestBase - Test passed with success
21:25:08.491  INFO  manager.ListenerTNG - onTestSuccess name --> loginSuccess2
21:25:08.492  INFO  tests.TestBase - The name of method is -->loginSuccess2
21:25:08.492  INFO  manager.ListenerWD - Before find elements --> By.xpath: //button[text()='Sign Out']
21:25:08.498  INFO  manager.ListenerWD - After find elements --> By.xpath: //button[text()='Sign Out']
21:25:08.498  INFO  manager.ListenerWD - List size is --> 1
21:25:08.498  INFO  manager.ListenerWD - Before find element --> By.xpath: //button[text()='Sign Out']
21:25:08.503  INFO  manager.ListenerWD - After find element --> By.xpath: //button[text()='Sign Out']
21:25:08.565  INFO  tests.TestBase - Need logout
21:25:08.566  INFO  manager.ListenerTNG - onTestStart name --> loginSuccess2
21:25:08.569  INFO  tests.TestBase - Login with valid data: User(email=kate@gmail.com, password=Kkate12345$)
21:25:08.569  INFO  manager.ListenerWD - Before find element --> By.cssSelector: a[href='/login']
21:25:08.575  INFO  manager.ListenerWD - After find element --> By.cssSelector: a[href='/login']
21:25:08.635  INFO  manager.ListenerWD - Before find element --> By.cssSelector: input[name='email']
21:25:08.641  INFO  manager.ListenerWD - After find element --> By.cssSelector: input[name='email']
21:25:08.764  INFO  manager.ListenerWD - Before find element --> By.cssSelector: input[name='password']
21:25:08.770  INFO  manager.ListenerWD - After find element --> By.cssSelector: input[name='password']
21:25:08.907  INFO  manager.ListenerWD - Before find element --> By.cssSelector: button[name='login']
21:25:08.913  INFO  manager.ListenerWD - After find element --> By.cssSelector: button[name='login']
21:25:08.972  INFO  manager.ListenerWD - Before find elements --> By.xpath: //button[text()='Sign Out']
21:25:09.295  INFO  manager.ListenerWD - After find elements --> By.xpath: //button[text()='Sign Out']
21:25:09.295  INFO  manager.ListenerWD - List size is --> 1
21:25:09.295  INFO  tests.TestBase - Test passed with success
21:25:09.295  INFO  manager.ListenerTNG - onTestSuccess name --> loginSuccess2
21:25:09.296  INFO  tests.TestBase - The name of method is -->loginSuccessModelFormFile
21:25:09.296  INFO  manager.ListenerWD - Before find elements --> By.xpath: //button[text()='Sign Out']
21:25:09.302  INFO  manager.ListenerWD - After find elements --> By.xpath: //button[text()='Sign Out']
21:25:09.302  INFO  manager.ListenerWD - List size is --> 1
21:25:09.302  INFO  manager.ListenerWD - Before find element --> By.xpath: //button[text()='Sign Out']
21:25:09.307  INFO  manager.ListenerWD - After find element --> By.xpath: //button[text()='Sign Out']
21:25:09.372  INFO  tests.TestBase - Need logout
21:25:09.372  INFO  manager.ListenerTNG - onTestStart name --> loginSuccessModelFormFile
21:25:09.373  INFO  tests.TestBase - Login with valid data: User(email=kate@gmail.com, password=Kkate12345$)
21:25:09.373  INFO  manager.ListenerWD - Before find element --> By.cssSelector: a[href='/login']
21:25:09.380  INFO  manager.ListenerWD - After find element --> By.cssSelector: a[href='/login']
21:25:09.445  INFO  manager.ListenerWD - Before find element --> By.cssSelector: input[name='email']
21:25:09.451  INFO  manager.ListenerWD - After find element --> By.cssSelector: input[name='email']
21:25:09.584  INFO  manager.ListenerWD - Before find element --> By.cssSelector: input[name='password']
21:25:09.591  INFO  manager.ListenerWD - After find element --> By.cssSelector: input[name='password']
21:25:09.722  INFO  manager.ListenerWD - Before find element --> By.cssSelector: button[name='login']
21:25:09.729  INFO  manager.ListenerWD - After find element --> By.cssSelector: button[name='login']
21:25:09.802  INFO  manager.ListenerWD - Before find elements --> By.xpath: //button[text()='Sign Out']
21:25:10.125  INFO  manager.ListenerWD - After find elements --> By.xpath: //button[text()='Sign Out']
21:25:10.125  INFO  manager.ListenerWD - List size is --> 1
21:25:10.125  INFO  tests.TestBase - Test passed with success
21:25:10.125  INFO  manager.ListenerTNG - onTestSuccess name --> loginSuccessModelFormFile
21:25:10.126  INFO  tests.TestBase - The name of method is -->loginUnregisteredUser
21:25:10.126  INFO  manager.ListenerWD - Before find elements --> By.xpath: //button[text()='Sign Out']
21:25:10.131  INFO  manager.ListenerWD - After find elements --> By.xpath: //button[text()='Sign Out']
21:25:10.131  INFO  manager.ListenerWD - List size is --> 1
21:25:10.132  INFO  manager.ListenerWD - Before find element --> By.xpath: //button[text()='Sign Out']
21:25:10.137  INFO  manager.ListenerWD - After find element --> By.xpath: //button[text()='Sign Out']
21:25:10.201  INFO  tests.TestBase - Need logout
21:25:10.201  INFO  manager.ListenerTNG - onTestStart name --> loginUnregisteredUser
21:25:10.201  INFO  tests.TestBase - Test starts with email: sddffhgj@gmail.com
21:25:10.201  INFO  manager.ListenerWD - Before find element --> By.cssSelector: a[href='/login']
21:25:10.208  INFO  manager.ListenerWD - After find element --> By.cssSelector: a[href='/login']
21:25:10.269  INFO  manager.ListenerWD - Before find element --> By.cssSelector: input[name='email']
21:25:10.275  INFO  manager.ListenerWD - After find element --> By.cssSelector: input[name='email']
21:25:10.399  INFO  manager.ListenerWD - Before find element --> By.cssSelector: input[name='password']
21:25:10.405  INFO  manager.ListenerWD - After find element --> By.cssSelector: input[name='password']
21:25:10.546  INFO  manager.ListenerWD - Before find element --> By.cssSelector: button[name='login']
21:25:10.552  INFO  manager.ListenerWD - After find element --> By.cssSelector: button[name='login']
21:25:10.613  INFO  manager.ListenerWD - Before find elements --> By.xpath: //button[text()='Sign Out']
21:25:11.039  INFO  manager.ListenerWD - After find elements --> By.xpath: //button[text()='Sign Out']
21:25:11.039  INFO  manager.ListenerWD - List size is --> 0
21:25:11.044  INFO  tests.TestBase - Test passed with success
21:25:11.044  INFO  manager.ListenerTNG - onTestSuccess name --> loginUnregisteredUser
21:25:11.044  INFO  tests.TestBase - The name of method is -->loginWrongEmail
21:25:11.045  INFO  manager.ListenerWD - Before find elements --> By.xpath: //button[text()='Sign Out']
21:25:16.062  INFO  manager.ListenerWD - After find elements --> By.xpath: //button[text()='Sign Out']
21:25:16.062  INFO  manager.ListenerWD - List size is --> 0
21:25:16.062  INFO  manager.ListenerTNG - onTestStart name --> loginWrongEmail
21:25:16.063  INFO  tests.TestBase - Test starts with email: kateagmail.com
21:25:16.063  INFO  manager.ListenerWD - Before find element --> By.cssSelector: a[href='/login']
21:25:16.069  INFO  manager.ListenerWD - After find element --> By.cssSelector: a[href='/login']
21:25:16.090  INFO  manager.ListenerWD - Before find element --> By.cssSelector: input[name='email']
21:25:16.097  INFO  manager.ListenerWD - After find element --> By.cssSelector: input[name='email']
21:25:16.241  INFO  manager.ListenerWD - Before find element --> By.cssSelector: input[name='password']
21:25:16.247  INFO  manager.ListenerWD - After find element --> By.cssSelector: input[name='password']
21:25:16.376  INFO  manager.ListenerWD - Before find element --> By.cssSelector: button[name='login']
21:25:16.382  INFO  manager.ListenerWD - After find element --> By.cssSelector: button[name='login']
21:25:16.451  INFO  manager.ListenerWD - Before find elements --> By.xpath: //button[text()='Sign Out']
21:25:16.876  INFO  manager.ListenerWD - After find elements --> By.xpath: //button[text()='Sign Out']
21:25:16.876  INFO  manager.ListenerWD - List size is --> 0
21:25:16.882  INFO  tests.TestBase - Test passed with success
21:25:16.883  INFO  manager.ListenerTNG - onTestSuccess name --> loginWrongEmail
21:25:16.883  INFO  tests.TestBase - The name of method is -->loginWrongPassword
21:25:16.883  INFO  manager.ListenerWD - Before find elements --> By.xpath: //button[text()='Sign Out']
21:25:21.926  INFO  manager.ListenerWD - After find elements --> By.xpath: //button[text()='Sign Out']
21:25:21.927  INFO  manager.ListenerWD - List size is --> 0
21:25:21.927  INFO  manager.ListenerTNG - onTestStart name --> loginWrongPassword
21:25:21.927  INFO  tests.TestBase - Test starts with password: ka123
21:25:21.927  INFO  manager.ListenerWD - Before find element --> By.cssSelector: a[href='/login']
21:25:21.933  INFO  manager.ListenerWD - After find element --> By.cssSelector: a[href='/login']
21:25:21.956  INFO  manager.ListenerWD - Before find element --> By.cssSelector: input[name='email']
21:25:21.962  INFO  manager.ListenerWD - After find element --> By.cssSelector: input[name='email']
21:25:22.038  INFO  manager.ListenerWD - Before find element --> By.cssSelector: input[name='password']
21:25:22.044  INFO  manager.ListenerWD - After find element --> By.cssSelector: input[name='password']
21:25:22.114  INFO  manager.ListenerWD - Before find element --> By.cssSelector: button[name='login']
21:25:22.120  INFO  manager.ListenerWD - After find element --> By.cssSelector: button[name='login']
21:25:22.151  INFO  manager.ListenerWD - Before find elements --> By.xpath: //button[text()='Sign Out']
21:25:22.576  INFO  manager.ListenerWD - After find elements --> By.xpath: //button[text()='Sign Out']
21:25:22.576  INFO  manager.ListenerWD - List size is --> 0
21:25:22.581  INFO  tests.TestBase - Test passed with success
21:25:22.581  INFO  manager.ListenerTNG - onTestSuccess name --> loginWrongPassword
21:25:22.581  INFO  manager.ListenerTNG - onFinish name --> Nopackage
